{"/Users/wangliangjing/WebstormProjects/redux-heaven/src/Model.js": {"path":"/Users/wangliangjing/WebstormProjects/redux-heaven/src/Model.js","statementMap":{"0":{"start":{"line":36,"column":21},"end":{"line":36,"column":45}},"1":{"start":{"line":37,"column":2},"end":{"line":47,"column":4}},"2":{"start":{"line":51,"column":14},"end":{"line":637,"column":1}},"3":{"start":{"line":60,"column":4},"end":{"line":60,"column":43}},"4":{"start":{"line":64,"column":4},"end":{"line":64,"column":33}},"5":{"start":{"line":64,"column":23},"end":{"line":64,"column":33}},"6":{"start":{"line":65,"column":4},"end":{"line":65,"column":56}},"7":{"start":{"line":69,"column":4},"end":{"line":69,"column":36}},"8":{"start":{"line":78,"column":4},"end":{"line":78,"column":64}},"9":{"start":{"line":82,"column":4},"end":{"line":82,"column":67}},"10":{"start":{"line":92,"column":4},"end":{"line":94,"column":5}},"11":{"start":{"line":93,"column":6},"end":{"line":93,"column":69}},"12":{"start":{"line":96,"column":4},"end":{"line":96,"column":28}},"13":{"start":{"line":106,"column":4},"end":{"line":106,"column":25}},"14":{"start":{"line":110,"column":4},"end":{"line":110,"column":30}},"15":{"start":{"line":114,"column":4},"end":{"line":114,"column":29}},"16":{"start":{"line":115,"column":4},"end":{"line":115,"column":28}},"17":{"start":{"line":119,"column":4},"end":{"line":119,"column":30}},"18":{"start":{"line":127,"column":4},"end":{"line":127,"column":30}},"19":{"start":{"line":131,"column":4},"end":{"line":131,"column":28}},"20":{"start":{"line":135,"column":4},"end":{"line":135,"column":40}},"21":{"start":{"line":137,"column":4},"end":{"line":151,"column":7}},"22":{"start":{"line":143,"column":6},"end":{"line":150,"column":7}},"23":{"start":{"line":144,"column":8},"end":{"line":149,"column":11}},"24":{"start":{"line":145,"column":21},"end":{"line":145,"column":51}},"25":{"start":{"line":146,"column":24},"end":{"line":146,"column":50}},"26":{"start":{"line":159,"column":22},"end":{"line":159,"column":37}},"27":{"start":{"line":160,"column":19},"end":{"line":160,"column":35}},"28":{"start":{"line":161,"column":26},"end":{"line":161,"column":49}},"29":{"start":{"line":163,"column":4},"end":{"line":204,"column":7}},"30":{"start":{"line":164,"column":22},"end":{"line":164,"column":50}},"31":{"start":{"line":165,"column":20},"end":{"line":165,"column":39}},"32":{"start":{"line":166,"column":21},"end":{"line":166,"column":36}},"33":{"start":{"line":169,"column":31},"end":{"line":169,"column":58}},"34":{"start":{"line":170,"column":24},"end":{"line":170,"column":46}},"35":{"start":{"line":172,"column":6},"end":{"line":174,"column":7}},"36":{"start":{"line":173,"column":8},"end":{"line":173,"column":124}},"37":{"start":{"line":176,"column":31},"end":{"line":176,"column":95}},"38":{"start":{"line":177,"column":27},"end":{"line":177,"column":62}},"39":{"start":{"line":182,"column":6},"end":{"line":186,"column":7}},"40":{"start":{"line":183,"column":8},"end":{"line":183,"column":65}},"41":{"start":{"line":185,"column":8},"end":{"line":185,"column":65}},"42":{"start":{"line":188,"column":25},"end":{"line":190,"column":45}},"43":{"start":{"line":189,"column":8},"end":{"line":189,"column":58}},"44":{"start":{"line":190,"column":32},"end":{"line":190,"column":44}},"45":{"start":{"line":192,"column":26},"end":{"line":192,"column":72}},"46":{"start":{"line":194,"column":6},"end":{"line":203,"column":7}},"47":{"start":{"line":195,"column":28},"end":{"line":195,"column":46}},"48":{"start":{"line":196,"column":25},"end":{"line":196,"column":40}},"49":{"start":{"line":197,"column":8},"end":{"line":199,"column":9}},"50":{"start":{"line":198,"column":10},"end":{"line":198,"column":44}},"51":{"start":{"line":200,"column":8},"end":{"line":202,"column":9}},"52":{"start":{"line":201,"column":10},"end":{"line":201,"column":38}},"53":{"start":{"line":217,"column":16},"end":{"line":217,"column":32}},"54":{"start":{"line":218,"column":25},"end":{"line":218,"column":27}},"55":{"start":{"line":222,"column":4},"end":{"line":222,"column":76}},"56":{"start":{"line":224,"column":4},"end":{"line":295,"column":7}},"57":{"start":{"line":225,"column":35},"end":{"line":225,"column":70}},"58":{"start":{"line":226,"column":29},"end":{"line":226,"column":49}},"59":{"start":{"line":228,"column":6},"end":{"line":232,"column":7}},"60":{"start":{"line":229,"column":8},"end":{"line":229,"column":82}},"61":{"start":{"line":231,"column":8},"end":{"line":231,"column":52}},"62":{"start":{"line":236,"column":6},"end":{"line":241,"column":7}},"63":{"start":{"line":237,"column":8},"end":{"line":240,"column":10}},"64":{"start":{"line":243,"column":6},"end":{"line":249,"column":7}},"65":{"start":{"line":244,"column":8},"end":{"line":244,"column":84}},"66":{"start":{"line":245,"column":13},"end":{"line":249,"column":7}},"67":{"start":{"line":248,"column":8},"end":{"line":248,"column":48}},"68":{"start":{"line":251,"column":26},"end":{"line":251,"column":51}},"69":{"start":{"line":252,"column":25},"end":{"line":252,"column":50}},"70":{"start":{"line":253,"column":6},"end":{"line":255,"column":7}},"71":{"start":{"line":254,"column":8},"end":{"line":254,"column":78}},"72":{"start":{"line":258,"column":6},"end":{"line":263,"column":7}},"73":{"start":{"line":259,"column":8},"end":{"line":259,"column":49}},"74":{"start":{"line":260,"column":8},"end":{"line":260,"column":54}},"75":{"start":{"line":262,"column":8},"end":{"line":262,"column":15}},"76":{"start":{"line":265,"column":6},"end":{"line":269,"column":7}},"77":{"start":{"line":266,"column":8},"end":{"line":266,"column":54}},"78":{"start":{"line":268,"column":8},"end":{"line":268,"column":15}},"79":{"start":{"line":273,"column":6},"end":{"line":294,"column":7}},"80":{"start":{"line":274,"column":8},"end":{"line":274,"column":103}},"81":{"start":{"line":276,"column":33},"end":{"line":276,"column":71}},"82":{"start":{"line":277,"column":8},"end":{"line":280,"column":10}},"83":{"start":{"line":282,"column":8},"end":{"line":282,"column":42}},"84":{"start":{"line":285,"column":8},"end":{"line":285,"column":76}},"85":{"start":{"line":286,"column":13},"end":{"line":294,"column":7}},"86":{"start":{"line":287,"column":8},"end":{"line":290,"column":10}},"87":{"start":{"line":293,"column":8},"end":{"line":293,"column":40}},"88":{"start":{"line":297,"column":21},"end":{"line":301,"column":6}},"89":{"start":{"line":303,"column":23},"end":{"line":303,"column":27}},"90":{"start":{"line":304,"column":21},"end":{"line":304,"column":45}},"91":{"start":{"line":307,"column":4},"end":{"line":307,"column":45}},"92":{"start":{"line":309,"column":4},"end":{"line":309,"column":20}},"93":{"start":{"line":322,"column":19},"end":{"line":322,"column":35}},"94":{"start":{"line":323,"column":4},"end":{"line":327,"column":5}},"95":{"start":{"line":324,"column":20},"end":{"line":324,"column":50}},"96":{"start":{"line":325,"column":6},"end":{"line":325,"column":30}},"97":{"start":{"line":326,"column":6},"end":{"line":326,"column":19}},"98":{"start":{"line":329,"column":4},"end":{"line":329,"column":34}},"99":{"start":{"line":342,"column":4},"end":{"line":344,"column":5}},"100":{"start":{"line":343,"column":6},"end":{"line":343,"column":28}},"101":{"start":{"line":346,"column":23},"end":{"line":346,"column":27}},"102":{"start":{"line":347,"column":17},"end":{"line":347,"column":72}},"103":{"start":{"line":349,"column":4},"end":{"line":349,"column":35}},"104":{"start":{"line":360,"column":17},"end":{"line":360,"column":66}},"105":{"start":{"line":361,"column":4},"end":{"line":361,"column":29}},"106":{"start":{"line":365,"column":23},"end":{"line":365,"column":27}},"107":{"start":{"line":366,"column":4},"end":{"line":376,"column":14}},"108":{"start":{"line":388,"column":23},"end":{"line":388,"column":27}},"109":{"start":{"line":390,"column":17},"end":{"line":390,"column":49}},"110":{"start":{"line":392,"column":4},"end":{"line":396,"column":5}},"111":{"start":{"line":393,"column":6},"end":{"line":393,"column":74}},"112":{"start":{"line":394,"column":11},"end":{"line":396,"column":5}},"113":{"start":{"line":395,"column":6},"end":{"line":395,"column":91}},"114":{"start":{"line":398,"column":4},"end":{"line":398,"column":35}},"115":{"start":{"line":409,"column":4},"end":{"line":409,"column":28}},"116":{"start":{"line":413,"column":4},"end":{"line":413,"column":19}},"117":{"start":{"line":421,"column":4},"end":{"line":421,"column":60}},"118":{"start":{"line":431,"column":23},"end":{"line":431,"column":38}},"119":{"start":{"line":434,"column":4},"end":{"line":436,"column":10}},"120":{"start":{"line":445,"column":22},"end":{"line":445,"column":37}},"121":{"start":{"line":446,"column":22},"end":{"line":446,"column":41}},"122":{"start":{"line":447,"column":23},"end":{"line":447,"column":52}},"123":{"start":{"line":448,"column":19},"end":{"line":458,"column":17}},"124":{"start":{"line":449,"column":20},"end":{"line":449,"column":47}},"125":{"start":{"line":450,"column":6},"end":{"line":455,"column":7}},"126":{"start":{"line":451,"column":20},"end":{"line":453,"column":9}},"127":{"start":{"line":452,"column":19},"end":{"line":452,"column":32}},"128":{"start":{"line":454,"column":8},"end":{"line":454,"column":51}},"129":{"start":{"line":456,"column":18},"end":{"line":456,"column":48}},"130":{"start":{"line":457,"column":6},"end":{"line":457,"column":36}},"131":{"start":{"line":459,"column":4},"end":{"line":459,"column":39}},"132":{"start":{"line":471,"column":4},"end":{"line":471,"column":79}},"133":{"start":{"line":483,"column":4},"end":{"line":483,"column":43}},"134":{"start":{"line":494,"column":19},"end":{"line":494,"column":77}},"135":{"start":{"line":497,"column":4},"end":{"line":545,"column":5}},"136":{"start":{"line":498,"column":24},"end":{"line":498,"column":31}},"137":{"start":{"line":499,"column":6},"end":{"line":499,"column":22}},"138":{"start":{"line":501,"column":23},"end":{"line":501,"column":27}},"139":{"start":{"line":502,"column":26},"end":{"line":502,"column":28}},"140":{"start":{"line":503,"column":6},"end":{"line":531,"column":19}},"141":{"start":{"line":504,"column":8},"end":{"line":504,"column":29}},"142":{"start":{"line":506,"column":8},"end":{"line":530,"column":9}},"143":{"start":{"line":507,"column":10},"end":{"line":507,"column":28}},"144":{"start":{"line":509,"column":10},"end":{"line":509,"column":44}},"145":{"start":{"line":512,"column":10},"end":{"line":524,"column":11}},"146":{"start":{"line":513,"column":12},"end":{"line":523,"column":13}},"147":{"start":{"line":514,"column":32},"end":{"line":514,"column":69}},"148":{"start":{"line":516,"column":14},"end":{"line":520,"column":16}},"149":{"start":{"line":522,"column":14},"end":{"line":522,"column":29}},"150":{"start":{"line":526,"column":10},"end":{"line":526,"column":35}},"151":{"start":{"line":527,"column":10},"end":{"line":527,"column":33}},"152":{"start":{"line":529,"column":10},"end":{"line":529,"column":22}},"153":{"start":{"line":532,"column":11},"end":{"line":545,"column":5}},"154":{"start":{"line":533,"column":6},"end":{"line":540,"column":7}},"155":{"start":{"line":534,"column":8},"end":{"line":539,"column":9}},"156":{"start":{"line":535,"column":10},"end":{"line":538,"column":12}},"157":{"start":{"line":542,"column":6},"end":{"line":542,"column":45}},"158":{"start":{"line":544,"column":6},"end":{"line":544,"column":94}},"159":{"start":{"line":548,"column":22},"end":{"line":548,"column":38}},"160":{"start":{"line":550,"column":19},"end":{"line":550,"column":35}},"161":{"start":{"line":551,"column":26},"end":{"line":551,"column":49}},"162":{"start":{"line":552,"column":25},"end":{"line":552,"column":27}},"163":{"start":{"line":567,"column":4},"end":{"line":588,"column":5}},"164":{"start":{"line":568,"column":6},"end":{"line":587,"column":7}},"165":{"start":{"line":569,"column":22},"end":{"line":569,"column":40}},"166":{"start":{"line":571,"column":8},"end":{"line":578,"column":9}},"167":{"start":{"line":573,"column":10},"end":{"line":573,"column":71}},"168":{"start":{"line":574,"column":15},"end":{"line":578,"column":9}},"169":{"start":{"line":576,"column":10},"end":{"line":576,"column":58}},"170":{"start":{"line":577,"column":10},"end":{"line":577,"column":38}},"171":{"start":{"line":579,"column":13},"end":{"line":587,"column":7}},"172":{"start":{"line":580,"column":22},"end":{"line":580,"column":47}},"173":{"start":{"line":582,"column":8},"end":{"line":586,"column":9}},"174":{"start":{"line":584,"column":10},"end":{"line":584,"column":58}},"175":{"start":{"line":585,"column":10},"end":{"line":585,"column":38}},"176":{"start":{"line":591,"column":4},"end":{"line":591,"column":70}},"177":{"start":{"line":594,"column":4},"end":{"line":594,"column":41}},"178":{"start":{"line":596,"column":4},"end":{"line":599,"column":7}},"179":{"start":{"line":609,"column":4},"end":{"line":609,"column":21}},"180":{"start":{"line":610,"column":4},"end":{"line":613,"column":7}},"181":{"start":{"line":617,"column":26},"end":{"line":617,"column":55}},"182":{"start":{"line":618,"column":4},"end":{"line":635,"column":5}},"183":{"start":{"line":619,"column":20},"end":{"line":619,"column":38}},"184":{"start":{"line":620,"column":6},"end":{"line":634,"column":7}},"185":{"start":{"line":622,"column":8},"end":{"line":622,"column":26}},"186":{"start":{"line":623,"column":13},"end":{"line":634,"column":7}},"187":{"start":{"line":624,"column":26},"end":{"line":624,"column":35}},"188":{"start":{"line":625,"column":8},"end":{"line":627,"column":9}},"189":{"start":{"line":626,"column":10},"end":{"line":626,"column":63}},"190":{"start":{"line":628,"column":13},"end":{"line":634,"column":7}},"191":{"start":{"line":631,"column":8},"end":{"line":633,"column":9}},"192":{"start":{"line":632,"column":10},"end":{"line":632,"column":51}}},"fnMap":{"0":{"name":"getByIdQuery","decl":{"start":{"line":35,"column":9},"end":{"line":35,"column":21}},"loc":{"start":{"line":35,"column":38},"end":{"line":48,"column":1}},"line":35},"1":{"name":"(anonymous_1)","decl":{"start":{"line":59,"column":2},"end":{"line":59,"column":3}},"loc":{"start":{"line":59,"column":21},"end":{"line":61,"column":3}},"line":59},"2":{"name":"(anonymous_2)","decl":{"start":{"line":63,"column":2},"end":{"line":63,"column":3}},"loc":{"start":{"line":63,"column":29},"end":{"line":66,"column":3}},"line":63},"3":{"name":"(anonymous_3)","decl":{"start":{"line":68,"column":2},"end":{"line":68,"column":3}},"loc":{"start":{"line":68,"column":25},"end":{"line":70,"column":3}},"line":68},"4":{"name":"(anonymous_4)","decl":{"start":{"line":77,"column":2},"end":{"line":77,"column":3}},"loc":{"start":{"line":77,"column":28},"end":{"line":79,"column":3}},"line":77},"5":{"name":"(anonymous_5)","decl":{"start":{"line":81,"column":2},"end":{"line":81,"column":3}},"loc":{"start":{"line":81,"column":31},"end":{"line":83,"column":3}},"line":81},"6":{"name":"(anonymous_6)","decl":{"start":{"line":91,"column":2},"end":{"line":91,"column":3}},"loc":{"start":{"line":91,"column":27},"end":{"line":97,"column":3}},"line":91},"7":{"name":"(anonymous_7)","decl":{"start":{"line":105,"column":2},"end":{"line":105,"column":3}},"loc":{"start":{"line":105,"column":24},"end":{"line":107,"column":3}},"line":105},"8":{"name":"(anonymous_8)","decl":{"start":{"line":109,"column":2},"end":{"line":109,"column":3}},"loc":{"start":{"line":109,"column":24},"end":{"line":111,"column":3}},"line":109},"9":{"name":"(anonymous_9)","decl":{"start":{"line":113,"column":2},"end":{"line":113,"column":3}},"loc":{"start":{"line":113,"column":28},"end":{"line":116,"column":3}},"line":113},"10":{"name":"(anonymous_10)","decl":{"start":{"line":118,"column":2},"end":{"line":118,"column":3}},"loc":{"start":{"line":118,"column":22},"end":{"line":120,"column":3}},"line":118},"11":{"name":"(anonymous_11)","decl":{"start":{"line":126,"column":2},"end":{"line":126,"column":3}},"loc":{"start":{"line":126,"column":16},"end":{"line":128,"column":3}},"line":126},"12":{"name":"(anonymous_12)","decl":{"start":{"line":130,"column":2},"end":{"line":130,"column":3}},"loc":{"start":{"line":130,"column":23},"end":{"line":132,"column":3}},"line":130},"13":{"name":"(anonymous_13)","decl":{"start":{"line":134,"column":2},"end":{"line":134,"column":3}},"loc":{"start":{"line":134,"column":22},"end":{"line":152,"column":3}},"line":134},"14":{"name":"(anonymous_14)","decl":{"start":{"line":137,"column":19},"end":{"line":137,"column":20}},"loc":{"start":{"line":137,"column":46},"end":{"line":151,"column":5}},"line":137},"15":{"name":"(anonymous_15)","decl":{"start":{"line":145,"column":15},"end":{"line":145,"column":16}},"loc":{"start":{"line":145,"column":21},"end":{"line":145,"column":51}},"line":145},"16":{"name":"(anonymous_16)","decl":{"start":{"line":146,"column":15},"end":{"line":146,"column":16}},"loc":{"start":{"line":146,"column":24},"end":{"line":146,"column":50}},"line":146},"17":{"name":"(anonymous_17)","decl":{"start":{"line":158,"column":2},"end":{"line":158,"column":3}},"loc":{"start":{"line":158,"column":32},"end":{"line":205,"column":3}},"line":158},"18":{"name":"(anonymous_18)","decl":{"start":{"line":163,"column":35},"end":{"line":163,"column":36}},"loc":{"start":{"line":163,"column":45},"end":{"line":204,"column":5}},"line":163},"19":{"name":"(anonymous_19)","decl":{"start":{"line":188,"column":45},"end":{"line":188,"column":46}},"loc":{"start":{"line":189,"column":8},"end":{"line":189,"column":58}},"line":189},"20":{"name":"(anonymous_20)","decl":{"start":{"line":190,"column":25},"end":{"line":190,"column":26}},"loc":{"start":{"line":190,"column":32},"end":{"line":190,"column":44}},"line":190},"21":{"name":"(anonymous_21)","decl":{"start":{"line":216,"column":2},"end":{"line":216,"column":3}},"loc":{"start":{"line":216,"column":28},"end":{"line":310,"column":3}},"line":216},"22":{"name":"(anonymous_22)","decl":{"start":{"line":224,"column":24},"end":{"line":224,"column":25}},"loc":{"start":{"line":224,"column":54},"end":{"line":295,"column":5}},"line":224},"23":{"name":"(anonymous_23)","decl":{"start":{"line":321,"column":2},"end":{"line":321,"column":3}},"loc":{"start":{"line":321,"column":28},"end":{"line":330,"column":3}},"line":321},"24":{"name":"(anonymous_24)","decl":{"start":{"line":341,"column":2},"end":{"line":341,"column":3}},"loc":{"start":{"line":341,"column":42},"end":{"line":350,"column":3}},"line":341},"25":{"name":"(anonymous_25)","decl":{"start":{"line":359,"column":2},"end":{"line":359,"column":3}},"loc":{"start":{"line":359,"column":20},"end":{"line":362,"column":3}},"line":359},"26":{"name":"(anonymous_26)","decl":{"start":{"line":364,"column":2},"end":{"line":364,"column":3}},"loc":{"start":{"line":364,"column":38},"end":{"line":377,"column":3}},"line":364},"27":{"name":"(anonymous_27)","decl":{"start":{"line":387,"column":2},"end":{"line":387,"column":3}},"loc":{"start":{"line":387,"column":25},"end":{"line":399,"column":3}},"line":387},"28":{"name":"(anonymous_28)","decl":{"start":{"line":408,"column":2},"end":{"line":408,"column":3}},"loc":{"start":{"line":408,"column":14},"end":{"line":410,"column":3}},"line":408},"29":{"name":"(anonymous_29)","decl":{"start":{"line":412,"column":2},"end":{"line":412,"column":3}},"loc":{"start":{"line":412,"column":15},"end":{"line":414,"column":3}},"line":412},"30":{"name":"(anonymous_30)","decl":{"start":{"line":420,"column":2},"end":{"line":420,"column":3}},"loc":{"start":{"line":420,"column":11},"end":{"line":422,"column":3}},"line":420},"31":{"name":"(anonymous_31)","decl":{"start":{"line":430,"column":2},"end":{"line":430,"column":3}},"loc":{"start":{"line":430,"column":13},"end":{"line":437,"column":3}},"line":430},"32":{"name":"(anonymous_32)","decl":{"start":{"line":444,"column":2},"end":{"line":444,"column":3}},"loc":{"start":{"line":444,"column":14},"end":{"line":460,"column":3}},"line":444},"33":{"name":"(anonymous_33)","decl":{"start":{"line":448,"column":34},"end":{"line":448,"column":35}},"loc":{"start":{"line":448,"column":49},"end":{"line":458,"column":5}},"line":448},"34":{"name":"(anonymous_34)","decl":{"start":{"line":452,"column":10},"end":{"line":452,"column":11}},"loc":{"start":{"line":452,"column":19},"end":{"line":452,"column":32}},"line":452},"35":{"name":"(anonymous_35)","decl":{"start":{"line":469,"column":2},"end":{"line":469,"column":3}},"loc":{"start":{"line":469,"column":22},"end":{"line":472,"column":3}},"line":469},"36":{"name":"(anonymous_36)","decl":{"start":{"line":482,"column":2},"end":{"line":482,"column":3}},"loc":{"start":{"line":482,"column":28},"end":{"line":484,"column":3}},"line":482},"37":{"name":"(anonymous_37)","decl":{"start":{"line":493,"column":2},"end":{"line":493,"column":3}},"loc":{"start":{"line":493,"column":26},"end":{"line":600,"column":3}},"line":493},"38":{"name":"(anonymous_38)","decl":{"start":{"line":503,"column":34},"end":{"line":503,"column":35}},"loc":{"start":{"line":503,"column":61},"end":{"line":531,"column":7}},"line":503},"39":{"name":"(anonymous_39)","decl":{"start":{"line":608,"column":2},"end":{"line":608,"column":3}},"loc":{"start":{"line":608,"column":12},"end":{"line":614,"column":3}},"line":608},"40":{"name":"(anonymous_40)","decl":{"start":{"line":616,"column":2},"end":{"line":616,"column":3}},"loc":{"start":{"line":616,"column":15},"end":{"line":636,"column":3}},"line":616}},"branchMap":{"0":{"loc":{"start":{"line":64,"column":4},"end":{"line":64,"column":33}},"type":"if","locations":[{"start":{"line":64,"column":4},"end":{"line":64,"column":33}},{"start":{"line":64,"column":4},"end":{"line":64,"column":33}}],"line":64},"1":{"loc":{"start":{"line":92,"column":4},"end":{"line":94,"column":5}},"type":"if","locations":[{"start":{"line":92,"column":4},"end":{"line":94,"column":5}},{"start":{"line":92,"column":4},"end":{"line":94,"column":5}}],"line":92},"2":{"loc":{"start":{"line":143,"column":6},"end":{"line":150,"column":7}},"type":"if","locations":[{"start":{"line":143,"column":6},"end":{"line":150,"column":7}},{"start":{"line":143,"column":6},"end":{"line":150,"column":7}}],"line":143},"3":{"loc":{"start":{"line":172,"column":6},"end":{"line":174,"column":7}},"type":"if","locations":[{"start":{"line":172,"column":6},"end":{"line":174,"column":7}},{"start":{"line":172,"column":6},"end":{"line":174,"column":7}}],"line":172},"4":{"loc":{"start":{"line":176,"column":31},"end":{"line":176,"column":95}},"type":"binary-expr","locations":[{"start":{"line":176,"column":31},"end":{"line":176,"column":44}},{"start":{"line":176,"column":48},"end":{"line":176,"column":95}}],"line":176},"5":{"loc":{"start":{"line":182,"column":6},"end":{"line":186,"column":7}},"type":"if","locations":[{"start":{"line":182,"column":6},"end":{"line":186,"column":7}},{"start":{"line":182,"column":6},"end":{"line":186,"column":7}}],"line":182},"6":{"loc":{"start":{"line":194,"column":6},"end":{"line":203,"column":7}},"type":"if","locations":[{"start":{"line":194,"column":6},"end":{"line":203,"column":7}},{"start":{"line":194,"column":6},"end":{"line":203,"column":7}}],"line":194},"7":{"loc":{"start":{"line":197,"column":8},"end":{"line":199,"column":9}},"type":"if","locations":[{"start":{"line":197,"column":8},"end":{"line":199,"column":9}},{"start":{"line":197,"column":8},"end":{"line":199,"column":9}}],"line":197},"8":{"loc":{"start":{"line":200,"column":8},"end":{"line":202,"column":9}},"type":"if","locations":[{"start":{"line":200,"column":8},"end":{"line":202,"column":9}},{"start":{"line":200,"column":8},"end":{"line":202,"column":9}}],"line":200},"9":{"loc":{"start":{"line":228,"column":6},"end":{"line":232,"column":7}},"type":"if","locations":[{"start":{"line":228,"column":6},"end":{"line":232,"column":7}},{"start":{"line":228,"column":6},"end":{"line":232,"column":7}}],"line":228},"10":{"loc":{"start":{"line":228,"column":10},"end":{"line":228,"column":86}},"type":"binary-expr","locations":[{"start":{"line":228,"column":10},"end":{"line":228,"column":45}},{"start":{"line":228,"column":49},"end":{"line":228,"column":86}}],"line":228},"11":{"loc":{"start":{"line":236,"column":6},"end":{"line":241,"column":7}},"type":"if","locations":[{"start":{"line":236,"column":6},"end":{"line":241,"column":7}},{"start":{"line":236,"column":6},"end":{"line":241,"column":7}}],"line":236},"12":{"loc":{"start":{"line":243,"column":6},"end":{"line":249,"column":7}},"type":"if","locations":[{"start":{"line":243,"column":6},"end":{"line":249,"column":7}},{"start":{"line":243,"column":6},"end":{"line":249,"column":7}}],"line":243},"13":{"loc":{"start":{"line":245,"column":13},"end":{"line":249,"column":7}},"type":"if","locations":[{"start":{"line":245,"column":13},"end":{"line":249,"column":7}},{"start":{"line":245,"column":13},"end":{"line":249,"column":7}}],"line":245},"14":{"loc":{"start":{"line":253,"column":6},"end":{"line":255,"column":7}},"type":"if","locations":[{"start":{"line":253,"column":6},"end":{"line":255,"column":7}},{"start":{"line":253,"column":6},"end":{"line":255,"column":7}}],"line":253},"15":{"loc":{"start":{"line":258,"column":6},"end":{"line":263,"column":7}},"type":"if","locations":[{"start":{"line":258,"column":6},"end":{"line":263,"column":7}},{"start":{"line":258,"column":6},"end":{"line":263,"column":7}}],"line":258},"16":{"loc":{"start":{"line":265,"column":6},"end":{"line":269,"column":7}},"type":"if","locations":[{"start":{"line":265,"column":6},"end":{"line":269,"column":7}},{"start":{"line":265,"column":6},"end":{"line":269,"column":7}}],"line":265},"17":{"loc":{"start":{"line":273,"column":6},"end":{"line":294,"column":7}},"type":"if","locations":[{"start":{"line":273,"column":6},"end":{"line":294,"column":7}},{"start":{"line":273,"column":6},"end":{"line":294,"column":7}}],"line":273},"18":{"loc":{"start":{"line":286,"column":13},"end":{"line":294,"column":7}},"type":"if","locations":[{"start":{"line":286,"column":13},"end":{"line":294,"column":7}},{"start":{"line":286,"column":13},"end":{"line":294,"column":7}}],"line":286},"19":{"loc":{"start":{"line":323,"column":4},"end":{"line":327,"column":5}},"type":"if","locations":[{"start":{"line":323,"column":4},"end":{"line":327,"column":5}},{"start":{"line":323,"column":4},"end":{"line":327,"column":5}}],"line":323},"20":{"loc":{"start":{"line":323,"column":8},"end":{"line":323,"column":73}},"type":"binary-expr","locations":[{"start":{"line":323,"column":8},"end":{"line":323,"column":40}},{"start":{"line":323,"column":44},"end":{"line":323,"column":73}}],"line":323},"21":{"loc":{"start":{"line":341,"column":21},"end":{"line":341,"column":40}},"type":"default-arg","locations":[{"start":{"line":341,"column":38},"end":{"line":341,"column":40}}],"line":341},"22":{"loc":{"start":{"line":342,"column":4},"end":{"line":344,"column":5}},"type":"if","locations":[{"start":{"line":342,"column":4},"end":{"line":344,"column":5}},{"start":{"line":342,"column":4},"end":{"line":344,"column":5}}],"line":342},"23":{"loc":{"start":{"line":392,"column":4},"end":{"line":396,"column":5}},"type":"if","locations":[{"start":{"line":392,"column":4},"end":{"line":396,"column":5}},{"start":{"line":392,"column":4},"end":{"line":396,"column":5}}],"line":392},"24":{"loc":{"start":{"line":394,"column":11},"end":{"line":396,"column":5}},"type":"if","locations":[{"start":{"line":394,"column":11},"end":{"line":396,"column":5}},{"start":{"line":394,"column":11},"end":{"line":396,"column":5}}],"line":394},"25":{"loc":{"start":{"line":450,"column":6},"end":{"line":455,"column":7}},"type":"if","locations":[{"start":{"line":450,"column":6},"end":{"line":455,"column":7}},{"start":{"line":450,"column":6},"end":{"line":455,"column":7}}],"line":450},"26":{"loc":{"start":{"line":497,"column":4},"end":{"line":545,"column":5}},"type":"if","locations":[{"start":{"line":497,"column":4},"end":{"line":545,"column":5}},{"start":{"line":497,"column":4},"end":{"line":545,"column":5}}],"line":497},"27":{"loc":{"start":{"line":506,"column":8},"end":{"line":530,"column":9}},"type":"if","locations":[{"start":{"line":506,"column":8},"end":{"line":530,"column":9}},{"start":{"line":506,"column":8},"end":{"line":530,"column":9}}],"line":506},"28":{"loc":{"start":{"line":512,"column":10},"end":{"line":524,"column":11}},"type":"if","locations":[{"start":{"line":512,"column":10},"end":{"line":524,"column":11}},{"start":{"line":512,"column":10},"end":{"line":524,"column":11}}],"line":512},"29":{"loc":{"start":{"line":513,"column":12},"end":{"line":523,"column":13}},"type":"if","locations":[{"start":{"line":513,"column":12},"end":{"line":523,"column":13}},{"start":{"line":513,"column":12},"end":{"line":523,"column":13}}],"line":513},"30":{"loc":{"start":{"line":532,"column":11},"end":{"line":545,"column":5}},"type":"if","locations":[{"start":{"line":532,"column":11},"end":{"line":545,"column":5}},{"start":{"line":532,"column":11},"end":{"line":545,"column":5}}],"line":532},"31":{"loc":{"start":{"line":534,"column":8},"end":{"line":539,"column":9}},"type":"if","locations":[{"start":{"line":534,"column":8},"end":{"line":539,"column":9}},{"start":{"line":534,"column":8},"end":{"line":539,"column":9}}],"line":534},"32":{"loc":{"start":{"line":568,"column":6},"end":{"line":587,"column":7}},"type":"if","locations":[{"start":{"line":568,"column":6},"end":{"line":587,"column":7}},{"start":{"line":568,"column":6},"end":{"line":587,"column":7}}],"line":568},"33":{"loc":{"start":{"line":571,"column":8},"end":{"line":578,"column":9}},"type":"if","locations":[{"start":{"line":571,"column":8},"end":{"line":578,"column":9}},{"start":{"line":571,"column":8},"end":{"line":578,"column":9}}],"line":571},"34":{"loc":{"start":{"line":571,"column":12},"end":{"line":571,"column":68}},"type":"binary-expr","locations":[{"start":{"line":571,"column":12},"end":{"line":571,"column":39}},{"start":{"line":571,"column":43},"end":{"line":571,"column":68}}],"line":571},"35":{"loc":{"start":{"line":574,"column":15},"end":{"line":578,"column":9}},"type":"if","locations":[{"start":{"line":574,"column":15},"end":{"line":578,"column":9}},{"start":{"line":574,"column":15},"end":{"line":578,"column":9}}],"line":574},"36":{"loc":{"start":{"line":579,"column":13},"end":{"line":587,"column":7}},"type":"if","locations":[{"start":{"line":579,"column":13},"end":{"line":587,"column":7}},{"start":{"line":579,"column":13},"end":{"line":587,"column":7}}],"line":579},"37":{"loc":{"start":{"line":582,"column":8},"end":{"line":586,"column":9}},"type":"if","locations":[{"start":{"line":582,"column":8},"end":{"line":586,"column":9}},{"start":{"line":582,"column":8},"end":{"line":586,"column":9}}],"line":582},"38":{"loc":{"start":{"line":620,"column":6},"end":{"line":634,"column":7}},"type":"if","locations":[{"start":{"line":620,"column":6},"end":{"line":634,"column":7}},{"start":{"line":620,"column":6},"end":{"line":634,"column":7}}],"line":620},"39":{"loc":{"start":{"line":623,"column":13},"end":{"line":634,"column":7}},"type":"if","locations":[{"start":{"line":623,"column":13},"end":{"line":634,"column":7}},{"start":{"line":623,"column":13},"end":{"line":634,"column":7}}],"line":623},"40":{"loc":{"start":{"line":625,"column":8},"end":{"line":627,"column":9}},"type":"if","locations":[{"start":{"line":625,"column":8},"end":{"line":627,"column":9}},{"start":{"line":625,"column":8},"end":{"line":627,"column":9}}],"line":625},"41":{"loc":{"start":{"line":628,"column":13},"end":{"line":634,"column":7}},"type":"if","locations":[{"start":{"line":628,"column":13},"end":{"line":634,"column":7}},{"start":{"line":628,"column":13},"end":{"line":634,"column":7}}],"line":628},"42":{"loc":{"start":{"line":631,"column":8},"end":{"line":633,"column":9}},"type":"if","locations":[{"start":{"line":631,"column":8},"end":{"line":633,"column":9}},{"start":{"line":631,"column":8},"end":{"line":633,"column":9}}],"line":631}},"s":{"0":0,"1":0,"2":1,"3":0,"4":0,"5":0,"6":0,"7":0,"8":0,"9":0,"10":0,"11":0,"12":0,"13":0,"14":0,"15":0,"16":0,"17":0,"18":0,"19":0,"20":0,"21":0,"22":0,"23":0,"24":0,"25":0,"26":0,"27":0,"28":0,"29":0,"30":0,"31":0,"32":0,"33":0,"34":0,"35":0,"36":0,"37":0,"38":0,"39":0,"40":0,"41":0,"42":0,"43":0,"44":0,"45":0,"46":0,"47":0,"48":0,"49":0,"50":0,"51":0,"52":0,"53":0,"54":0,"55":0,"56":0,"57":0,"58":0,"59":0,"60":0,"61":0,"62":0,"63":0,"64":0,"65":0,"66":0,"67":0,"68":0,"69":0,"70":0,"71":0,"72":0,"73":0,"74":0,"75":0,"76":0,"77":0,"78":0,"79":0,"80":0,"81":0,"82":0,"83":0,"84":0,"85":0,"86":0,"87":0,"88":0,"89":0,"90":0,"91":0,"92":0,"93":0,"94":0,"95":0,"96":0,"97":0,"98":0,"99":0,"100":0,"101":0,"102":0,"103":0,"104":0,"105":0,"106":0,"107":0,"108":0,"109":0,"110":0,"111":0,"112":0,"113":0,"114":0,"115":0,"116":0,"117":0,"118":0,"119":0,"120":0,"121":0,"122":0,"123":0,"124":0,"125":0,"126":0,"127":0,"128":0,"129":0,"130":0,"131":0,"132":0,"133":0,"134":0,"135":0,"136":0,"137":0,"138":0,"139":0,"140":0,"141":0,"142":0,"143":0,"144":0,"145":0,"146":0,"147":0,"148":0,"149":0,"150":0,"151":0,"152":0,"153":0,"154":0,"155":0,"156":0,"157":0,"158":0,"159":0,"160":0,"161":0,"162":0,"163":0,"164":0,"165":0,"166":0,"167":0,"168":0,"169":0,"170":0,"171":0,"172":0,"173":0,"174":0,"175":0,"176":0,"177":0,"178":0,"179":0,"180":0,"181":0,"182":0,"183":0,"184":0,"185":0,"186":0,"187":0,"188":0,"189":0,"190":0,"191":0,"192":0},"f":{"0":0,"1":0,"2":0,"3":0,"4":0,"5":0,"6":0,"7":0,"8":0,"9":0,"10":0,"11":0,"12":0,"13":0,"14":0,"15":0,"16":0,"17":0,"18":0,"19":0,"20":0,"21":0,"22":0,"23":0,"24":0,"25":0,"26":0,"27":0,"28":0,"29":0,"30":0,"31":0,"32":0,"33":0,"34":0,"35":0,"36":0,"37":0,"38":0,"39":0,"40":0},"b":{"0":[0,0],"1":[0,0],"2":[0,0],"3":[0,0],"4":[0,0],"5":[0,0],"6":[0,0],"7":[0,0],"8":[0,0],"9":[0,0],"10":[0,0],"11":[0,0],"12":[0,0],"13":[0,0],"14":[0,0],"15":[0,0],"16":[0,0],"17":[0,0],"18":[0,0],"19":[0,0],"20":[0,0],"21":[0],"22":[0,0],"23":[0,0],"24":[0,0],"25":[0,0],"26":[0,0],"27":[0,0],"28":[0,0],"29":[0,0],"30":[0,0],"31":[0,0],"32":[0,0],"33":[0,0],"34":[0,0],"35":[0,0],"36":[0,0],"37":[0,0],"38":[0,0],"39":[0,0],"40":[0,0],"41":[0,0],"42":[0,0]},"_coverageSchema":"332fd63041d2c1bcb487cc26dd0d5f7d97098a6c","hash":"a58cf973a9bfb09e3aa76093193f8dcbc9a67eb9"}
,"/Users/wangliangjing/WebstormProjects/redux-heaven/src/ORM.js": {"path":"/Users/wangliangjing/WebstormProjects/redux-heaven/src/ORM.js","statementMap":{"0":{"start":{"line":10,"column":21},"end":{"line":12,"column":1}},"1":{"start":{"line":27,"column":19},"end":{"line":180,"column":1}},"2":{"start":{"line":32,"column":31},"end":{"line":32,"column":59}},"3":{"start":{"line":33,"column":4},"end":{"line":33,"column":41}},"4":{"start":{"line":34,"column":4},"end":{"line":34,"column":23}},"5":{"start":{"line":35,"column":4},"end":{"line":35,"column":36}},"6":{"start":{"line":36,"column":4},"end":{"line":36,"column":30}},"7":{"start":{"line":48,"column":28},"end":{"line":53,"column":4}},"8":{"start":{"line":49,"column":4},"end":{"line":49,"column":28}},"9":{"start":{"line":50,"column":4},"end":{"line":50,"column":23}},"10":{"start":{"line":52,"column":4},"end":{"line":52,"column":30}},"11":{"start":{"line":56,"column":26},"end":{"line":56,"column":41}},"12":{"start":{"line":58,"column":4},"end":{"line":77,"column":5}},"13":{"start":{"line":59,"column":26},"end":{"line":60,"column":76}},"14":{"start":{"line":75,"column":6},"end":{"line":75,"column":37}},"15":{"start":{"line":76,"column":6},"end":{"line":76,"column":52}},"16":{"start":{"line":87,"column":18},"end":{"line":90,"column":5}},"17":{"start":{"line":89,"column":15},"end":{"line":89,"column":44}},"18":{"start":{"line":92,"column":4},"end":{"line":94,"column":5}},"19":{"start":{"line":93,"column":6},"end":{"line":93,"column":72}},"20":{"start":{"line":95,"column":4},"end":{"line":95,"column":17}},"21":{"start":{"line":99,"column":4},"end":{"line":99,"column":46}},"22":{"start":{"line":100,"column":4},"end":{"line":100,"column":59}},"23":{"start":{"line":102,"column":4},"end":{"line":102,"column":60}},"24":{"start":{"line":105,"column":47},"end":{"line":107,"column":11}},"25":{"start":{"line":110,"column":4},"end":{"line":112,"column":5}},"26":{"start":{"line":111,"column":6},"end":{"line":111,"column":43}},"27":{"start":{"line":113,"column":4},"end":{"line":113,"column":54}},"28":{"start":{"line":118,"column":4},"end":{"line":134,"column":7}},"29":{"start":{"line":119,"column":6},"end":{"line":133,"column":7}},"30":{"start":{"line":120,"column":23},"end":{"line":120,"column":35}},"31":{"start":{"line":121,"column":8},"end":{"line":130,"column":11}},"32":{"start":{"line":122,"column":10},"end":{"line":129,"column":11}},"33":{"start":{"line":125,"column":12},"end":{"line":128,"column":13}},"34":{"start":{"line":126,"column":14},"end":{"line":126,"column":75}},"35":{"start":{"line":127,"column":14},"end":{"line":127,"column":65}},"36":{"start":{"line":131,"column":8},"end":{"line":131,"column":58}},"37":{"start":{"line":132,"column":8},"end":{"line":132,"column":29}},"38":{"start":{"line":138,"column":19},"end":{"line":138,"column":41}},"39":{"start":{"line":139,"column":19},"end":{"line":145,"column":10}},"40":{"start":{"line":140,"column":24},"end":{"line":140,"column":44}},"41":{"start":{"line":142,"column":6},"end":{"line":142,"column":54}},"42":{"start":{"line":144,"column":6},"end":{"line":144,"column":18}},"43":{"start":{"line":148,"column":4},"end":{"line":148,"column":22}},"44":{"start":{"line":152,"column":4},"end":{"line":154,"column":5}},"45":{"start":{"line":153,"column":6},"end":{"line":153,"column":63}},"46":{"start":{"line":156,"column":4},"end":{"line":156,"column":19}},"47":{"start":{"line":163,"column":24},"end":{"line":163,"column":53}},"48":{"start":{"line":171,"column":25},"end":{"line":171,"column":69}},"49":{"start":{"line":179,"column":28},"end":{"line":179,"column":78}}},"fnMap":{"0":{"name":"(anonymous_0)","decl":{"start":{"line":31,"column":2},"end":{"line":31,"column":3}},"loc":{"start":{"line":31,"column":26},"end":{"line":37,"column":3}},"line":31},"1":{"name":"(anonymous_1)","decl":{"start":{"line":48,"column":13},"end":{"line":48,"column":14}},"loc":{"start":{"line":48,"column":28},"end":{"line":53,"column":4}},"line":48},"2":{"name":"(anonymous_2)","decl":{"start":{"line":48,"column":43},"end":{"line":48,"column":44}},"loc":{"start":{"line":48,"column":52},"end":{"line":53,"column":3}},"line":48},"3":{"name":"(anonymous_3)","decl":{"start":{"line":55,"column":2},"end":{"line":55,"column":3}},"loc":{"start":{"line":55,"column":63},"end":{"line":78,"column":3}},"line":55},"4":{"name":"(anonymous_4)","decl":{"start":{"line":86,"column":2},"end":{"line":86,"column":3}},"loc":{"start":{"line":86,"column":18},"end":{"line":96,"column":3}},"line":86},"5":{"name":"(anonymous_5)","decl":{"start":{"line":89,"column":6},"end":{"line":89,"column":7}},"loc":{"start":{"line":89,"column":15},"end":{"line":89,"column":44}},"line":89},"6":{"name":"(anonymous_6)","decl":{"start":{"line":98,"column":2},"end":{"line":98,"column":3}},"loc":{"start":{"line":98,"column":21},"end":{"line":103,"column":3}},"line":98},"7":{"name":"(anonymous_7)","decl":{"start":{"line":105,"column":21},"end":{"line":105,"column":22}},"loc":{"start":{"line":105,"column":47},"end":{"line":107,"column":11}},"line":105},"8":{"name":"(anonymous_8)","decl":{"start":{"line":109,"column":2},"end":{"line":109,"column":3}},"loc":{"start":{"line":109,"column":43},"end":{"line":114,"column":3}},"line":109},"9":{"name":"(anonymous_9)","decl":{"start":{"line":116,"column":2},"end":{"line":116,"column":3}},"loc":{"start":{"line":116,"column":33},"end":{"line":135,"column":3}},"line":116},"10":{"name":"(anonymous_10)","decl":{"start":{"line":118,"column":19},"end":{"line":118,"column":20}},"loc":{"start":{"line":118,"column":30},"end":{"line":134,"column":5}},"line":118},"11":{"name":"(anonymous_11)","decl":{"start":{"line":121,"column":23},"end":{"line":121,"column":24}},"loc":{"start":{"line":121,"column":53},"end":{"line":130,"column":9}},"line":121},"12":{"name":"(anonymous_12)","decl":{"start":{"line":137,"column":2},"end":{"line":137,"column":3}},"loc":{"start":{"line":137,"column":24},"end":{"line":149,"column":3}},"line":137},"13":{"name":"(anonymous_13)","decl":{"start":{"line":139,"column":33},"end":{"line":139,"column":34}},"loc":{"start":{"line":139,"column":55},"end":{"line":145,"column":5}},"line":139},"14":{"name":"(anonymous_14)","decl":{"start":{"line":151,"column":16},"end":{"line":151,"column":17}},"loc":{"start":{"line":151,"column":22},"end":{"line":157,"column":3}},"line":151},"15":{"name":"(anonymous_15)","decl":{"start":{"line":163,"column":18},"end":{"line":163,"column":19}},"loc":{"start":{"line":163,"column":24},"end":{"line":163,"column":53}},"line":163},"16":{"name":"(anonymous_16)","decl":{"start":{"line":171,"column":16},"end":{"line":171,"column":17}},"loc":{"start":{"line":171,"column":25},"end":{"line":171,"column":69}},"line":171},"17":{"name":"(anonymous_17)","decl":{"start":{"line":179,"column":19},"end":{"line":179,"column":20}},"loc":{"start":{"line":179,"column":28},"end":{"line":179,"column":78}},"line":179}},"branchMap":{"0":{"loc":{"start":{"line":31,"column":15},"end":{"line":31,"column":24}},"type":"default-arg","locations":[{"start":{"line":31,"column":22},"end":{"line":31,"column":24}}],"line":31},"1":{"loc":{"start":{"line":58,"column":4},"end":{"line":77,"column":5}},"type":"if","locations":[{"start":{"line":58,"column":4},"end":{"line":77,"column":5}},{"start":{"line":58,"column":4},"end":{"line":77,"column":5}}],"line":58},"2":{"loc":{"start":{"line":59,"column":26},"end":{"line":60,"column":76}},"type":"cond-expr","locations":[{"start":{"line":60,"column":10},"end":{"line":60,"column":48}},{"start":{"line":60,"column":51},"end":{"line":60,"column":76}}],"line":59},"3":{"loc":{"start":{"line":92,"column":4},"end":{"line":94,"column":5}},"type":"if","locations":[{"start":{"line":92,"column":4},"end":{"line":94,"column":5}},{"start":{"line":92,"column":4},"end":{"line":94,"column":5}}],"line":92},"4":{"loc":{"start":{"line":105,"column":47},"end":{"line":107,"column":11}},"type":"cond-expr","locations":[{"start":{"line":106,"column":6},"end":{"line":106,"column":50}},{"start":{"line":107,"column":6},"end":{"line":107,"column":11}}],"line":105},"5":{"loc":{"start":{"line":110,"column":4},"end":{"line":112,"column":5}},"type":"if","locations":[{"start":{"line":110,"column":4},"end":{"line":112,"column":5}},{"start":{"line":110,"column":4},"end":{"line":112,"column":5}}],"line":110},"6":{"loc":{"start":{"line":119,"column":6},"end":{"line":133,"column":7}},"type":"if","locations":[{"start":{"line":119,"column":6},"end":{"line":133,"column":7}},{"start":{"line":119,"column":6},"end":{"line":133,"column":7}}],"line":119},"7":{"loc":{"start":{"line":122,"column":10},"end":{"line":129,"column":11}},"type":"if","locations":[{"start":{"line":122,"column":10},"end":{"line":129,"column":11}},{"start":{"line":122,"column":10},"end":{"line":129,"column":11}}],"line":122},"8":{"loc":{"start":{"line":125,"column":12},"end":{"line":128,"column":13}},"type":"if","locations":[{"start":{"line":125,"column":12},"end":{"line":128,"column":13}},{"start":{"line":125,"column":12},"end":{"line":128,"column":13}}],"line":125},"9":{"loc":{"start":{"line":152,"column":4},"end":{"line":154,"column":5}},"type":"if","locations":[{"start":{"line":152,"column":4},"end":{"line":154,"column":5}},{"start":{"line":152,"column":4},"end":{"line":154,"column":5}}],"line":152}},"s":{"0":1,"1":1,"2":0,"3":0,"4":0,"5":0,"6":0,"7":0,"8":0,"9":0,"10":0,"11":0,"12":0,"13":0,"14":0,"15":0,"16":0,"17":0,"18":0,"19":0,"20":0,"21":0,"22":0,"23":0,"24":0,"25":0,"26":0,"27":0,"28":0,"29":0,"30":0,"31":0,"32":0,"33":0,"34":0,"35":0,"36":0,"37":0,"38":0,"39":0,"40":0,"41":0,"42":0,"43":0,"44":0,"45":0,"46":0,"47":0,"48":0,"49":0},"f":{"0":0,"1":0,"2":0,"3":0,"4":0,"5":0,"6":0,"7":0,"8":0,"9":0,"10":0,"11":0,"12":0,"13":0,"14":0,"15":0,"16":0,"17":0},"b":{"0":[0],"1":[0,0],"2":[0,0],"3":[0,0],"4":[0,0],"5":[0,0],"6":[0,0],"7":[0,0],"8":[0,0],"9":[0,0]},"_coverageSchema":"332fd63041d2c1bcb487cc26dd0d5f7d97098a6c","hash":"00bd76ed80c8dce8059b7abcf917d81d159fd75f"}
,"/Users/wangliangjing/WebstormProjects/redux-heaven/src/QuerySet.js": {"path":"/Users/wangliangjing/WebstormProjects/redux-heaven/src/QuerySet.js","statementMap":{"0":{"start":{"line":34,"column":17},"end":{"line":257,"column":1}},"1":{"start":{"line":44,"column":4},"end":{"line":47,"column":7}},"2":{"start":{"line":49,"column":4},"end":{"line":49,"column":22}},"3":{"start":{"line":53,"column":4},"end":{"line":53,"column":63}},"4":{"start":{"line":57,"column":17},"end":{"line":57,"column":56}},"5":{"start":{"line":58,"column":4},"end":{"line":58,"column":64}},"6":{"start":{"line":62,"column":4},"end":{"line":62,"column":21}},"7":{"start":{"line":63,"column":21},"end":{"line":65,"column":22}},"8":{"start":{"line":64,"column":6},"end":{"line":64,"column":43}},"9":{"start":{"line":66,"column":4},"end":{"line":66,"column":52}},"10":{"start":{"line":77,"column":4},"end":{"line":77,"column":21}},"11":{"start":{"line":78,"column":4},"end":{"line":78,"column":21}},"12":{"start":{"line":86,"column":4},"end":{"line":86,"column":21}},"13":{"start":{"line":87,"column":23},"end":{"line":87,"column":38}},"14":{"start":{"line":88,"column":4},"end":{"line":88,"column":57}},"15":{"start":{"line":88,"column":34},"end":{"line":88,"column":55}},"16":{"start":{"line":97,"column":4},"end":{"line":97,"column":21}},"17":{"start":{"line":98,"column":4},"end":{"line":98,"column":28}},"18":{"start":{"line":108,"column":4},"end":{"line":108,"column":33}},"19":{"start":{"line":122,"column":4},"end":{"line":122,"column":21}},"20":{"start":{"line":123,"column":4},"end":{"line":126,"column":5}},"21":{"start":{"line":124,"column":25},"end":{"line":124,"column":40}},"22":{"start":{"line":125,"column":6},"end":{"line":125,"column":46}},"23":{"start":{"line":128,"column":4},"end":{"line":128,"column":21}},"24":{"start":{"line":136,"column":4},"end":{"line":136,"column":22}},"25":{"start":{"line":144,"column":4},"end":{"line":144,"column":21}},"26":{"start":{"line":145,"column":4},"end":{"line":145,"column":41}},"27":{"start":{"line":153,"column":4},"end":{"line":153,"column":35}},"28":{"start":{"line":163,"column":32},"end":{"line":165,"column":17}},"29":{"start":{"line":166,"column":29},"end":{"line":166,"column":75}},"30":{"start":{"line":168,"column":4},"end":{"line":168,"column":60}},"31":{"start":{"line":179,"column":32},"end":{"line":181,"column":17}},"32":{"start":{"line":182,"column":30},"end":{"line":182,"column":77}},"33":{"start":{"line":183,"column":4},"end":{"line":183,"column":61}},"34":{"start":{"line":187,"column":4},"end":{"line":196,"column":5}},"35":{"start":{"line":188,"column":22},"end":{"line":188,"column":45}},"36":{"start":{"line":189,"column":24},"end":{"line":192,"column":7}},"37":{"start":{"line":193,"column":23},"end":{"line":193,"column":47}},"38":{"start":{"line":194,"column":6},"end":{"line":194,"column":23}},"39":{"start":{"line":195,"column":6},"end":{"line":195,"column":29}},"40":{"start":{"line":215,"column":30},"end":{"line":215,"column":78}},"41":{"start":{"line":216,"column":4},"end":{"line":216,"column":61}},"42":{"start":{"line":228,"column":4},"end":{"line":235,"column":7}},"43":{"start":{"line":236,"column":4},"end":{"line":236,"column":28}},"44":{"start":{"line":245,"column":4},"end":{"line":245,"column":60}},"45":{"start":{"line":245,"column":41},"end":{"line":245,"column":58}},"46":{"start":{"line":247,"column":4},"end":{"line":253,"column":7}},"47":{"start":{"line":255,"column":4},"end":{"line":255,"column":28}},"48":{"start":{"line":259,"column":0},"end":{"line":271,"column":2}}},"fnMap":{"0":{"name":"(anonymous_0)","decl":{"start":{"line":43,"column":2},"end":{"line":43,"column":3}},"loc":{"start":{"line":43,"column":42},"end":{"line":50,"column":3}},"line":43},"1":{"name":"(anonymous_1)","decl":{"start":{"line":52,"column":2},"end":{"line":52,"column":3}},"loc":{"start":{"line":52,"column":38},"end":{"line":54,"column":3}},"line":52},"2":{"name":"(anonymous_2)","decl":{"start":{"line":56,"column":2},"end":{"line":56,"column":3}},"loc":{"start":{"line":56,"column":27},"end":{"line":59,"column":3}},"line":56},"3":{"name":"(anonymous_3)","decl":{"start":{"line":61,"column":2},"end":{"line":61,"column":3}},"loc":{"start":{"line":61,"column":14},"end":{"line":67,"column":3}},"line":61},"4":{"name":"(anonymous_4)","decl":{"start":{"line":63,"column":35},"end":{"line":63,"column":36}},"loc":{"start":{"line":64,"column":6},"end":{"line":64,"column":43}},"line":64},"5":{"name":"(anonymous_5)","decl":{"start":{"line":76,"column":2},"end":{"line":76,"column":3}},"loc":{"start":{"line":76,"column":16},"end":{"line":79,"column":3}},"line":76},"6":{"name":"(anonymous_6)","decl":{"start":{"line":85,"column":2},"end":{"line":85,"column":3}},"loc":{"start":{"line":85,"column":18},"end":{"line":89,"column":3}},"line":85},"7":{"name":"(anonymous_7)","decl":{"start":{"line":88,"column":25},"end":{"line":88,"column":26}},"loc":{"start":{"line":88,"column":34},"end":{"line":88,"column":55}},"line":88},"8":{"name":"(anonymous_8)","decl":{"start":{"line":96,"column":2},"end":{"line":96,"column":3}},"loc":{"start":{"line":96,"column":11},"end":{"line":99,"column":3}},"line":96},"9":{"name":"(anonymous_9)","decl":{"start":{"line":107,"column":2},"end":{"line":107,"column":3}},"loc":{"start":{"line":107,"column":12},"end":{"line":109,"column":3}},"line":107},"10":{"name":"(anonymous_10)","decl":{"start":{"line":121,"column":2},"end":{"line":121,"column":3}},"loc":{"start":{"line":121,"column":13},"end":{"line":129,"column":3}},"line":121},"11":{"name":"(anonymous_11)","decl":{"start":{"line":135,"column":2},"end":{"line":135,"column":3}},"loc":{"start":{"line":135,"column":11},"end":{"line":137,"column":3}},"line":135},"12":{"name":"(anonymous_12)","decl":{"start":{"line":143,"column":2},"end":{"line":143,"column":3}},"loc":{"start":{"line":143,"column":10},"end":{"line":146,"column":3}},"line":143},"13":{"name":"(anonymous_13)","decl":{"start":{"line":152,"column":2},"end":{"line":152,"column":3}},"loc":{"start":{"line":152,"column":9},"end":{"line":154,"column":3}},"line":152},"14":{"name":"(anonymous_14)","decl":{"start":{"line":162,"column":2},"end":{"line":162,"column":3}},"loc":{"start":{"line":162,"column":21},"end":{"line":169,"column":3}},"line":162},"15":{"name":"(anonymous_15)","decl":{"start":{"line":178,"column":2},"end":{"line":178,"column":3}},"loc":{"start":{"line":178,"column":22},"end":{"line":184,"column":3}},"line":178},"16":{"name":"(anonymous_16)","decl":{"start":{"line":186,"column":2},"end":{"line":186,"column":3}},"loc":{"start":{"line":186,"column":15},"end":{"line":197,"column":3}},"line":186},"17":{"name":"(anonymous_17)","decl":{"start":{"line":214,"column":2},"end":{"line":214,"column":3}},"loc":{"start":{"line":214,"column":30},"end":{"line":217,"column":3}},"line":214},"18":{"name":"(anonymous_18)","decl":{"start":{"line":227,"column":2},"end":{"line":227,"column":3}},"loc":{"start":{"line":227,"column":20},"end":{"line":237,"column":3}},"line":227},"19":{"name":"(anonymous_19)","decl":{"start":{"line":243,"column":2},"end":{"line":243,"column":3}},"loc":{"start":{"line":243,"column":12},"end":{"line":256,"column":3}},"line":243},"20":{"name":"(anonymous_20)","decl":{"start":{"line":245,"column":32},"end":{"line":245,"column":33}},"loc":{"start":{"line":245,"column":41},"end":{"line":245,"column":58}},"line":245}},"branchMap":{"0":{"loc":{"start":{"line":46,"column":15},"end":{"line":46,"column":28}},"type":"binary-expr","locations":[{"start":{"line":46,"column":15},"end":{"line":46,"column":22}},{"start":{"line":46,"column":26},"end":{"line":46,"column":28}}],"line":46},"1":{"loc":{"start":{"line":123,"column":4},"end":{"line":126,"column":5}},"type":"if","locations":[{"start":{"line":123,"column":4},"end":{"line":126,"column":5}},{"start":{"line":123,"column":4},"end":{"line":126,"column":5}}],"line":123},"2":{"loc":{"start":{"line":123,"column":8},"end":{"line":123,"column":46}},"type":"binary-expr","locations":[{"start":{"line":123,"column":8},"end":{"line":123,"column":18}},{"start":{"line":123,"column":22},"end":{"line":123,"column":46}}],"line":123},"3":{"loc":{"start":{"line":163,"column":32},"end":{"line":165,"column":17}},"type":"cond-expr","locations":[{"start":{"line":164,"column":8},"end":{"line":164,"column":45}},{"start":{"line":165,"column":8},"end":{"line":165,"column":17}}],"line":163},"4":{"loc":{"start":{"line":179,"column":32},"end":{"line":181,"column":17}},"type":"cond-expr","locations":[{"start":{"line":180,"column":8},"end":{"line":180,"column":45}},{"start":{"line":181,"column":8},"end":{"line":181,"column":17}}],"line":179},"5":{"loc":{"start":{"line":187,"column":4},"end":{"line":196,"column":5}},"type":"if","locations":[{"start":{"line":187,"column":4},"end":{"line":196,"column":5}},{"start":{"line":187,"column":4},"end":{"line":196,"column":5}}],"line":187}},"s":{"0":1,"1":0,"2":0,"3":0,"4":0,"5":0,"6":0,"7":0,"8":0,"9":0,"10":0,"11":0,"12":0,"13":0,"14":0,"15":0,"16":0,"17":0,"18":0,"19":0,"20":0,"21":0,"22":0,"23":0,"24":0,"25":0,"26":0,"27":0,"28":0,"29":0,"30":0,"31":0,"32":0,"33":0,"34":0,"35":0,"36":0,"37":0,"38":0,"39":0,"40":0,"41":0,"42":0,"43":0,"44":0,"45":0,"46":0,"47":0,"48":1},"f":{"0":0,"1":0,"2":0,"3":0,"4":0,"5":0,"6":0,"7":0,"8":0,"9":0,"10":0,"11":0,"12":0,"13":0,"14":0,"15":0,"16":0,"17":0,"18":0,"19":0,"20":0},"b":{"0":[0,0],"1":[0,0],"2":[0,0],"3":[0,0],"4":[0,0],"5":[0,0]},"_coverageSchema":"332fd63041d2c1bcb487cc26dd0d5f7d97098a6c","hash":"efb65f791143f2d65d52f63c060040247c3db3de"}
,"/Users/wangliangjing/WebstormProjects/redux-heaven/src/Session.js": {"path":"/Users/wangliangjing/WebstormProjects/redux-heaven/src/Session.js","statementMap":{"0":{"start":{"line":14,"column":16},"end":{"line":71,"column":1}},"1":{"start":{"line":26,"column":4},"end":{"line":26,"column":19}},"2":{"start":{"line":27,"column":4},"end":{"line":27,"column":17}},"3":{"start":{"line":28,"column":4},"end":{"line":28,"column":40}},"4":{"start":{"line":29,"column":4},"end":{"line":29,"column":39}},"5":{"start":{"line":30,"column":4},"end":{"line":30,"column":33}},"6":{"start":{"line":31,"column":4},"end":{"line":31,"column":24}},"7":{"start":{"line":35,"column":4},"end":{"line":35,"column":52}},"8":{"start":{"line":39,"column":4},"end":{"line":41,"column":5}},"9":{"start":{"line":40,"column":6},"end":{"line":40,"column":37}},"10":{"start":{"line":42,"column":4},"end":{"line":42,"column":37}},"11":{"start":{"line":53,"column":15},"end":{"line":53,"column":81}},"12":{"start":{"line":54,"column":39},"end":{"line":54,"column":82}},"13":{"start":{"line":56,"column":4},"end":{"line":62,"column":5}},"14":{"start":{"line":57,"column":6},"end":{"line":57,"column":25}},"15":{"start":{"line":59,"column":6},"end":{"line":59,"column":21}},"16":{"start":{"line":61,"column":6},"end":{"line":61,"column":49}},"17":{"start":{"line":66,"column":22},"end":{"line":66,"column":31}},"18":{"start":{"line":67,"column":4},"end":{"line":67,"column":29}},"19":{"start":{"line":69,"column":4},"end":{"line":69,"column":72}}},"fnMap":{"0":{"name":"(anonymous_0)","decl":{"start":{"line":25,"column":2},"end":{"line":25,"column":3}},"loc":{"start":{"line":25,"column":76},"end":{"line":32,"column":3}},"line":25},"1":{"name":"(anonymous_1)","decl":{"start":{"line":34,"column":2},"end":{"line":34,"column":3}},"loc":{"start":{"line":34,"column":27},"end":{"line":36,"column":3}},"line":34},"2":{"name":"(anonymous_2)","decl":{"start":{"line":38,"column":2},"end":{"line":38,"column":3}},"loc":{"start":{"line":38,"column":30},"end":{"line":43,"column":3}},"line":38},"3":{"name":"(anonymous_3)","decl":{"start":{"line":52,"column":2},"end":{"line":52,"column":3}},"loc":{"start":{"line":52,"column":23},"end":{"line":63,"column":3}},"line":52},"4":{"name":"(anonymous_4)","decl":{"start":{"line":65,"column":2},"end":{"line":65,"column":3}},"loc":{"start":{"line":65,"column":20},"end":{"line":70,"column":3}},"line":65}},"branchMap":{"0":{"loc":{"start":{"line":25,"column":46},"end":{"line":25,"column":74}},"type":"default-arg","locations":[{"start":{"line":25,"column":59},"end":{"line":25,"column":74}}],"line":25},"1":{"loc":{"start":{"line":28,"column":17},"end":{"line":28,"column":39}},"type":"binary-expr","locations":[{"start":{"line":28,"column":17},"end":{"line":28,"column":22}},{"start":{"line":28,"column":26},"end":{"line":28,"column":39}}],"line":28},"2":{"loc":{"start":{"line":39,"column":4},"end":{"line":41,"column":5}},"type":"if","locations":[{"start":{"line":39,"column":4},"end":{"line":41,"column":5}},{"start":{"line":39,"column":4},"end":{"line":41,"column":5}}],"line":39},"3":{"loc":{"start":{"line":56,"column":4},"end":{"line":62,"column":5}},"type":"if","locations":[{"start":{"line":56,"column":4},"end":{"line":62,"column":5}},{"start":{"line":56,"column":4},"end":{"line":62,"column":5}}],"line":56}},"s":{"0":1,"1":0,"2":0,"3":0,"4":0,"5":0,"6":0,"7":0,"8":0,"9":0,"10":0,"11":0,"12":0,"13":0,"14":0,"15":0,"16":0,"17":0,"18":0,"19":0},"f":{"0":0,"1":0,"2":0,"3":0,"4":0},"b":{"0":[0],"1":[0,0],"2":[0,0],"3":[0,0]},"_coverageSchema":"332fd63041d2c1bcb487cc26dd0d5f7d97098a6c","hash":"bb4a7c244622548e5464dd542b28af124e801002"}
,"/Users/wangliangjing/WebstormProjects/redux-heaven/src/Table.js": {"path":"/Users/wangliangjing/WebstormProjects/redux-heaven/src/Table.js","statementMap":{"0":{"start":{"line":20,"column":33},"end":{"line":24,"column":1}},"1":{"start":{"line":26,"column":29},"end":{"line":34,"column":1}},"2":{"start":{"line":27,"column":19},"end":{"line":27,"column":57}},"3":{"start":{"line":29,"column":2},"end":{"line":31,"column":3}},"4":{"start":{"line":30,"column":4},"end":{"line":30,"column":20}},"5":{"start":{"line":33,"column":2},"end":{"line":33,"column":42}},"6":{"start":{"line":36,"column":33},"end":{"line":39,"column":1}},"7":{"start":{"line":44,"column":4},"end":{"line":44,"column":33}},"8":{"start":{"line":45,"column":4},"end":{"line":45,"column":18}},"9":{"start":{"line":46,"column":4},"end":{"line":46,"column":24}},"10":{"start":{"line":47,"column":4},"end":{"line":50,"column":6}},"11":{"start":{"line":52,"column":4},"end":{"line":52,"column":66}},"12":{"start":{"line":56,"column":4},"end":{"line":60,"column":5}},"13":{"start":{"line":57,"column":6},"end":{"line":57,"column":36}},"14":{"start":{"line":59,"column":6},"end":{"line":59,"column":123}},"15":{"start":{"line":64,"column":4},"end":{"line":64,"column":27}},"16":{"start":{"line":68,"column":4},"end":{"line":68,"column":35}},"17":{"start":{"line":72,"column":4},"end":{"line":72,"column":30}},"18":{"start":{"line":77,"column":4},"end":{"line":77,"column":33}},"19":{"start":{"line":82,"column":19},"end":{"line":82,"column":39}},"20":{"start":{"line":84,"column":4},"end":{"line":91,"column":5}},"21":{"start":{"line":85,"column":6},"end":{"line":85,"column":62}},"22":{"start":{"line":86,"column":6},"end":{"line":86,"column":87}},"23":{"start":{"line":88,"column":6},"end":{"line":88,"column":41}},"24":{"start":{"line":90,"column":6},"end":{"line":90,"column":126}},"25":{"start":{"line":97,"column":4},"end":{"line":105,"column":7}},"26":{"start":{"line":98,"column":21},"end":{"line":98,"column":41}},"27":{"start":{"line":100,"column":6},"end":{"line":104,"column":7}},"28":{"start":{"line":101,"column":8},"end":{"line":101,"column":26}},"29":{"start":{"line":103,"column":8},"end":{"line":103,"column":26}},"30":{"start":{"line":109,"column":4},"end":{"line":125,"column":7}},"31":{"start":{"line":110,"column":21},"end":{"line":110,"column":44}},"32":{"start":{"line":111,"column":22},"end":{"line":111,"column":44}},"33":{"start":{"line":113,"column":6},"end":{"line":122,"column":7}},"34":{"start":{"line":114,"column":23},"end":{"line":114,"column":102}},"35":{"start":{"line":115,"column":29},"end":{"line":115,"column":104}},"36":{"start":{"line":117,"column":8},"end":{"line":117,"column":43}},"37":{"start":{"line":119,"column":8},"end":{"line":119,"column":77}},"38":{"start":{"line":121,"column":8},"end":{"line":121,"column":138}},"39":{"start":{"line":124,"column":6},"end":{"line":124,"column":16}},"40":{"start":{"line":129,"column":4},"end":{"line":141,"column":5}},"41":{"start":{"line":130,"column":6},"end":{"line":130,"column":32}},"42":{"start":{"line":131,"column":11},"end":{"line":141,"column":5}},"43":{"start":{"line":132,"column":6},"end":{"line":132,"column":32}},"44":{"start":{"line":133,"column":11},"end":{"line":141,"column":5}},"45":{"start":{"line":134,"column":6},"end":{"line":138,"column":8}},"46":{"start":{"line":135,"column":8},"end":{"line":137,"column":31}},"47":{"start":{"line":140,"column":6},"end":{"line":140,"column":129}},"48":{"start":{"line":143,"column":4},"end":{"line":167,"column":7}},"49":{"start":{"line":144,"column":6},"end":{"line":150,"column":7}},"50":{"start":{"line":145,"column":8},"end":{"line":149,"column":9}},"51":{"start":{"line":146,"column":10},"end":{"line":146,"column":140}},"52":{"start":{"line":148,"column":10},"end":{"line":148,"column":17}},"53":{"start":{"line":152,"column":6},"end":{"line":156,"column":8}},"54":{"start":{"line":154,"column":14},"end":{"line":154,"column":39}},"55":{"start":{"line":158,"column":6},"end":{"line":162,"column":8}},"56":{"start":{"line":164,"column":6},"end":{"line":164,"column":41}},"57":{"start":{"line":166,"column":6},"end":{"line":166,"column":16}},"58":{"start":{"line":174,"column":32},"end":{"line":174,"column":72}},"59":{"start":{"line":176,"column":4},"end":{"line":195,"column":29}},"60":{"start":{"line":177,"column":6},"end":{"line":194,"column":7}},"61":{"start":{"line":179,"column":10},"end":{"line":179,"column":40}},"62":{"start":{"line":183,"column":10},"end":{"line":183,"column":40}},"63":{"start":{"line":187,"column":40},"end":{"line":187,"column":47}},"64":{"start":{"line":189,"column":10},"end":{"line":189,"column":51}},"65":{"start":{"line":193,"column":10},"end":{"line":193,"column":23}},"66":{"start":{"line":199,"column":4},"end":{"line":199,"column":50}},"67":{"start":{"line":199,"column":30},"end":{"line":199,"column":48}}},"fnMap":{"0":{"name":"(anonymous_0)","decl":{"start":{"line":26,"column":29},"end":{"line":26,"column":30}},"loc":{"start":{"line":26,"column":52},"end":{"line":34,"column":1}},"line":26},"1":{"name":"(anonymous_1)","decl":{"start":{"line":43,"column":2},"end":{"line":43,"column":3}},"loc":{"start":{"line":43,"column":31},"end":{"line":53,"column":3}},"line":43},"2":{"name":"(anonymous_2)","decl":{"start":{"line":55,"column":2},"end":{"line":55,"column":3}},"loc":{"start":{"line":55,"column":19},"end":{"line":61,"column":3}},"line":55},"3":{"name":"(anonymous_3)","decl":{"start":{"line":63,"column":2},"end":{"line":63,"column":3}},"loc":{"start":{"line":63,"column":15},"end":{"line":65,"column":3}},"line":63},"4":{"name":"(anonymous_4)","decl":{"start":{"line":67,"column":2},"end":{"line":67,"column":3}},"loc":{"start":{"line":67,"column":33},"end":{"line":69,"column":3}},"line":67},"5":{"name":"(anonymous_5)","decl":{"start":{"line":71,"column":2},"end":{"line":71,"column":3}},"loc":{"start":{"line":71,"column":14},"end":{"line":73,"column":3}},"line":71},"6":{"name":"(anonymous_6)","decl":{"start":{"line":75,"column":2},"end":{"line":75,"column":3}},"loc":{"start":{"line":75,"column":13},"end":{"line":78,"column":3}},"line":75},"7":{"name":"(anonymous_7)","decl":{"start":{"line":81,"column":2},"end":{"line":81,"column":3}},"loc":{"start":{"line":81,"column":32},"end":{"line":92,"column":3}},"line":81},"8":{"name":"(anonymous_8)","decl":{"start":{"line":96,"column":2},"end":{"line":96,"column":3}},"loc":{"start":{"line":96,"column":16},"end":{"line":106,"column":3}},"line":96},"9":{"name":"(anonymous_9)","decl":{"start":{"line":97,"column":34},"end":{"line":97,"column":35}},"loc":{"start":{"line":97,"column":40},"end":{"line":105,"column":5}},"line":97},"10":{"name":"(anonymous_10)","decl":{"start":{"line":108,"column":2},"end":{"line":108,"column":3}},"loc":{"start":{"line":108,"column":35},"end":{"line":126,"column":3}},"line":108},"11":{"name":"(anonymous_11)","decl":{"start":{"line":109,"column":23},"end":{"line":109,"column":24}},"loc":{"start":{"line":109,"column":44},"end":{"line":125,"column":5}},"line":109},"12":{"name":"(anonymous_12)","decl":{"start":{"line":128,"column":2},"end":{"line":128,"column":3}},"loc":{"start":{"line":128,"column":38},"end":{"line":168,"column":3}},"line":128},"13":{"name":"(anonymous_13)","decl":{"start":{"line":134,"column":34},"end":{"line":134,"column":35}},"loc":{"start":{"line":135,"column":8},"end":{"line":137,"column":31}},"line":135},"14":{"name":"(anonymous_14)","decl":{"start":{"line":143,"column":23},"end":{"line":143,"column":24}},"loc":{"start":{"line":143,"column":44},"end":{"line":167,"column":5}},"line":143},"15":{"name":"(anonymous_15)","decl":{"start":{"line":154,"column":8},"end":{"line":154,"column":9}},"loc":{"start":{"line":154,"column":14},"end":{"line":154,"column":39}},"line":154},"16":{"name":"(anonymous_16)","decl":{"start":{"line":170,"column":2},"end":{"line":170,"column":3}},"loc":{"start":{"line":170,"column":27},"end":{"line":196,"column":3}},"line":170},"17":{"name":"(anonymous_17)","decl":{"start":{"line":176,"column":38},"end":{"line":176,"column":39}},"loc":{"start":{"line":176,"column":75},"end":{"line":195,"column":5}},"line":176},"18":{"name":"(anonymous_18)","decl":{"start":{"line":198,"column":2},"end":{"line":198,"column":3}},"loc":{"start":{"line":198,"column":19},"end":{"line":200,"column":3}},"line":198},"19":{"name":"(anonymous_19)","decl":{"start":{"line":199,"column":24},"end":{"line":199,"column":25}},"loc":{"start":{"line":199,"column":30},"end":{"line":199,"column":48}},"line":199}},"branchMap":{"0":{"loc":{"start":{"line":29,"column":2},"end":{"line":31,"column":3}},"type":"if","locations":[{"start":{"line":29,"column":2},"end":{"line":31,"column":3}},{"start":{"line":29,"column":2},"end":{"line":31,"column":3}}],"line":29},"1":{"loc":{"start":{"line":56,"column":4},"end":{"line":60,"column":5}},"type":"if","locations":[{"start":{"line":56,"column":4},"end":{"line":60,"column":5}},{"start":{"line":56,"column":4},"end":{"line":60,"column":5}}],"line":56},"2":{"loc":{"start":{"line":84,"column":4},"end":{"line":91,"column":5}},"type":"if","locations":[{"start":{"line":84,"column":4},"end":{"line":91,"column":5}},{"start":{"line":84,"column":4},"end":{"line":91,"column":5}}],"line":84},"3":{"loc":{"start":{"line":100,"column":6},"end":{"line":104,"column":7}},"type":"if","locations":[{"start":{"line":100,"column":6},"end":{"line":104,"column":7}},{"start":{"line":100,"column":6},"end":{"line":104,"column":7}}],"line":100},"4":{"loc":{"start":{"line":113,"column":6},"end":{"line":122,"column":7}},"type":"if","locations":[{"start":{"line":113,"column":6},"end":{"line":122,"column":7}},{"start":{"line":113,"column":6},"end":{"line":122,"column":7}}],"line":113},"5":{"loc":{"start":{"line":129,"column":4},"end":{"line":141,"column":5}},"type":"if","locations":[{"start":{"line":129,"column":4},"end":{"line":141,"column":5}},{"start":{"line":129,"column":4},"end":{"line":141,"column":5}}],"line":129},"6":{"loc":{"start":{"line":131,"column":11},"end":{"line":141,"column":5}},"type":"if","locations":[{"start":{"line":131,"column":11},"end":{"line":141,"column":5}},{"start":{"line":131,"column":11},"end":{"line":141,"column":5}}],"line":131},"7":{"loc":{"start":{"line":133,"column":11},"end":{"line":141,"column":5}},"type":"if","locations":[{"start":{"line":133,"column":11},"end":{"line":141,"column":5}},{"start":{"line":133,"column":11},"end":{"line":141,"column":5}}],"line":133},"8":{"loc":{"start":{"line":135,"column":8},"end":{"line":137,"column":31}},"type":"cond-expr","locations":[{"start":{"line":136,"column":12},"end":{"line":136,"column":13}},{"start":{"line":137,"column":12},"end":{"line":137,"column":31}}],"line":135},"9":{"loc":{"start":{"line":145,"column":8},"end":{"line":149,"column":9}},"type":"if","locations":[{"start":{"line":145,"column":8},"end":{"line":149,"column":9}},{"start":{"line":145,"column":8},"end":{"line":149,"column":9}}],"line":145},"10":{"loc":{"start":{"line":177,"column":6},"end":{"line":194,"column":7}},"type":"switch","locations":[{"start":{"line":178,"column":8},"end":{"line":180,"column":9}},{"start":{"line":182,"column":8},"end":{"line":184,"column":9}},{"start":{"line":186,"column":8},"end":{"line":190,"column":9}},{"start":{"line":192,"column":8},"end":{"line":193,"column":23}}],"line":177}},"s":{"0":1,"1":1,"2":0,"3":0,"4":0,"5":0,"6":1,"7":0,"8":0,"9":0,"10":0,"11":0,"12":0,"13":0,"14":0,"15":0,"16":0,"17":0,"18":0,"19":0,"20":0,"21":0,"22":0,"23":0,"24":0,"25":0,"26":0,"27":0,"28":0,"29":0,"30":0,"31":0,"32":0,"33":0,"34":0,"35":0,"36":0,"37":0,"38":0,"39":0,"40":0,"41":0,"42":0,"43":0,"44":0,"45":0,"46":0,"47":0,"48":0,"49":0,"50":0,"51":0,"52":0,"53":0,"54":0,"55":0,"56":0,"57":0,"58":0,"59":0,"60":0,"61":0,"62":0,"63":0,"64":0,"65":0,"66":0,"67":0},"f":{"0":0,"1":0,"2":0,"3":0,"4":0,"5":0,"6":0,"7":0,"8":0,"9":0,"10":0,"11":0,"12":0,"13":0,"14":0,"15":0,"16":0,"17":0,"18":0,"19":0},"b":{"0":[0,0],"1":[0,0],"2":[0,0],"3":[0,0],"4":[0,0],"5":[0,0],"6":[0,0],"7":[0,0],"8":[0,0],"9":[0,0],"10":[0,0,0,0]},"_coverageSchema":"332fd63041d2c1bcb487cc26dd0d5f7d97098a6c","hash":"ebdfd65b424f787997542955ddd4ed7a74716243"}
,"/Users/wangliangjing/WebstormProjects/redux-heaven/src/constants.js": {"path":"/Users/wangliangjing/WebstormProjects/redux-heaven/src/constants.js","statementMap":{"0":{"start":{"line":7,"column":28},"end":{"line":7,"column":60}},"1":{"start":{"line":9,"column":21},"end":{"line":9,"column":45}},"2":{"start":{"line":10,"column":22},"end":{"line":10,"column":47}},"3":{"start":{"line":11,"column":22},"end":{"line":11,"column":47}},"4":{"start":{"line":12,"column":22},"end":{"line":12,"column":47}},"5":{"start":{"line":14,"column":22},"end":{"line":14,"column":47}},"6":{"start":{"line":15,"column":23},"end":{"line":15,"column":49}},"7":{"start":{"line":16,"column":24},"end":{"line":16,"column":51}},"8":{"start":{"line":18,"column":23},"end":{"line":18,"column":45}},"9":{"start":{"line":19,"column":23},"end":{"line":19,"column":45}}},"fnMap":{},"branchMap":{},"s":{"0":1,"1":1,"2":1,"3":1,"4":1,"5":1,"6":1,"7":1,"8":1,"9":1},"f":{},"b":{},"_coverageSchema":"332fd63041d2c1bcb487cc26dd0d5f7d97098a6c","hash":"ec40dc187fd2bf1d3b55372f93c968d44f3095c6"}
,"/Users/wangliangjing/WebstormProjects/redux-heaven/src/dataBase.js": {"path":"/Users/wangliangjing/WebstormProjects/redux-heaven/src/dataBase.js","statementMap":{"0":{"start":{"line":15,"column":40},"end":{"line":15,"column":42}},"1":{"start":{"line":17,"column":2},"end":{"line":20,"column":3}},"2":{"start":{"line":18,"column":4},"end":{"line":18,"column":37}},"3":{"start":{"line":19,"column":4},"end":{"line":19,"column":17}},"4":{"start":{"line":22,"column":2},"end":{"line":22,"column":68}},"5":{"start":{"line":31,"column":57},"end":{"line":31,"column":68}},"6":{"start":{"line":32,"column":16},"end":{"line":32,"column":33}},"7":{"start":{"line":36,"column":2},"end":{"line":69,"column":3}},"8":{"start":{"line":39,"column":19},"end":{"line":39,"column":57}},"9":{"start":{"line":41,"column":6},"end":{"line":43,"column":8}},"10":{"start":{"line":47,"column":6},"end":{"line":47,"column":32}},"11":{"start":{"line":49,"column":6},"end":{"line":49,"column":35}},"12":{"start":{"line":50,"column":6},"end":{"line":50,"column":30}},"13":{"start":{"line":52,"column":6},"end":{"line":52,"column":12}},"14":{"start":{"line":56,"column":6},"end":{"line":56,"column":49}},"15":{"start":{"line":58,"column":6},"end":{"line":58,"column":12}},"16":{"start":{"line":62,"column":23},"end":{"line":62,"column":61}},"17":{"start":{"line":63,"column":6},"end":{"line":63,"column":46}},"18":{"start":{"line":65,"column":6},"end":{"line":65,"column":12}},"19":{"start":{"line":68,"column":6},"end":{"line":68,"column":75}},"20":{"start":{"line":71,"column":22},"end":{"line":71,"column":77}},"21":{"start":{"line":73,"column":2},"end":{"line":77,"column":4}},"22":{"start":{"line":80,"column":30},"end":{"line":99,"column":1}},"23":{"start":{"line":83,"column":17},"end":{"line":83,"column":80}},"24":{"start":{"line":83,"column":59},"end":{"line":83,"column":79}},"25":{"start":{"line":85,"column":2},"end":{"line":98,"column":4}},"26":{"start":{"line":86,"column":20},"end":{"line":86,"column":59}},"27":{"start":{"line":86,"column":47},"end":{"line":86,"column":58}},"28":{"start":{"line":87,"column":25},"end":{"line":96,"column":5}},"29":{"start":{"line":88,"column":6},"end":{"line":95,"column":13}},"30":{"start":{"line":89,"column":27},"end":{"line":89,"column":44}},"31":{"start":{"line":90,"column":8},"end":{"line":94,"column":9}},"32":{"start":{"line":91,"column":10},"end":{"line":91,"column":96}},"33":{"start":{"line":93,"column":10},"end":{"line":93,"column":56}},"34":{"start":{"line":97,"column":26},"end":{"line":97,"column":50}}},"fnMap":{"0":{"name":"replaceTableState","decl":{"start":{"line":14,"column":9},"end":{"line":14,"column":26}},"loc":{"start":{"line":14,"column":65},"end":{"line":23,"column":1}},"line":14},"1":{"name":"execute","decl":{"start":{"line":30,"column":9},"end":{"line":30,"column":16}},"loc":{"start":{"line":30,"column":50},"end":{"line":78,"column":1}},"line":30},"2":{"name":"(anonymous_2)","decl":{"start":{"line":80,"column":30},"end":{"line":80,"column":31}},"loc":{"start":{"line":80,"column":44},"end":{"line":99,"column":1}},"line":80},"3":{"name":"(anonymous_3)","decl":{"start":{"line":83,"column":46},"end":{"line":83,"column":47}},"loc":{"start":{"line":83,"column":59},"end":{"line":83,"column":79}},"line":83},"4":{"name":"(anonymous_4)","decl":{"start":{"line":86,"column":14},"end":{"line":86,"column":15}},"loc":{"start":{"line":86,"column":20},"end":{"line":86,"column":59}},"line":86},"5":{"name":"(anonymous_5)","decl":{"start":{"line":86,"column":38},"end":{"line":86,"column":39}},"loc":{"start":{"line":86,"column":47},"end":{"line":86,"column":58}},"line":86},"6":{"name":"(anonymous_6)","decl":{"start":{"line":87,"column":19},"end":{"line":87,"column":20}},"loc":{"start":{"line":87,"column":25},"end":{"line":96,"column":5}},"line":87},"7":{"name":"(anonymous_7)","decl":{"start":{"line":87,"column":25},"end":{"line":87,"column":26}},"loc":{"start":{"line":87,"column":44},"end":{"line":96,"column":5}},"line":87},"8":{"name":"(anonymous_8)","decl":{"start":{"line":88,"column":27},"end":{"line":88,"column":28}},"loc":{"start":{"line":88,"column":43},"end":{"line":95,"column":7}},"line":88},"9":{"name":"(anonymous_9)","decl":{"start":{"line":97,"column":13},"end":{"line":97,"column":14}},"loc":{"start":{"line":97,"column":26},"end":{"line":97,"column":50}},"line":97}},"branchMap":{"0":{"loc":{"start":{"line":17,"column":2},"end":{"line":20,"column":3}},"type":"if","locations":[{"start":{"line":17,"column":2},"end":{"line":20,"column":3}},{"start":{"line":17,"column":2},"end":{"line":20,"column":3}}],"line":17},"1":{"loc":{"start":{"line":36,"column":2},"end":{"line":69,"column":3}},"type":"switch","locations":[{"start":{"line":37,"column":4},"end":{"line":44,"column":5}},{"start":{"line":45,"column":4},"end":{"line":53,"column":5}},{"start":{"line":54,"column":4},"end":{"line":59,"column":5}},{"start":{"line":60,"column":4},"end":{"line":66,"column":5}},{"start":{"line":67,"column":4},"end":{"line":68,"column":75}}],"line":36},"2":{"loc":{"start":{"line":90,"column":8},"end":{"line":94,"column":9}},"type":"if","locations":[{"start":{"line":90,"column":8},"end":{"line":94,"column":9}},{"start":{"line":90,"column":8},"end":{"line":94,"column":9}}],"line":90}},"s":{"0":0,"1":0,"2":0,"3":0,"4":0,"5":0,"6":0,"7":0,"8":0,"9":0,"10":0,"11":0,"12":0,"13":0,"14":0,"15":0,"16":0,"17":0,"18":0,"19":0,"20":0,"21":0,"22":1,"23":0,"24":0,"25":0,"26":0,"27":0,"28":0,"29":0,"30":0,"31":0,"32":0,"33":0,"34":0},"f":{"0":0,"1":0,"2":0,"3":0,"4":0,"5":0,"6":0,"7":0,"8":0,"9":0},"b":{"0":[0,0],"1":[0,0,0,0,0],"2":[0,0]},"_coverageSchema":"332fd63041d2c1bcb487cc26dd0d5f7d97098a6c","hash":"cc5df8cc76fd7159a4b02615d0786cb1ae5b1b17"}
,"/Users/wangliangjing/WebstormProjects/redux-heaven/src/descriptors.js": {"path":"/Users/wangliangjing/WebstormProjects/redux-heaven/src/descriptors.js","statementMap":{"0":{"start":{"line":11,"column":23},"end":{"line":22,"column":2}},"1":{"start":{"line":11,"column":39},"end":{"line":22,"column":1}},"2":{"start":{"line":13,"column":4},"end":{"line":13,"column":42}},"3":{"start":{"line":17,"column":4},"end":{"line":17,"column":38}},"4":{"start":{"line":24,"column":36},"end":{"line":47,"column":2}},"5":{"start":{"line":24,"column":65},"end":{"line":47,"column":1}},"6":{"start":{"line":26,"column":20},"end":{"line":26,"column":43}},"7":{"start":{"line":27,"column":20},"end":{"line":27,"column":40}},"8":{"start":{"line":28,"column":17},"end":{"line":28,"column":47}},"9":{"start":{"line":30,"column":4},"end":{"line":32,"column":5}},"10":{"start":{"line":31,"column":6},"end":{"line":31,"column":34}},"11":{"start":{"line":35,"column":20},"end":{"line":35,"column":43}},"12":{"start":{"line":36,"column":20},"end":{"line":36,"column":40}},"13":{"start":{"line":39,"column":4},"end":{"line":43,"column":5}},"14":{"start":{"line":40,"column":6},"end":{"line":40,"column":27}},"15":{"start":{"line":42,"column":6},"end":{"line":42,"column":19}},"16":{"start":{"line":45,"column":4},"end":{"line":45,"column":39}},"17":{"start":{"line":50,"column":36},"end":{"line":66,"column":2}},"18":{"start":{"line":50,"column":75},"end":{"line":66,"column":1}},"19":{"start":{"line":52,"column":20},"end":{"line":52,"column":43}},"20":{"start":{"line":53,"column":22},"end":{"line":53,"column":44}},"21":{"start":{"line":54,"column":19},"end":{"line":54,"column":31}},"22":{"start":{"line":61,"column":4},"end":{"line":61,"column":74}},"23":{"start":{"line":64,"column":4},"end":{"line":64,"column":69}},"24":{"start":{"line":68,"column":26},"end":{"line":84,"column":2}},"25":{"start":{"line":68,"column":65},"end":{"line":84,"column":1}},"26":{"start":{"line":82,"column":4},"end":{"line":82,"column":69}},"27":{"start":{"line":86,"column":37},"end":{"line":98,"column":2}},"28":{"start":{"line":86,"column":76},"end":{"line":98,"column":1}},"29":{"start":{"line":88,"column":20},"end":{"line":88,"column":43}},"30":{"start":{"line":89,"column":22},"end":{"line":89,"column":44}},"31":{"start":{"line":90,"column":19},"end":{"line":90,"column":31}},"32":{"start":{"line":92,"column":4},"end":{"line":92,"column":58}},"33":{"start":{"line":96,"column":4},"end":{"line":96,"column":68}},"34":{"start":{"line":100,"column":39},"end":{"line":100,"column":41}},"35":{"start":{"line":103,"column":29},"end":{"line":211,"column":55}},"36":{"start":{"line":110,"column":6},"end":{"line":207,"column":1}},"37":{"start":{"line":112,"column":99},"end":{"line":112,"column":122}},"38":{"start":{"line":113,"column":24},"end":{"line":113,"column":42}},"39":{"start":{"line":114,"column":22},"end":{"line":114,"column":38}},"40":{"start":{"line":115,"column":19},"end":{"line":115,"column":31}},"41":{"start":{"line":116,"column":22},"end":{"line":116,"column":49}},"42":{"start":{"line":118,"column":4},"end":{"line":129,"column":5}},"43":{"start":{"line":119,"column":6},"end":{"line":119,"column":38}},"44":{"start":{"line":120,"column":19},"end":{"line":120,"column":32}},"45":{"start":{"line":121,"column":6},"end":{"line":121,"column":34}},"46":{"start":{"line":122,"column":6},"end":{"line":122,"column":25}},"47":{"start":{"line":124,"column":20},"end":{"line":124,"column":29}},"48":{"start":{"line":125,"column":6},"end":{"line":125,"column":26}},"49":{"start":{"line":126,"column":6},"end":{"line":126,"column":40}},"50":{"start":{"line":127,"column":6},"end":{"line":127,"column":22}},"51":{"start":{"line":128,"column":6},"end":{"line":128,"column":36}},"52":{"start":{"line":133,"column":22},"end":{"line":133,"column":52}},"53":{"start":{"line":136,"column":18},"end":{"line":136,"column":71}},
[...]
2},"end":{"line":212,"column":3}},"type":"if","locations":[{"start":{"line":193,"column":2},"end":{"line":212,"column":3}},{"start":{"line":193,"column":2},"end":{"line":212,"column":3}}],"line":193},"20":{"loc":{"start":{"line":196,"column":8},"end":{"line":207,"column":9}},"type":"if","locations":[{"start":{"line":196,"column":8},"end":{"line":207,"column":9}},{"start":{"line":196,"column":8},"end":{"line":207,"column":9}}],"line":196},"21":{"loc":{"start":{"line":196,"column":12},"end":{"line":196,"column":49}},"type":"binary-expr","locations":[{"start":{"line":196,"column":12},"end":{"line":196,"column":18}},{"start":{"line":196,"column":22},"end":{"line":196,"column":49}}],"line":196},"22":{"loc":{"start":{"line":198,"column":10},"end":{"line":202,"column":11}},"type":"if","locations":[{"start":{"line":198,"column":10},"end":{"line":202,"column":11}},{"start":{"line":198,"column":10},"end":{"line":202,"column":11}}],"line":198},"23":{"loc":{"start":{"line":233,"column":2},"end":{"line":233,"column":76}},"type":"if","locations":[{"start":{"line":233,"column":2},"end":{"line":233,"column":76}},{"start":{"line":233,"column":2},"end":{"line":233,"column":76}}],"line":233},"24":{"loc":{"start":{"line":240,"column":4},"end":{"line":244,"column":5}},"type":"if","locations":[{"start":{"line":240,"column":4},"end":{"line":244,"column":5}},{"start":{"line":240,"column":4},"end":{"line":244,"column":5}}],"line":240},"25":{"loc":{"start":{"line":249,"column":6},"end":{"line":262,"column":7}},"type":"if","locations":[{"start":{"line":249,"column":6},"end":{"line":262,"column":7}},{"start":{"line":249,"column":6},"end":{"line":262,"column":7}}],"line":249},"26":{"loc":{"start":{"line":249,"column":10},"end":{"line":249,"column":43}},"type":"binary-expr","locations":[{"start":{"line":249,"column":10},"end":{"line":249,"column":16}},{"start":{"line":249,"column":20},"end":{"line":249,"column":43}}],"line":249},"27":{"loc":{"start":{"line":251,"column":8},"end":{"line":261,"column":9}},"type":"if","locations":[{"start":{"line":251,"column":8},"end":{"line":261,"column":9}},{"start":{"line":251,"column":8},"end":{"line":261,"column":9}}],"line":251},"28":{"loc":{"start":{"line":251,"column":12},"end":{"line":251,"column":76}},"type":"binary-expr","locations":[{"start":{"line":251,"column":12},"end":{"line":251,"column":42}},{"start":{"line":251,"column":46},"end":{"line":251,"column":76}}],"line":251},"29":{"loc":{"start":{"line":252,"column":10},"end":{"line":259,"column":11}},"type":"if","locations":[{"start":{"line":252,"column":10},"end":{"line":259,"column":11}},{"start":{"line":252,"column":10},"end":{"line":259,"column":11}}],"line":252},"30":{"loc":{"start":{"line":255,"column":12},"end":{"line":258,"column":13}},"type":"if","locations":[{"start":{"line":255,"column":12},"end":{"line":258,"column":13}},{"start":{"line":255,"column":12},"end":{"line":258,"column":13}}],"line":255},"31":{"loc":{"start":{"line":263,"column":6},"end":{"line":266,"column":7}},"type":"if","locations":[{"start":{"line":263,"column":6},"end":{"line":266,"column":7}},{"start":{"line":263,"column":6},"end":{"line":266,"column":7}}],"line":263},"32":{"loc":{"start":{"line":277,"column":2},"end":{"line":277,"column":68}},"type":"if","locations":[{"start":{"line":277,"column":2},"end":{"line":277,"column":68}},{"start":{"line":277,"column":2},"end":{"line":277,"column":68}}],"line":277},"33":{"loc":{"start":{"line":279,"column":2},"end":{"line":279,"column":39}},"type":"if","locations":[{"start":{"line":279,"column":2},"end":{"line":279,"column":39}},{"start":{"line":279,"column":2},"end":{"line":279,"column":39}}],"line":279},"34":{"loc":{"start":{"line":289,"column":2},"end":{"line":289,"column":73}},"type":"if","locations":[{"start":{"line":289,"column":2},"end":{"line":289,"column":73}},{"start":{"line":289,"column":2},"end":{"line":289,"column":73}}],"line":289},"35":{"loc":{"start":{"line":290,"column":2},"end":{"line":290,"column":66}},"type":"if","locations":[{"start":{"line":290,"column":2},"end":{"line":290,"column":66}},{"start":{"line":290,"column":2},"end":{"line":290,"column":66}}],"line":290},"36":{"loc":{"start":{"line":292,"column":2},"end":{"line":292,"column":37}},"type":"if","locations":[{"start":{"line":292,"column":2},"end":{"line":292,"column":37}},{"start":{"line":292,"column":2},"end":{"line":292,"column":37}}],"line":292},"37":{"loc":{"start":{"line":301,"column":2},"end":{"line":301,"column":62}},"type":"if","locations":[{"start":{"line":301,"column":2},"end":{"line":301,"column":62}},{"start":{"line":301,"column":2},"end":{"line":301,"column":62}}],"line":301},"38":{"loc":{"start":{"line":307,"column":2},"end":{"line":307,"column":41}},"type":"if","locations":[{"start":{"line":307,"column":2},"end":{"line":307,"column":41}},{"start":{"line":307,"column":2},"end":{"line":307,"column":41}}],"line":307},"39":{"loc":{"start":{"line":328,"column":4},"end":{"line":332,"column":5}},"type":"if","locations":[{"start":{"line":328,"column":4},"end":{"line":332,"column":5}},{"start":{"line":328,"column":4},"end":{"line":332,"column":5}}],"line":328},"40":{"loc":{"start":{"line":350,"column":2},"end":{"line":350,"column":87}},"type":"if","locations":[{"start":{"line":350,"column":2},"end":{"line":350,"column":87}},{"start":{"line":350,"column":2},"end":{"line":350,"column":87}}],"line":350},"41":{"loc":{"start":{"line":361,"column":2},"end":{"line":361,"column":74}},"type":"if","locations":[{"start":{"line":361,"column":2},"end":{"line":361,"column":74}},{"start":{"line":361,"column":2},"end":{"line":361,"column":74}}],"line":361},"42":{"loc":{"start":{"line":370,"column":2},"end":{"line":370,"column":66}},"type":"if","locations":[{"start":{"line":370,"column":2},"end":{"line":370,"column":66}},{"start":{"line":370,"column":2},"end":{"line":370,"column":66}}],"line":370},"43":{"loc":{"start":{"line":373,"column":2},"end":{"line":373,"column":47}},"type":"if","locations":[{"start":{"line":373,"column":2},"end":{"line":373,"column":47}},{"start":{"line":373,"column":2},"end":{"line":373,"column":47}}],"line":373},"44":{"loc":{"start":{"line":433,"column":4},"end":{"line":439,"column":5}},"type":"if","locations":[{"start":{"line":433,"column":4},"end":{"line":439,"column":5}},{"start":{"line":433,"column":4},"end":{"line":439,"column":5}}],"line":433}},"s":{"0":3,"1":27,"2":27,"3":0,"4":1,"5":0,"6":0,"7":0,"8":0,"9":0,"10":0,"11":0,"12":1,"13":0,"14":0,"15":1,"16":0,"17":0,"18":0,"19":0,"20":0,"21":0,"22":0,"23":0,"24":1,"25":0,"26":0,"27":0,"28":0,"29":0,"30":0,"31":0,"32":0,"33":0,"34":0,"35":0,"36":0,"37":0,"38":0,"39":0,"40":0,"41":0,"42":0,"43":0,"44":0,"45":0,"46":0,"47":0,"48":0,"49":0,"50":0,"51":0,"52":0,"53":0,"54":0,"55":0,"56":0,"57":0,"58":0,"59":0,"60":0,"61":0,"62":0,"63":0,"64":0,"65":0,"66":0,"67":0,"68":0,"69":0,"70":0,"71":0,"72":0,"73":0,"74":0,"75":0,"76":0,"77":0,"78":0,"79":0,"80":0,"81":0,"82":0,"83":0,"84":0,"85":0,"86":0,"87":0,"88":0,"89":0,"90":0,"91":0,"92":0,"93":0,"94":0,"95":0,"96":0,"97":0,"98":0,"99":0,"100":0,"101":0,"102":0,"103":0,"104":0,"105":0,"106":1,"107":1,"108":0,"109":0,"110":0,"111":0,"112":0,"113":0,"114":0,"115":0,"116":0,"117":0,"118":0,"119":0,"120":0,"121":0,"122":0,"123":0,"124":0,"125":0,"126":0,"127":0,"128":0,"129":0,"130":0,"131":0,"132":0,"133":0,"134":0,"135":0,"136":0,"137":0,"138":1,"139":1,"140":0,"141":0,"142":0,"143":0,"144":0,"145":0,"146":0,"147":0,"148":0,"149":0,"150":0,"151":0,"152":0,"153":0,"154":0,"155":0,"156":0,"157":0,"158":0,"159":0,"160":0,"161":0,"162":0,"163":0,"164":0,"165":0,"166":0,"167":0,"168":0,"169":0,"170":0,"171":0,"172":0,"173":0,"174":0,"175":0,"176":0,"177":0,"178":0,"179":0,"180":0,"181":0,"182":0,"183":0,"184":0,"185":0,"186":0,"187":0,"188":0,"189":0,"190":0,"191":0,"192":0,"193":0,"194":0,"195":0,"196":0,"197":0,"198":0,"199":0,"200":0,"201":0,"202":0,"203":0,"204":1,"205":1,"206":1,"207":1,"208":9,"209":1,"210":1,"211":9,"212":1,"213":1,"214":9,"215":0,"216":0,"217":0,"218":0,"219":0,"220":0,"221":0,"222":0,"223":0,"224":1,"225":1},"f":{"0":3,"1":0,"2":0,"3":0,"4":0,"5":0,"6":0,"7":0,"8":0,"9":0,"10":0,"11":0,"12":0,"13":0,"14":0,"15":0,"16":0,"17":0,"18":0,"19":0,"20":0,"21":0,"22":0,"23":0,"24":0,"25":0,"26":0,"27":0,"28":0,"29":0,"30":0,"31":0,"32":0,"33":0,"34":0,"35":0,"36":0,"37":0,"38":1,"39":9,"40":9,"41":9,"42":0,"43":0},"b":{"0":[27,0],"1":[0,0,0,0,0],"2":[0,0],"3":[1,0],"4":[0,0],"5":[0,0],"6":[0,0],"7":[0,0],"8":[0,0],"9":[0,0],"10":[0,0],"11":[0,0],"12":[0,0],"13":[0,0],"14":[0,0],"15":[0,0],"16":[0,0],"17":[0,0],"18":[0,0],"19":[0,0],"20":[0,0],"21":[0,0],"22":[0,0],"23":[0,0],"24":[0,0],"25":[0,0],"26":[0,0],"27":[0,0],"28":[0,0],"29":[0,0],"30":[0,0],"31":[0,0],"32":[0,0],"33":[0,0],"34":[0,0],"35":[0,0],"36":[0,0],"37":[0,0],"38":[0,0],"39":[0,0],"40":[0,0],"41":[0,0],"42":[0,0],"43":[0,0],"44":[0,0]},"_coverageSchema":"332fd63041d2c1bcb487cc26dd0d5f7d97098a6c","hash":"589cacc842189bc14495dc02b13d6b5054ac2ceb"}
,"/Users/wangliangjing/WebstormProjects/redux-heaven/src/index.js": {"path":"/Users/wangliangjing/WebstormProjects/redux-heaven/src/index.js","statementMap":{},"fnMap":{},"branchMap":{},"s":{},"f":{},"b":{},"_coverageSchema":"332fd63041d2c1bcb487cc26dd0d5f7d97098a6c","hash":"39db1dc753ec71c13c281526beb0324b6b9899f7"}
,"/Users/wangliangjing/WebstormProjects/redux-heaven/src/selector.js": {"path":"/Users/wangliangjing/WebstormProjects/redux-heaven/src/selector.js","statementMap":{},"fnMap":{},"branchMap":{},"s":{},"f":{},"b":{}}
,"/Users/wangliangjing/WebstormProjects/redux-heaven/src/utils.js": {"path":"/Users/wangliangjing/WebstormProjects/redux-heaven/src/utils.js","statementMap":{"0":{"start":{"line":29,"column":16},"end":{"line":29,"column":95}},"1":{"start":{"line":29,"column":55},"end":{"line":29,"column":95}},"2":{"start":{"line":41,"column":25},"end":{"line":41,"column":76}},"3":{"start":{"line":41,"column":49},"end":{"line":41,"column":76}},"4":{"start":{"line":54,"column":23},"end":{"line":54,"column":39}},"5":{"start":{"line":56,"column":33},"end":{"line":58,"column":1}},"6":{"start":{"line":56,"column":47},"end":{"line":58,"column":1}},"7":{"start":{"line":57,"column":2},"end":{"line":57,"column":48}},"8":{"start":{"line":60,"column":39},"end":{"line":64,"column":1}},"9":{"start":{"line":60,"column":53},"end":{"line":64,"column":1}},"10":{"start":{"line":61,"column":13},"end":{"line":61,"column":31}},"11":{"start":{"line":63,"column":2},"end":{"line":63,"column":24}},"12":{"start":{"line":67,"column":26},"end":{"line":74,"column":1}},"13":{"start":{"line":68,"column":18},"end":{"line":68,"column":26}},"14":{"start":{"line":70,"column":2},"end":{"line":73,"column":3}},"15":{"start":{"line":71,"column":4},"end":{"line":71,"column":20}},"16":{"start":{"line":72,"column":4},"end":{"line":72,"column":49}},"17":{"start":{"line":76,"column":30},"end":{"line":102,"column":1}},"18":{"start":{"line":77,"column":23},"end":{"line":77,"column":58}},"19":{"start":{"line":82,"column":2},"end":{"line":101,"column":5}},"20":{"start":{"line":83,"column":4},"end":{"line":100,"column":5}},"21":{"start":{"line":84,"column":20},"end":{"line":84,"column":25}},"22":{"start":{"line":85,"column":25},"end":{"line":85,"column":40}},"23":{"start":{"line":86,"column":25},"end":{"line":86,"column":83}},"24":{"start":{"line":87,"column":6},"end":{"line":96,"column":7}},"25":{"start":{"line":88,"column":8},"end":{"line":95,"column":9}},"26":{"start":{"line":89,"column":10},"end":{"line":89,"column":70}},"27":{"start":{"line":90,"column":10},"end":{"line":90,"column":68}},"28":{"start":{"line":91,"column":10},"end":{"line":91,"column":25}},"29":{"start":{"line":92,"column":15},"end":{"line":95,"column":9}},"30":{"start":{"line":93,"column":10},"end":{"line":93,"column":72}},"31":{"start":{"line":94,"column":10},"end":{"line":94,"column":25}},"32":{"start":{"line":97,"column":6},"end":{"line":99,"column":7}},"33":{"start":{"line":98,"column":8},"end":{"line":98,"column":36}},"34":{"start":{"line":112,"column":24},"end":{"line":118,"column":1}},"35":{"start":{"line":113,"column":2},"end":{"line":115,"column":3}},"36":{"start":{"line":114,"column":4},"end":{"line":114,"column":57}},"37":{"start":{"line":117,"column":2},"end":{"line":117,"column":48}},"38":{"start":{"line":120,"column":33},"end":{"line":123,"column":1}},"39":{"start":{"line":120,"column":92},"end":{"line":123,"column":1}},"40":{"start":{"line":126,"column":16},"end":{"line":126,"column":17}},"41":{"start":{"line":129,"column":2},"end":{"line":134,"column":5}},"42":{"start":{"line":130,"column":4},"end":{"line":132,"column":5}},"43":{"start":{"line":131,"column":6},"end":{"line":131,"column":19}},"44":{"start":{"line":133,"column":4},"end":{"line":133,"column":14}},"45":{"start":{"line":136,"column":2},"end":{"line":136,"column":43}},"46":{"start":{"line":140,"column":22},"end":{"line":140,"column":56}},"47":{"start":{"line":141,"column":22},"end":{"line":141,"column":56}},"48":{"start":{"line":142,"column":19},"end":{"line":142,"column":53}},"49":{"start":{"line":144,"column":2},"end":{"line":149,"column":3}},"50":{"start":{"line":145,"column":4},"end":{"line":148,"column":6}},"51":{"start":{"line":150,"column":2},"end":{"line":150,"column":14}},"52":{"start":{"line":154,"column":2},"end":{"line":161,"column":3}},"53":{"start":{"line":155,"column":4},"end":{"line":160,"column":5}},"54":{"start":{"line":156,"column":6},"end":{"line":159,"column":7}},"55":{"start":{"line":157,"column":10},"end":{"line":157,"column":38}},"56":{"start":{"line":158,"column":10},"end":{"line":158,"column":16}}},"fnMap":{"0":{"name":"(anonymous_0)","decl":{"start":{"line":29,"column":16},"end":{"line":29,"column":17}},"loc":{"start":{"line":29,"column":55},"end":{"line":29,"column":95}},"line":29},"1":{"name":"(anonymous_1)","decl":{"start":{"line":41,"column":25},"end":{"line":41,"column":26}},"loc":{"start":{"line":41,"column":49},"end":{"line":41,"column":76}},"line":41},"2":{"name":"(anonymous_2)","decl":{"start":{"line":56,"column":33},"end":{"line":56,"column":34}},"loc":{"start":{"line":56,"column":47},"end":{"line":58,"column":1}},"line":56},"3":{"name":"(anonymous_3)","decl":{"start":{"line":56,"column":47},"end":{"line":56,"column":48}},"loc":{"start":{"line":56,"column":65},"end":{"line":58,"column":1}},"line":56},"4":{"name":"(anonymous_4)","decl":{"start":{"line":60,"column":39},"end":{"line":60,"column":40}},"loc":{"start":{"line":60,"column":53},"end":{"line":64,"column":1}},"line":60},"5":{"name":"(anonymous_5)","decl":{"start":{"line":60,"column":53},"end":{"line":60,"column":54}},"loc":{"start":{"line":60,"column":65},"end":{"line":64,"column":1}},"line":60},"6":{"name":"(anonymous_6)","decl":{"start":{"line":67,"column":26},"end":{"line":67,"column":27}},"loc":{"start":{"line":67,"column":46},"end":{"line":74,"column":1}},"line":67},"7":{"name":"(anonymous_7)","decl":{"start":{"line":76,"column":30},"end":{"line":76,"column":31}},"loc":{"start":{"line":76,"column":61},"end":{"line":102,"column":1}},"line":76},"8":{"name":"(anonymous_8)","decl":{"start":{"line":82,"column":35},"end":{"line":82,"column":36}},"loc":{"start":{"line":82,"column":44},"end":{"line":101,"column":3}},"line":82},"9":{"name":"(anonymous_9)","decl":{"start":{"line":112,"column":24},"end":{"line":112,"column":25}},"loc":{"start":{"line":112,"column":34},"end":{"line":118,"column":1}},"line":112},"10":{"name":"(anonymous_10)","decl":{"start":{"line":120,"column":33},"end":{"line":120,"column":34}},"loc":{"start":{"line":120,"column":92},"end":{"line":123,"column":1}},"line":120},"11":{"name":"objectShallowEquals","decl":{"start":{"line":125,"column":9},"end":{"line":125,"column":28}},"loc":{"start":{"line":125,"column":36},"end":{"line":137,"column":1}},"line":125},"12":{"name":"(anonymous_12)","decl":{"start":{"line":129,"column":12},"end":{"line":129,"column":13}},"loc":{"start":{"line":129,"column":28},"end":{"line":134,"column":3}},"line":129},"13":{"name":"arrayDiffActions","decl":{"start":{"line":139,"column":9},"end":{"line":139,"column":25}},"loc":{"start":{"line":139,"column":49},"end":{"line":151,"column":1}},"line":139},"14":{"name":"putCandidateIdKeyIntoObject","decl":{"start":{"line":153,"column":9},"end":{"line":153,"column":36}},"loc":{"start":{"line":153,"column":72},"end":{"line":162,"column":1}},"line":153}},"branchMap":{"0":{"loc":{"start":{"line":87,"column":6},"end":{"line":96,"column":7}},"type":"if","locations":[{"start":{"line":87,"column":6},"end":{"line":96,"column":7}},{"start":{"line":87,"column":6},"end":{"line":96,"column":7}}],"line":87},"1":{"loc":{"start":{"line":88,"column":8},"end":{"line":95,"column":9}},"type":"if","locations":[{"start":{"line":88,"column":8},"end":{"line":95,"column":9}},{"start":{"line":88,"column":8},"end":{"line":95,"column":9}}],"line":88},"2":{"loc":{"start":{"line":92,"column":15},"end":{"line":95,"column":9}},"type":"if","locations":[{"start":{"line":92,"column":15},"end":{"line":95,"column":9}},{"start":{"line":92,"column":15},"end":{"line":95,"column":9}}],"line":92},"3":{"loc":{"start":{"line":97,"column":6},"end":{"line":99,"column":7}},"type":"if","locations":[{"start":{"line":97,"column":6},"end":{"line":99,"column":7}},{"start":{"line":97,"column":6},"end":{"line":99,"column":7}}],"line":97},"4":{"loc":{"start":{"line":113,"column":2},"end":{"line":115,"column":3}},"type":"if","locations":[{"start":{"line":113,"column":2},"end":{"line":115,"column":3}},{"start":{"line":113,"column":2},"end":{"line":115,"column":3}}],"line":113},"5":{"loc":{"start":{"line":117,"column":9},"end":{"line":117,"column":47}},"type":"cond-expr","locations":[{"start":{"line":117,"column":24},"end":{"line":117,"column":38}},{"start":{"line":117,"column":41},"end":{"line":117,"column":47}}],"line":117},"6":{"loc":{"start":{"line":130,"column":4},"end":{"line":132,"column":5}},"type":"if","locations":[{"start":{"line":130,"column":4},"end":{"line":132,"column":5}},{"start":{"line":130,"column":4},"end":{"line":132,"column":5}}],"line":130},"7":{"loc":{"start":{"line":130,"column":8},"end":{"line":130,"column":50}},"type":"binary-expr","locations":[{"start":{"line":130,"column":8},"end":{"line":130,"column":30}},{"start":{"line":130,"column":34},"end":{"line":130,"column":50}}],"line":130},"8":{"loc":{"start":{"line":144,"column":2},"end":{"line":149,"column":3}},"type":"if","locations":[{"start":{"line":144,"column":2},"end":{"line":149,"column":3}},{"start":{"line":144,"column":2},"end":{"line":149,"column":3}}],"line":144},"9":{"loc":{"start":{"line":144,"column":6},"end":{"line":144,"column":43}},"type":"binary-expr","locations":[{"start":{"line":144,"column":6},"end":{"line":144,"column":24}},{"start":{"line":144,"column":28},"end":{"line":144,"column":43}}],"line":144},"10":{"loc":{"start":{"line":154,"column":2},"end":{"line":161,"column":3}},"type":"if","locations":[{"start":{"line":154,"column":2},"end":{"line":161,"column":3}},{"start":{"line":154,"column":2},"end":{"line":161,"column":3}}],"line":154},"11":{"loc":{"start":{"line":156,"column":6},"end":{"line":159,"column":7}},"type":"if","locations":[{"start":{"line":156,"column":6},"end":{"line":159,"column":7}},{"start":{"line":156,"column":6},"end":{"line":159,"column":7}}],"line":156}},"s":{"0":1,"1":0,"2":1,"3":0,"4":1,"5":1,"6":0,"7":0,"8":1,"9":0,"10":0,"11":0,"12":1,"13":0,"14":0,"15":0,"16":0,"17":1,"18":0,"19":0,"20":0,"21":0,"22":0,"23":0,"24":0,"25":0,"26":0,"27":0,"28":0,"29":0,"30":0,"31":0,"32":0,"33":0,"34":1,"35":0,"36":0,"37":0,"38":1,"39":0,"40":0,"41":0,"42":0,"43":0,"44":0,"45":0,"46":0,"47":0,"48":0,"49":0,"50":0,"51":0,"52":0,"53":0,"54":0,"55":0,"56":0},"f":{"0":0,"1":0,"2":0,"3":0,"4":0,"5":0,"6":0,"7":0,"8":0,"9":0,"10":0,"11":0,"12":0,"13":0,"14":0},"b":{"0":[0,0],"1":[0,0],"2":[0,0],"3":[0,0],"4":[0,0],"5":[0,0],"6":[0,0],"7":[0,0],"8":[0,0],"9":[0,0],"10":[0,0],"11":[0,0]},"_coverageSchema":"332fd63041d2c1bcb487cc26dd0d5f7d97098a6c","hash":"dc80d4b02b77dac48e7fb3d8ddb0fa6173d6e7af"}
}
