TN:
SF:/Users/wangliangjing/WebstormProjects/redux-heaven/src/Model.js
FN:35,getByIdQuery
FN:59,(anonymous_1)
FN:63,(anonymous_2)
FN:68,(anonymous_3)
FN:77,(anonymous_4)
FN:81,(anonymous_5)
FN:91,(anonymous_6)
FN:105,(anonymous_7)
FN:109,(anonymous_8)
FN:113,(anonymous_9)
FN:118,(anonymous_10)
FN:126,(anonymous_11)
FN:130,(anonymous_12)
FN:134,(anonymous_13)
FN:137,(anonymous_14)
FN:145,(anonymous_15)
FN:146,(anonymous_16)
FN:158,(anonymous_17)
FN:163,(anonymous_18)
FN:188,(anonymous_19)
FN:190,(anonymous_20)
FN:216,(anonymous_21)
FN:224,(anonymous_22)
FN:321,(anonymous_23)
FN:341,(anonymous_24)
FN:359,(anonymous_25)
FN:364,(anonymous_26)
FN:387,(anonymous_27)
FN:408,(anonymous_28)
FN:412,(anonymous_29)
FN:420,(anonymous_30)
FN:430,(anonymous_31)
FN:444,(anonymous_32)
FN:448,(anonymous_33)
FN:452,(anonymous_34)
FN:469,(anonymous_35)
FN:482,(anonymous_36)
FN:493,(anonymous_37)
FN:503,(anonymous_38)
FN:608,(anonymous_39)
FN:616,(anonymous_40)
FNF:41
FNH:0
FNDA:0,getByIdQuery
FNDA:0,(anonymous_1)
FNDA:0,(anonymous_2)
FNDA:0,(anonymous_3)
FNDA:0,(anonymous_4)
FNDA:0,(anonymous_5)
FNDA:0,(anonymous_6)
FNDA:0,(anonymous_7)
FNDA:0,(anonymous_8)
FNDA:0,(anonymous_9)
FNDA:0,(anonymous_10)
FNDA:0,(anonymous_11)
FNDA:0,(anonymous_12)
FNDA:0,(anonymous_13)
FNDA:0,(anonymous_14)
FNDA:0,(anonymous_15)
FNDA:0,(anonymous_16)
FNDA:0,(anonymous_17)
FNDA:0,(anonymous_18)
FNDA:0,(anonymous_19)
FNDA:0,(anonymous_20)
FNDA:0,(anonymous_21)
FNDA:0,(anonymous_22)
FNDA:0,(anonymous_23)
FNDA:0,(anonymous_24)
FNDA:0,(anonymous_25)
FNDA:0,(anonymous_26)
FNDA:0,(anonymous_27)
FNDA:0,(anonymous_28)
FNDA:0,(anonymous_29)
FNDA:0,(anonymous_30)
FNDA:0,(anonymous_31)
FNDA:0,(anonymous_32)
FNDA:0,(anonymous_33)
FNDA:0,(anonymous_34)
FNDA:0,(anonymous_35)
FNDA:0,(anonymous_36)
FNDA:0,(anonymous_37)
FNDA:0,(anonymous_38)
FNDA:0,(anonymous_39)
FNDA:0,(anonymous_40)
DA:36,0
DA:37,0
DA:51,1
DA:60,0
DA:64,0
DA:65,0
DA:69,0
DA:78,0
DA:82,0
DA:92,0
DA:93,0
DA:96,0
DA:106,0
DA:110,0
DA:114,0
DA:115,0
DA:119,0
DA:127,0
DA:131,0
DA:135,0
DA:137,0
DA:143,0
DA:144,0
DA:145,0
DA:146,0
DA:159,0
DA:160,0
DA:161,0
DA:163,0
DA:164,0
DA:165,0
DA:166,0
DA:169,0
DA:170,0
DA:172,0
DA:173,0
DA:176,0
DA:177,0
DA:182,0
DA:183,0
DA:185,0
DA:188,0
DA:189,0
DA:190,0
DA:192,0
DA:194,0
DA:195,0
DA:196,0
DA:197,0
DA:198,0
DA:200,0
DA:201,0
DA:217,0
DA:218,0
DA:222,0
DA:224,0
DA:225,0
DA:226,0
DA:228,0
DA:229,0
DA:231,0
DA:236,0
DA:237,0
DA:243,0
DA:244,0
DA:245,0
DA:248,0
DA:251,0
DA:252,0
DA:253,0
DA:254,0
DA:258,0
DA:259,0
DA:260,0
DA:262,0
DA:265,0
DA:266,0
DA:268,0
DA:273,0
DA:274,0
DA:276,0
DA:277,0
DA:282,0
DA:285,0
DA:286,0
DA:287,0
DA:293,0
DA:297,0
DA:303,0
DA:304,0
DA:307,0
DA:309,0
DA:322,0
DA:323,0
DA:324,0
DA:325,0
DA:326,0
DA:329,0
DA:342,0
DA:343,0
DA:346,0
DA:347,0
DA:349,0
DA:360,0
DA:361,0
DA:365,0
DA:366,0
DA:388,0
DA:390,0
DA:392,0
DA:393,0
DA:394,0
DA:395,0
DA:398,0
DA:409,0
DA:413,0
DA:421,0
DA:431,0
DA:434,0
DA:445,0
DA:446,0
DA:447,0
DA:448,0
DA:449,0
DA:450,0
DA:451,0
DA:452,0
DA:454,0
DA:456,0
DA:457,0
DA:459,0
DA:471,0
DA:483,0
DA:494,0
DA:497,0
DA:498,0
DA:499,0
DA:501,0
DA:502,0
DA:503,0
DA:504,0
DA:506,0
DA:507,0
DA:509,0
DA:512,0
DA:513,0
DA:514,0
DA:516,0
DA:522,0
DA:526,0
DA:527,0
DA:529,0
DA:532,0
DA:533,0
DA:534,0
DA:535,0
DA:542,0
DA:544,0
DA:548,0
DA:550,0
DA:551,0
DA:552,0
DA:567,0
DA:568,0
DA:569,0
DA:571,0
DA:573,0
DA:574,0
DA:576,0
DA:577,0
DA:579,0
DA:580,0
DA:582,0
DA:584,0
DA:585,0
DA:591,0
DA:594,0
DA:596,0
DA:609,0
DA:610,0
DA:617,0
DA:618,0
DA:619,0
DA:620,0
DA:622,0
DA:623,0
DA:624,0
DA:625,0
DA:626,0
DA:628,0
DA:631,0
DA:632,0
LF:192
LH:1
BRDA:64,0,0,0
BRDA:64,0,1,0
BRDA:92,1,0,0
BRDA:92,1,1,0
BRDA:143,2,0,0
BRDA:143,2,1,0
BRDA:172,3,0,0
BRDA:172,3,1,0
BRDA:176,4,0,0
BRDA:176,4,1,0
BRDA:182,5,0,0
BRDA:182,5,1,0
BRDA:194,6,0,0
BRDA:194,6,1,0
BRDA:197,7,0,0
BRDA:197,7,1,0
BRDA:200,8,0,0
BRDA:200,8,1,0
BRDA:228,9,0,0
BRDA:228,9,1,0
BRDA:228,10,0,0
BRDA:228,10,1,0
BRDA:236,11,0,0
BRDA:236,11,1,0
BRDA:243,12,0,0
BRDA:243,12,1,0
BRDA:245,13,0,0
BRDA:245,13,1,0
BRDA:253,14,0,0
BRDA:253,14,1,0
BRDA:258,15,0,0
BRDA:258,15,1,0
BRDA:265,16,0,0
BRDA:265,16,1,0
BRDA:273,17,0,0
BRDA:273,17,1,0
BRDA:286,18,0,0
BRDA:286,18,1,0
BRDA:323,19,0,0
BRDA:323,19,1,0
BRDA:323,20,0,0
BRDA:323,20,1,0
BRDA:341,21,0,0
BRDA:342,22,0,0
BRDA:342,22,1,0
BRDA:392,23,0,0
BRDA:392,23,1,0
BRDA:394,24,0,0
BRDA:394,24,1,0
BRDA:450,25,0,0
BRDA:450,25,1,0
BRDA:497,26,0,0
BRDA:497,26,1,0
BRDA:506,27,0,0
BRDA:506,27,1,0
BRDA:512,28,0,0
BRDA:512,28,1,0
BRDA:513,29,0,0
BRDA:513,29,1,0
BRDA:532,30,0,0
BRDA:532,30,1,0
BRDA:534,31,0,0
BRDA:534,31,1,0
BRDA:568,32,0,0
BRDA:568,32,1,0
BRDA:571,33,0,0
BRDA:571,33,1,0
BRDA:571,34,0,0
BRDA:571,34,1,0
BRDA:574,35,0,0
BRDA:574,35,1,0
BRDA:579,36,0,0
BRDA:579,36,1,0
BRDA:582,37,0,0
BRDA:582,37,1,0
BRDA:620,38,0,0
BRDA:620,38,1,0
BRDA:623,39,0,0
BRDA:623,39,1,0
BRDA:625,40,0,0
BRDA:625,40,1,0
BRDA:628,41,0,0
BRDA:628,41,1,0
BRDA:631,42,0,0
BRDA:631,42,1,0
BRF:85
BRH:0
end_of_record
TN:
SF:/Users/wangliangjing/WebstormProjects/redux-heaven/src/ORM.js
FN:31,(anonymous_0)
FN:48,(anonymous_1)
FN:48,(anonymous_2)
FN:55,(anonymous_3)
FN:86,(anonymous_4)
FN:89,(anonymous_5)
FN:98,(anonymous_6)
FN:105,(anonymous_7)
FN:109,(anonymous_8)
FN:116,(anonymous_9)
FN:118,(anonymous_10)
FN:121,(anonymous_11)
FN:137,(anonymous_12)
FN:139,(anonymous_13)
FN:151,(anonymous_14)
FN:163,(anonymous_15)
FN:171,(anonymous_16)
FN:179,(anonymous_17)
FNF:18
FNH:0
FNDA:0,(anonymous_0)
FNDA:0,(anonymous_1)
FNDA:0,(anonymous_2)
FNDA:0,(anonymous_3)
FNDA:0,(anonymous_4)
FNDA:0,(anonymous_5)
FNDA:0,(anonymous_6)
FNDA:0,(anonymous_7)
FNDA:0,(anonymous_8)
FNDA:0,(anonymous_9)
FNDA:0,(anonymous_10)
FNDA:0,(anonymous_11)
FNDA:0,(anonymous_12)
FNDA:0,(anonymous_13)
FNDA:0,(anonymous_14)
FNDA:0,(anonymous_15)
FNDA:0,(anonymous_16)
FNDA:0,(anonymous_17)
DA:10,1
DA:27,1
DA:32,0
DA:33,0
DA:34,0
DA:35,0
DA:36,0
DA:48,0
DA:49,0
DA:50,0
DA:52,0
DA:56,0
DA:58,0
DA:59,0
DA:75,0
DA:76,0
DA:87,0
DA:89,0
DA:92,0
DA:93,0
DA:95,0
DA:99,0
DA:100,0
DA:102,0
DA:105,0
DA:110,0
DA:111,0
DA:113,0
DA:118,0
DA:119,0
DA:120,0
DA:121,0
DA:122,0
DA:125,0
DA:126,0
DA:127,0
DA:131,0
DA:132,0
DA:138,0
DA:139,0
DA:140,0
DA:142,0
DA:144,0
DA:148,0
DA:152,0
DA:153,0
DA:156,0
DA:163,0
DA:171,0
DA:179,0
LF:50
LH:2
BRDA:31,0,0,0
BRDA:58,1,0,0
BRDA:58,1,1,0
BRDA:59,2,0,0
BRDA:59,2,1,0
BRDA:92,3,0,0
BRDA:92,3,1,0
BRDA:105,4,0,0
BRDA:105,4,1,0
BRDA:110,5,0,0
BRDA:110,5,1,0
BRDA:119,6,0,0
BRDA:119,6,1,0
BRDA:122,7,0,0
BRDA:122,7,1,0
BRDA:125,8,0,0
BRDA:125,8,1,0
BRDA:152,9,0,0
BRDA:152,9,1,0
BRF:19
BRH:0
end_of_record
TN:
SF:/Users/wangliangjing/WebstormProjects/redux-heaven/src/QuerySet.js
FN:43,(anonymous_0)
FN:52,(anonymous_1)
FN:56,(anonymous_2)
FN:61,(anonymous_3)
FN:63,(anonymous_4)
FN:76,(anonymous_5)
FN:85,(anonymous_6)
FN:88,(anonymous_7)
FN:96,(anonymous_8)
FN:107,(anonymous_9)
FN:121,(anonymous_10)
FN:135,(anonymous_11)
FN:143,(anonymous_12)
FN:152,(anonymous_13)
FN:162,(anonymous_14)
FN:178,(anonymous_15)
FN:186,(anonymous_16)
FN:214,(anonymous_17)
FN:227,(anonymous_18)
FN:243,(anonymous_19)
FN:245,(anonymous_20)
FNF:21
FNH:0
FNDA:0,(anonymous_0)
FNDA:0,(anonymous_1)
FNDA:0,(anonymous_2)
FNDA:0,(anonymous_3)
FNDA:0,(anonymous_4)
FNDA:0,(anonymous_5)
FNDA:0,(anonymous_6)
FNDA:0,(anonymous_7)
FNDA:0,(anonymous_8)
FNDA:0,(anonymous_9)
FNDA:0,(anonymous_10)
FNDA:0,(anonymous_11)
FNDA:0,(anonymous_12)
FNDA:0,(anonymous_13)
FNDA:0,(anonymous_14)
FNDA:0,(anonymous_15)
FNDA:0,(anonymous_16)
FNDA:0,(anonymous_17)
FNDA:0,(anonymous_18)
FNDA:0,(anonymous_19)
FNDA:0,(anonymous_20)
DA:34,1
DA:44,0
DA:49,0
DA:53,0
DA:57,0
DA:58,0
DA:62,0
DA:63,0
DA:64,0
DA:66,0
DA:77,0
DA:78,0
DA:86,0
DA:87,0
DA:88,0
DA:97,0
DA:98,0
DA:108,0
DA:122,0
DA:123,0
DA:124,0
DA:125,0
DA:128,0
DA:136,0
DA:144,0
DA:145,0
DA:153,0
DA:163,0
DA:166,0
DA:168,0
DA:179,0
DA:182,0
DA:183,0
DA:187,0
DA:188,0
DA:189,0
DA:193,0
DA:194,0
DA:195,0
DA:215,0
DA:216,0
DA:228,0
DA:236,0
DA:245,0
DA:247,0
DA:255,0
DA:259,1
LF:47
LH:2
BRDA:46,0,0,0
BRDA:46,0,1,0
BRDA:123,1,0,0
BRDA:123,1,1,0
BRDA:123,2,0,0
BRDA:123,2,1,0
BRDA:163,3,0,0
BRDA:163,3,1,0
BRDA:179,4,0,0
BRDA:179,4,1,0
BRDA:187,5,0,0
BRDA:187,5,1,0
BRF:12
BRH:0
end_of_record
TN:
SF:/Users/wangliangjing/WebstormProjects/redux-heaven/src/Session.js
FN:25,(anonymous_0)
FN:34,(anonymous_1)
FN:38,(anonymous_2)
FN:52,(anonymous_3)
FN:65,(anonymous_4)
FNF:5
FNH:0
FNDA:0,(anonymous_0)
FNDA:0,(anonymous_1)
FNDA:0,(anonymous_2)
FNDA:0,(anonymous_3)
FNDA:0,(anonymous_4)
DA:14,1
DA:26,0
DA:27,0
DA:28,0
DA:29,0
DA:30,0
DA:31,0
DA:35,0
DA:39,0
DA:40,0
DA:42,0
DA:53,0
DA:54,0
DA:56,0
DA:57,0
DA:59,0
DA:61,0
DA:66,0
DA:67,0
DA:69,0
LF:20
LH:1
BRDA:25,0,0,0
BRDA:28,1,0,0
BRDA:28,1,1,0
BRDA:39,2,0,0
BRDA:39,2,1,0
BRDA:56,3,0,0
BRDA:56,3,1,0
BRF:7
BRH:0
end_of_record
TN:
SF:/Users/wangliangjing/WebstormProjects/redux-heaven/src/Table.js
FN:26,(anonymous_0)
FN:43,(anonymous_1)
FN:55,(anonymous_2)
FN:63,(anonymous_3)
FN:67,(anonymous_4)
FN:71,(anonymous_5)
FN:75,(anonymous_6)
FN:81,(anonymous_7)
FN:96,(anonymous_8)
FN:97,(anonymous_9)
FN:108,(anonymous_10)
FN:109,(anonymous_11)
FN:128,(anonymous_12)
FN:134,(anonymous_13)
FN:143,(anonymous_14)
FN:154,(anonymous_15)
FN:170,(anonymous_16)
FN:176,(anonymous_17)
FN:198,(anonymous_18)
FN:199,(anonymous_19)
FNF:20
FNH:0
FNDA:0,(anonymous_0)
FNDA:0,(anonymous_1)
FNDA:0,(anonymous_2)
FNDA:0,(anonymous_3)
FNDA:0,(anonymous_4)
FNDA:0,(anonymous_5)
FNDA:0,(anonymous_6)
FNDA:0,(anonymous_7)
FNDA:0,(anonymous_8)
FNDA:0,(anonymous_9)
FNDA:0,(anonymous_10)
FNDA:0,(anonymous_11)
FNDA:0,(anonymous_12)
FNDA:0,(anonymous_13)
FNDA:0,(anonymous_14)
FNDA:0,(anonymous_15)
FNDA:0,(anonymous_16)
FNDA:0,(anonymous_17)
FNDA:0,(anonymous_18)
FNDA:0,(anonymous_19)
DA:20,1
DA:26,1
DA:27,0
DA:29,0
DA:30,0
DA:33,0
DA:36,1
DA:44,0
DA:45,0
DA:46,0
DA:47,0
DA:52,0
DA:56,0
DA:57,0
DA:59,0
DA:64,0
DA:68,0
DA:72,0
DA:77,0
DA:82,0
DA:84,0
DA:85,0
DA:86,0
DA:88,0
DA:90,0
DA:97,0
DA:98,0
DA:100,0
DA:101,0
DA:103,0
DA:109,0
DA:110,0
DA:111,0
DA:113,0
DA:114,0
DA:115,0
DA:117,0
DA:119,0
DA:121,0
DA:124,0
DA:129,0
DA:130,0
DA:131,0
DA:132,0
DA:133,0
DA:134,0
DA:135,0
DA:140,0
DA:143,0
DA:144,0
DA:145,0
DA:146,0
DA:148,0
DA:152,0
DA:154,0
DA:158,0
DA:164,0
DA:166,0
DA:174,0
DA:176,0
DA:177,0
DA:179,0
DA:183,0
DA:187,0
DA:189,0
DA:193,0
DA:199,0
LF:67
LH:3
BRDA:29,0,0,0
BRDA:29,0,1,0
BRDA:56,1,0,0
BRDA:56,1,1,0
BRDA:84,2,0,0
BRDA:84,2,1,0
BRDA:100,3,0,0
BRDA:100,3,1,0
BRDA:113,4,0,0
BRDA:113,4,1,0
BRDA:129,5,0,0
BRDA:129,5,1,0
BRDA:131,6,0,0
BRDA:131,6,1,0
BRDA:133,7,0,0
BRDA:133,7,1,0
BRDA:135,8,0,0
BRDA:135,8,1,0
BRDA:145,9,0,0
BRDA:145,9,1,0
BRDA:177,10,0,0
BRDA:177,10,1,0
BRDA:177,10,2,0
BRDA:177,10,3,0
BRF:24
BRH:0
end_of_record
TN:
SF:/Users/wangliangjing/WebstormProjects/redux-heaven/src/constants.js
FNF:0
FNH:0
DA:7,1
DA:9,1
DA:10,1
DA:11,1
DA:12,1
DA:14,1
DA:15,1
DA:16,1
DA:18,1
DA:19,1
LF:10
LH:10
BRF:0
BRH:0
end_of_record
TN:
SF:/Users/wangliangjing/WebstormProjects/redux-heaven/src/dataBase.js
FN:14,replaceTableState
FN:30,execute
FN:80,(anonymous_2)
FN:83,(anonymous_3)
FN:86,(anonymous_4)
FN:86,(anonymous_5)
FN:87,(anonymous_6)
FN:87,(anonymous_7)
FN:88,(anonymous_8)
FN:97,(anonymous_9)
FNF:10
FNH:0
FNDA:0,replaceTableState
FNDA:0,execute
FNDA:0,(anonymous_2)
FNDA:0,(anonymous_3)
FNDA:0,(anonymous_4)
FNDA:0,(anonymous_5)
FNDA:0,(anonymous_6)
FNDA:0,(anonymous_7)
FNDA:0,(anonymous_8)
FNDA:0,(anonymous_9)
DA:15,0
DA:17,0
DA:18,0
DA:19,0
DA:22,0
DA:31,0
DA:32,0
DA:36,0
DA:39,0
DA:41,0
DA:47,0
DA:49,0
DA:50,0
DA:52,0
DA:56,0
DA:58,0
DA:62,0
DA:63,0
DA:65,0
DA:68,0
DA:71,0
DA:73,0
DA:80,1
DA:83,0
DA:85,0
DA:86,0
DA:87,0
DA:88,0
DA:89,0
DA:90,0
DA:91,0
DA:93,0
DA:97,0
LF:33
LH:1
BRDA:17,0,0,0
BRDA:17,0,1,0
BRDA:36,1,0,0
BRDA:36,1,1,0
BRDA:36,1,2,0
BRDA:36,1,3,0
BRDA:36,1,4,0
BRDA:90,2,0,0
BRDA:90,2,1,0
BRF:9
BRH:0
end_of_record
TN:
SF:/Users/wangliangjing/WebstormProjects/redux-heaven/src/descriptors.js
FN:11,(anonymous_0)
FN:24,(anonymous_1)
FN:50,(anonymous_2)
FN:68,(anonymous_3)
FN:86,(anonymous_4)
FN:103,(anonymous_5)
FN:136,(anonymous_6)
FN:139,(anonymous_7)
FN:142,add
FN:149,(anonymous_9)
FN:151,(anonymous_10)
FN:152,(anonymous_11)
FN:166,(anonymous_12)
FN:167,(anonymous_13)
FN:170,(anonymous_14)
FN:179,(anonymous_15)
FN:182,(anonymous_16)
FN:184,(anonymous_17)
FN:189,(anonymous_18)
FN:210,(anonymous_19)
FNF:20
FNH:0
FNDA:0,(anonymous_0)
FNDA:0,(anonymous_1)
FNDA:0,(anonymous_2)
FNDA:0,(anonymous_3)
FNDA:0,(anonymous_4)
FNDA:0,(anonymous_5)
FNDA:0,(anonymous_6)
FNDA:0,(anonymous_7)
FNDA:0,add
FNDA:0,(anonymous_9)
FNDA:0,(anonymous_10)
FNDA:0,(anonymous_11)
FNDA:0,(anonymous_12)
FNDA:0,(anonymous_13)
FNDA:0,(anonymous_14)
FNDA:0,(anonymous_15)
FNDA:0,(anonymous_16)
FNDA:0,(anonymous_17)
FNDA:0,(anonymous_18)
FNDA:0,(anonymous_19)
DA:11,1
DA:13,0
DA:17,0
DA:24,1
DA:26,0
DA:27,0
DA:28,0
DA:30,0
DA:31,0
DA:35,0
DA:36,0
DA:39,0
DA:40,0
DA:42,0
DA:45,0
DA:50,1
DA:52,0
DA:53,0
DA:54,0
DA:61,0
DA:64,0
DA:68,1
DA:82,0
DA:86,1
DA:88,0
DA:89,0
DA:90,0
DA:92,0
DA:96,0
DA:100,1
DA:103,1
DA:110,0
DA:112,0
DA:113,0
DA:114,0
DA:115,0
DA:116,0
DA:118,0
DA:119,0
DA:120,0
DA:121,0
DA:122,0
DA:124,0
DA:125,0
DA:126,0
DA:127,0
DA:128,0
DA:133,0
DA:136,0
DA:139,0
DA:142,0
DA:143,0
DA:144,0
DA:145,0
DA:146,0
DA:149,0
DA:151,0
DA:152,0
DA:156,0
DA:157,0
DA:165,0
DA:166,0
DA:167,0
DA:170,0
DA:171,0
DA:179,0
DA:182,0
DA:183,0
DA:184,0
DA:186,0
DA:188,0
DA:189,0
DA:190,0
DA:192,0
DA:198,0
DA:201,0
DA:205,0
DA:211,0
DA:213,1
LF:79
LH:8
BRDA:30,0,0,0
BRDA:30,0,1,0
BRDA:30,1,0,0
BRDA:30,1,1,0
BRDA:39,2,0,0
BRDA:39,2,1,0
BRDA:118,3,0,0
BRDA:118,3,1,0
BRDA:143,4,0,0
BRDA:143,4,1,0
BRDA:145,5,0,0
BRDA:145,5,1,0
BRDA:156,6,0,0
BRDA:156,6,1,0
BRDA:172,7,0,0
BRDA:172,7,1,0
BRDA:173,8,0,0
BRDA:173,8,1,0
BRDA:186,9,0,0
BRDA:186,9,1,0
BRDA:188,10,0,0
BRDA:188,10,1,0
BRF:22
BRH:0
end_of_record
TN:
SF:/Users/wangliangjing/WebstormProjects/redux-heaven/src/fields.js
FN:29,(anonymous_0)
FN:37,(anonymous_1)
FN:47,(anonymous_2)
FN:92,(anonymous_3)
FN:104,(anonymous_4)
FN:108,(anonymous_5)
FN:120,(anonymous_6)
FN:124,(anonymous_7)
FN:130,(anonymous_8)
FN:138,(anonymous_9)
FN:181,(anonymous_10)
FN:280,(anonymous_11)
FN:287,(anonymous_12)
FN:312,(anonymous_13)
FN:317,(anonymous_14)
FN:386,(anonymous_15)
FN:392,(anonymous_16)
FN:448,(anonymous_17)
FN:492,(anonymous_18)
FN:496,(anonymous_19)
FN:568,(anonymous_20)
FN:587,(anonymous_21)
FNF:22
FNH:7
FNDA:3,(anonymous_0)
FNDA:0,(anonymous_1)
FNDA:1,(anonymous_2)
FNDA:0,(anonymous_3)
FNDA:1,(anonymous_4)
FNDA:1,(anonymous_5)
FNDA:1,(anonymous_6)
FNDA:0,(anonymous_7)
FNDA:0,(anonymous_8)
FNDA:0,(anonymous_9)
FNDA:0,(anonymous_10)
FNDA:0,(anonymous_11)
FNDA:0,(anonymous_12)
FNDA:0,(anonymous_13)
FNDA:0,(anonymous_14)
FNDA:0,(anonymous_15)
FNDA:0,(anonymous_16)
FNDA:3,(anonymous_17)
FNDA:0,(anonymous_18)
FNDA:1,(anonymous_19)
FNDA:0,(anonymous_20)
FNDA:0,(anonymous_21)
DA:30,3
DA:32,3
DA:33,0
DA:38,0
DA:48,1
DA:51,1
DA:52,0
DA:54,0
DA:55,0
DA:56,0
DA:57,0
DA:72,1
DA:74,1
DA:78,1
DA:79,1
DA:82,1
DA:83,0
DA:85,0
DA:93,0
DA:94,0
DA:95,0
DA:98,0
DA:101,0
DA:105,1
DA:109,1
DA:110,1
DA:111,1
DA:114,0
DA:117,0
DA:121,1
DA:125,0
DA:126,0
DA:127,0
DA:131,0
DA:139,0
DA:142,0
DA:143,0
DA:148,0
DA:154,0
DA:159,0
DA:160,0
DA:166,0
DA:169,0
DA:175,0
DA:176,0
DA:281,0
DA:289,0
DA:290,0
DA:291,0
DA:294,0
DA:295,0
DA:296,0
DA:297,0
DA:298,0
DA:303,0
DA:310,0
DA:312,0
DA:315,0
DA:317,0
DA:320,0
DA:327,0
DA:341,0
DA:348,0
DA:349,0
DA:350,0
DA:352,0
DA:359,0
DA:364,0
DA:378,0
DA:387,0
DA:393,0
DA:395,0
DA:401,0
DA:402,0
DA:403,0
DA:410,0
DA:413,0
DA:419,0
DA:448,3
DA:492,1
DA:496,1
DA:568,1
DA:587,1
LF:83
LH:19
BRDA:30,0,0,3
BRDA:30,0,1,3
BRDA:32,1,0,0
BRDA:32,1,1,3
BRDA:51,2,0,0
BRDA:51,2,1,1
BRDA:51,3,0,1
BRDA:51,3,1,1
BRDA:72,4,0,1
BRDA:72,4,1,0
BRDA:82,5,0,0
BRDA:82,5,1,0
BRDA:82,6,0,1
BRDA:82,6,1,1
BRDA:93,7,0,0
BRDA:93,7,1,0
BRDA:94,8,0,0
BRDA:94,8,1,0
BRDA:109,9,0,1
BRDA:109,9,1,0
BRDA:110,10,0,1
BRDA:110,10,1,0
BRDA:159,11,0,0
BRDA:159,11,1,0
BRDA:290,12,0,0
BRDA:290,12,1,0
BRDA:294,13,0,0
BRDA:294,13,1,0
BRDA:297,14,0,0
BRDA:297,14,1,0
BRDA:312,15,0,0
BRDA:312,15,1,0
BRDA:317,16,0,0
BRDA:317,16,1,0
BRDA:349,17,0,0
BRDA:349,17,1,0
BRDA:350,18,0,0
BRDA:350,18,1,0
BRDA:402,19,0,0
BRDA:402,19,1,0
BRF:40
BRH:11
end_of_record
TN:
SF:/Users/wangliangjing/WebstormProjects/redux-heaven/src/immutable-ops.js
FN:5,forOwn
FN:13,isArrayLike
FN:23,fastArrayCopy
FN:31,canMutate
FN:37,(anonymous_4)
FN:38,(anonymous_5)
FN:42,addOwnerID
FN:52,prepareNewObject
FN:59,forceArray
FN:68,normalizePath
FN:79,mutableSet
FN:84,mutableSetIn
FN:120,valueInPath
FN:139,immutableSetIn
FN:156,(anonymous_14)
FN:190,mutableMerge
FN:194,(anonymous_16)
FN:195,(anonymous_17)
FN:220,mutableOmit
FN:222,(anonymous_19)
FN:228,_shouldMergeKey
FN:232,immutableMerge
FN:239,(anonymous_22)
FN:247,(anonymous_23)
FN:248,(anonymous_24)
FN:276,immutableArrSet
FN:288,immutableSet
FN:300,immutableOmit
FN:304,(anonymous_28)
FN:310,(anonymous_29)
FN:317,mutableArrPush
FN:323,mutableArrFilter
FN:339,mutableArrSplice
FN:345,mutableArrInsert
FN:349,immutableArrSplice
FN:360,immutableArrInsert
FN:365,immutableArrPush
FN:369,immutableArrFilter
FN:413,getImmutableOps
FN:415,(anonymous_39)
FN:420,(anonymous_40)
FN:425,(anonymous_41)
FN:429,batched
FN:442,(anonymous_43)
FNF:44
FNH:5
FNDA:3,forOwn
FNDA:0,isArrayLike
FNDA:0,fastArrayCopy
FNDA:0,canMutate
FNDA:0,(anonymous_4)
FNDA:0,(anonymous_5)
FNDA:0,addOwnerID
FNDA:0,prepareNewObject
FNDA:0,forceArray
FNDA:0,normalizePath
FNDA:0,mutableSet
FNDA:0,mutableSetIn
FNDA:0,valueInPath
FNDA:0,immutableSetIn
FNDA:0,(anonymous_14)
FNDA:0,mutableMerge
FNDA:0,(anonymous_16)
FNDA:0,(anonymous_17)
FNDA:0,mutableOmit
FNDA:0,(anonymous_19)
FNDA:0,_shouldMergeKey
FNDA:0,immutableMerge
FNDA:0,(anonymous_22)
FNDA:0,(anonymous_23)
FNDA:0,(anonymous_24)
FNDA:0,immutableArrSet
FNDA:0,immutableSet
FNDA:0,immutableOmit
FNDA:0,(anonymous_28)
FNDA:0,(anonymous_29)
FNDA:0,mutableArrPush
FNDA:0,mutableArrFilter
FNDA:0,mutableArrSplice
FNDA:0,mutableArrInsert
FNDA:0,immutableArrSplice
FNDA:0,immutableArrInsert
FNDA:0,immutableArrPush
FNDA:0,immutableArrFilter
FNDA:1,getImmutableOps
FNDA:9,(anonymous_39)
FNDA:9,(anonymous_40)
FNDA:9,(anonymous_41)
FNDA:0,batched
FNDA:0,(anonymous_43)
DA:6,3
DA:7,27
DA:8,27
DA:14,0
DA:21,1
DA:24,0
DA:25,0
DA:26,0
DA:28,0
DA:32,0
DA:33,0
DA:36,1
DA:37,0
DA:38,0
DA:40,1
DA:43,0
DA:49,0
DA:53,0
DA:54,0
DA:56,0
DA:60,0
DA:61,0
DA:63,0
DA:66,1
DA:69,0
DA:70,0
DA:71,0
DA:73,0
DA:76,0
DA:80,0
DA:81,0
DA:85,0
DA:87,0
DA:89,0
DA:90,0
DA:91,0
DA:92,0
DA:94,0
DA:95,0
DA:96,0
DA:97,0
DA:99,0
DA:101,0
DA:102,0
DA:103,0
DA:104,0
DA:105,0
DA:106,0
DA:107,0
DA:111,0
DA:112,0
DA:113,0
DA:117,0
DA:121,0
DA:123,0
DA:124,0
DA:125,0
DA:126,0
DA:127,0
DA:128,0
DA:131,0
DA:132,0
DA:134,0
DA:140,0
DA:142,0
DA:143,0
DA:145,0
DA:148,0
DA:149,0
DA:151,0
DA:154,0
DA:156,0
DA:157,0
DA:158,0
DA:159,0
DA:162,0
DA:163,0
DA:165,0
DA:166,0
DA:167,0
DA:169,0
DA:170,0
DA:171,0
DA:173,0
DA:176,0
DA:177,0
DA:178,0
DA:179,0
DA:180,0
DA:183,0
DA:184,0
DA:187,0
DA:191,0
DA:193,0
DA:194,0
DA:195,0
DA:196,0
DA:198,0
DA:199,0
DA:201,0
DA:204,0
DA:206,0
DA:211,0
DA:214,0
DA:217,1
DA:218,1
DA:221,0
DA:222,0
DA:223,0
DA:225,0
DA:229,0
DA:233,0
DA:234,0
DA:236,0
DA:237,0
DA:239,0
DA:240,0
DA:241,0
DA:242,0
DA:243,0
DA:247,0
DA:248,0
DA:249,0
DA:250,0
DA:251,0
DA:252,0
DA:253,0
DA:255,0
DA:256,0
DA:257,0
DA:260,0
DA:263,0
DA:264,0
DA:265,0
DA:270,0
DA:273,1
DA:274,1
DA:277,0
DA:279,0
DA:281,0
DA:282,0
DA:283,0
DA:285,0
DA:289,0
DA:290,0
DA:292,0
DA:294,0
DA:295,0
DA:296,0
DA:297,0
DA:301,0
DA:303,0
DA:304,0
DA:307,0
DA:309,0
DA:310,0
DA:311,0
DA:313,0
DA:314,0
DA:318,0
DA:319,0
DA:320,0
DA:324,0
DA:325,0
DA:326,0
DA:327,0
DA:328,0
DA:329,0
DA:331,0
DA:333,0
DA:336,0
DA:340,0
DA:341,0
DA:342,0
DA:346,0
DA:350,0
DA:352,0
DA:353,0
DA:354,0
DA:355,0
DA:357,0
DA:361,0
DA:362,0
DA:366,0
DA:370,0
DA:371,0
DA:373,0
DA:375,0
DA:376,0
DA:379,1
DA:396,1
DA:414,1
DA:415,1
DA:416,9
DA:419,1
DA:420,1
DA:421,9
DA:424,1
DA:425,1
DA:426,9
DA:433,0
DA:434,0
DA:435,0
DA:437,0
DA:438,0
DA:441,0
DA:442,0
DA:443,0
DA:445,0
DA:448,1
DA:456,1
LF:211
LH:24
BRDA:7,0,0,27
BRDA:7,0,1,0
BRDA:14,1,0,0
BRDA:14,1,1,0
BRDA:14,1,2,0
BRDA:14,1,3,0
BRDA:14,1,4,0
BRDA:32,2,0,0
BRDA:32,2,1,0
BRDA:36,3,0,1
BRDA:36,3,1,0
BRDA:53,4,0,0
BRDA:53,4,1,0
BRDA:60,5,0,0
BRDA:60,5,1,0
BRDA:69,6,0,0
BRDA:69,6,1,0
BRDA:70,7,0,0
BRDA:70,7,1,0
BRDA:95,8,0,0
BRDA:95,8,1,0
BRDA:101,9,0,0
BRDA:101,9,1,0
BRDA:105,10,0,0
BRDA:105,10,1,0
BRDA:127,11,0,0
BRDA:127,11,1,0
BRDA:131,12,0,0
BRDA:131,12,1,0
BRDA:143,13,0,0
BRDA:143,13,1,0
BRDA:148,14,0,0
BRDA:148,14,1,0
BRDA:157,15,0,0
BRDA:157,15,1,0
BRDA:165,16,0,0
BRDA:165,16,1,0
BRDA:166,17,0,0
BRDA:166,17,1,0
BRDA:176,18,0,0
BRDA:176,18,1,0
BRDA:193,19,0,0
BRDA:193,19,1,0
BRDA:196,20,0,0
BRDA:196,20,1,0
BRDA:196,21,0,0
BRDA:196,21,1,0
BRDA:198,22,0,0
BRDA:198,22,1,0
BRDA:233,23,0,0
BRDA:233,23,1,0
BRDA:240,24,0,0
BRDA:240,24,1,0
BRDA:249,25,0,0
BRDA:249,25,1,0
BRDA:249,26,0,0
BRDA:249,26,1,0
BRDA:251,27,0,0
BRDA:251,27,1,0
BRDA:251,28,0,0
BRDA:251,28,1,0
BRDA:252,29,0,0
BRDA:252,29,1,0
BRDA:255,30,0,0
BRDA:255,30,1,0
BRDA:263,31,0,0
BRDA:263,31,1,0
BRDA:277,32,0,0
BRDA:277,32,1,0
BRDA:279,33,0,0
BRDA:279,33,1,0
BRDA:289,34,0,0
BRDA:289,34,1,0
BRDA:290,35,0,0
BRDA:290,35,1,0
BRDA:292,36,0,0
BRDA:292,36,1,0
BRDA:301,37,0,0
BRDA:301,37,1,0
BRDA:307,38,0,0
BRDA:307,38,1,0
BRDA:328,39,0,0
BRDA:328,39,1,0
BRDA:350,40,0,0
BRDA:350,40,1,0
BRDA:361,41,0,0
BRDA:361,41,1,0
BRDA:370,42,0,0
BRDA:370,42,1,0
BRDA:373,43,0,0
BRDA:373,43,1,0
BRDA:433,44,0,0
BRDA:433,44,1,0
BRF:93
BRH:2
end_of_record
TN:
SF:/Users/wangliangjing/WebstormProjects/redux-heaven/src/index.js
FNF:0
FNH:0
LF:0
LH:0
BRF:0
BRH:0
end_of_record
TN:
SF:/Users/wangliangjing/WebstormProjects/redux-heaven/src/selector.js
FNF:0
FNH:0
LF:0
LH:0
BRF:0
BRH:0
end_of_record
TN:
SF:/Users/wangliangjing/WebstormProjects/redux-heaven/src/utils.js
FN:29,(anonymous_0)
FN:41,(anonymous_1)
FN:56,(anonymous_2)
FN:56,(anonymous_3)
FN:60,(anonymous_4)
FN:60,(anonymous_5)
FN:67,(anonymous_6)
FN:76,(anonymous_7)
FN:82,(anonymous_8)
FN:112,(anonymous_9)
FN:120,(anonymous_10)
FN:125,objectShallowEquals
FN:129,(anonymous_12)
FN:139,arrayDiffActions
FN:153,putCandidateIdKeyIntoObject
FNF:15
FNH:0
FNDA:0,(anonymous_0)
FNDA:0,(anonymous_1)
FNDA:0,(anonymous_2)
FNDA:0,(anonymous_3)
FNDA:0,(anonymous_4)
FNDA:0,(anonymous_5)
FNDA:0,(anonymous_6)
FNDA:0,(anonymous_7)
FNDA:0,(anonymous_8)
FNDA:0,(anonymous_9)
FNDA:0,(anonymous_10)
FNDA:0,objectShallowEquals
FNDA:0,(anonymous_12)
FNDA:0,arrayDiffActions
FNDA:0,putCandidateIdKeyIntoObject
DA:29,1
DA:41,1
DA:54,1
DA:56,1
DA:57,0
DA:60,1
DA:61,0
DA:63,0
DA:67,1
DA:68,0
DA:70,0
DA:71,0
DA:72,0
DA:76,1
DA:77,0
DA:82,0
DA:83,0
DA:84,0
DA:85,0
DA:86,0
DA:87,0
DA:88,0
DA:89,0
DA:90,0
DA:91,0
DA:92,0
DA:93,0
DA:94,0
DA:97,0
DA:98,0
DA:112,1
DA:113,0
DA:114,0
DA:117,0
DA:120,1
DA:126,0
DA:129,0
DA:130,0
DA:131,0
DA:133,0
DA:136,0
DA:140,0
DA:141,0
DA:142,0
DA:144,0
DA:145,0
DA:150,0
DA:154,0
DA:155,0
DA:156,0
DA:157,0
DA:158,0
LF:52
LH:9
BRDA:87,0,0,0
BRDA:87,0,1,0
BRDA:88,1,0,0
BRDA:88,1,1,0
BRDA:92,2,0,0
BRDA:92,2,1,0
BRDA:97,3,0,0
BRDA:97,3,1,0
BRDA:113,4,0,0
BRDA:113,4,1,0
BRDA:117,5,0,0
BRDA:117,5,1,0
BRDA:130,6,0,0
BRDA:130,6,1,0
BRDA:130,7,0,0
BRDA:130,7,1,0
BRDA:144,8,0,0
BRDA:144,8,1,0
BRDA:144,9,0,0
BRDA:144,9,1,0
BRDA:154,10,0,0
BRDA:154,10,1,0
BRDA:156,11,0,0
BRDA:156,11,1,0
BRF:24
BRH:0
end_of_record
