TN:
SF:/Users/wangliangjing/WebstormProjects/redux-heaven/src/Model.js
FN:35,getByIdQuery
FN:60,(anonymous_1)
FN:64,(anonymous_2)
FN:69,(anonymous_3)
FN:78,(anonymous_4)
FN:82,(anonymous_5)
FN:92,(anonymous_6)
FN:106,(anonymous_7)
FN:110,(anonymous_8)
FN:114,(anonymous_9)
FN:119,(anonymous_10)
FN:127,(anonymous_11)
FN:131,(anonymous_12)
FN:135,(anonymous_13)
FN:138,(anonymous_14)
FN:146,(anonymous_15)
FN:147,(anonymous_16)
FN:159,(anonymous_17)
FN:164,(anonymous_18)
FN:189,(anonymous_19)
FN:191,(anonymous_20)
FN:217,(anonymous_21)
FN:225,(anonymous_22)
FN:322,(anonymous_23)
FN:342,(anonymous_24)
FN:360,(anonymous_25)
FN:365,(anonymous_26)
FN:388,(anonymous_27)
FN:409,(anonymous_28)
FN:413,(anonymous_29)
FN:421,(anonymous_30)
FN:431,(anonymous_31)
FN:445,(anonymous_32)
FN:449,(anonymous_33)
FN:453,(anonymous_34)
FN:470,(anonymous_35)
FN:483,(anonymous_36)
FN:494,(anonymous_37)
FN:504,(anonymous_38)
FN:609,(anonymous_39)
FN:617,(anonymous_40)
FNF:41
FNH:2
FNDA:0,getByIdQuery
FNDA:0,(anonymous_1)
FNDA:0,(anonymous_2)
FNDA:0,(anonymous_3)
FNDA:0,(anonymous_4)
FNDA:0,(anonymous_5)
FNDA:0,(anonymous_6)
FNDA:0,(anonymous_7)
FNDA:0,(anonymous_8)
FNDA:9,(anonymous_9)
FNDA:0,(anonymous_10)
FNDA:0,(anonymous_11)
FNDA:0,(anonymous_12)
FNDA:0,(anonymous_13)
FNDA:0,(anonymous_14)
FNDA:0,(anonymous_15)
FNDA:0,(anonymous_16)
FNDA:0,(anonymous_17)
FNDA:0,(anonymous_18)
FNDA:0,(anonymous_19)
FNDA:0,(anonymous_20)
FNDA:0,(anonymous_21)
FNDA:0,(anonymous_22)
FNDA:0,(anonymous_23)
FNDA:0,(anonymous_24)
FNDA:0,(anonymous_25)
FNDA:0,(anonymous_26)
FNDA:0,(anonymous_27)
FNDA:0,(anonymous_28)
FNDA:9,(anonymous_29)
FNDA:0,(anonymous_30)
FNDA:0,(anonymous_31)
FNDA:0,(anonymous_32)
FNDA:0,(anonymous_33)
FNDA:0,(anonymous_34)
FNDA:0,(anonymous_35)
FNDA:0,(anonymous_36)
FNDA:0,(anonymous_37)
FNDA:0,(anonymous_38)
FNDA:0,(anonymous_39)
FNDA:0,(anonymous_40)
DA:36,0
DA:37,0
DA:51,1
DA:61,0
DA:65,0
DA:66,0
DA:70,0
DA:79,0
DA:83,0
DA:93,0
DA:94,0
DA:97,0
DA:107,0
DA:111,0
DA:115,9
DA:116,9
DA:120,0
DA:128,0
DA:132,0
DA:136,0
DA:138,0
DA:144,0
DA:145,0
DA:146,0
DA:147,0
DA:160,0
DA:161,0
DA:162,0
DA:164,0
DA:165,0
DA:166,0
DA:167,0
DA:170,0
DA:171,0
DA:173,0
DA:174,0
DA:177,0
DA:178,0
DA:183,0
DA:184,0
DA:186,0
DA:189,0
DA:190,0
DA:191,0
DA:193,0
DA:195,0
DA:196,0
DA:197,0
DA:198,0
DA:199,0
DA:201,0
DA:202,0
DA:218,0
DA:219,0
DA:223,0
DA:225,0
DA:226,0
DA:227,0
DA:229,0
DA:230,0
DA:232,0
DA:237,0
DA:238,0
DA:244,0
DA:245,0
DA:246,0
DA:249,0
DA:252,0
DA:253,0
DA:254,0
DA:255,0
DA:259,0
DA:260,0
DA:261,0
DA:263,0
DA:266,0
DA:267,0
DA:269,0
DA:274,0
DA:275,0
DA:277,0
DA:278,0
DA:283,0
DA:286,0
DA:287,0
DA:288,0
DA:294,0
DA:298,0
DA:304,0
DA:305,0
DA:308,0
DA:310,0
DA:323,0
DA:324,0
DA:325,0
DA:326,0
DA:327,0
DA:330,0
DA:343,0
DA:344,0
DA:347,0
DA:348,0
DA:350,0
DA:361,0
DA:362,0
DA:366,0
DA:367,0
DA:389,0
DA:391,0
DA:393,0
DA:394,0
DA:395,0
DA:396,0
DA:399,0
DA:410,0
DA:414,9
DA:422,0
DA:432,0
DA:435,0
DA:446,0
DA:447,0
DA:448,0
DA:449,0
DA:450,0
DA:451,0
DA:452,0
DA:453,0
DA:455,0
DA:457,0
DA:458,0
DA:460,0
DA:472,0
DA:484,0
DA:495,0
DA:498,0
DA:499,0
DA:500,0
DA:502,0
DA:503,0
DA:504,0
DA:505,0
DA:507,0
DA:508,0
DA:510,0
DA:513,0
DA:514,0
DA:515,0
DA:517,0
DA:523,0
DA:527,0
DA:528,0
DA:530,0
DA:533,0
DA:534,0
DA:535,0
DA:536,0
DA:543,0
DA:545,0
DA:549,0
DA:551,0
DA:552,0
DA:553,0
DA:568,0
DA:569,0
DA:570,0
DA:572,0
DA:574,0
DA:575,0
DA:577,0
DA:578,0
DA:580,0
DA:581,0
DA:583,0
DA:585,0
DA:586,0
DA:592,0
DA:595,0
DA:597,0
DA:610,0
DA:611,0
DA:618,0
DA:619,0
DA:620,0
DA:621,0
DA:623,0
DA:624,0
DA:625,0
DA:626,0
DA:627,0
DA:629,0
DA:632,0
DA:633,0
LF:192
LH:4
BRDA:65,0,0,0
BRDA:65,0,1,0
BRDA:93,1,0,0
BRDA:93,1,1,0
BRDA:144,2,0,0
BRDA:144,2,1,0
BRDA:173,3,0,0
BRDA:173,3,1,0
BRDA:177,4,0,0
BRDA:177,4,1,0
BRDA:183,5,0,0
BRDA:183,5,1,0
BRDA:195,6,0,0
BRDA:195,6,1,0
BRDA:198,7,0,0
BRDA:198,7,1,0
BRDA:201,8,0,0
BRDA:201,8,1,0
BRDA:229,9,0,0
BRDA:229,9,1,0
BRDA:229,10,0,0
BRDA:229,10,1,0
BRDA:237,11,0,0
BRDA:237,11,1,0
BRDA:244,12,0,0
BRDA:244,12,1,0
BRDA:246,13,0,0
BRDA:246,13,1,0
BRDA:254,14,0,0
BRDA:254,14,1,0
BRDA:259,15,0,0
BRDA:259,15,1,0
BRDA:266,16,0,0
BRDA:266,16,1,0
BRDA:274,17,0,0
BRDA:274,17,1,0
BRDA:287,18,0,0
BRDA:287,18,1,0
BRDA:324,19,0,0
BRDA:324,19,1,0
BRDA:324,20,0,0
BRDA:324,20,1,0
BRDA:342,21,0,0
BRDA:343,22,0,0
BRDA:343,22,1,0
BRDA:393,23,0,0
BRDA:393,23,1,0
BRDA:395,24,0,0
BRDA:395,24,1,0
BRDA:451,25,0,0
BRDA:451,25,1,0
BRDA:498,26,0,0
BRDA:498,26,1,0
BRDA:507,27,0,0
BRDA:507,27,1,0
BRDA:513,28,0,0
BRDA:513,28,1,0
BRDA:514,29,0,0
BRDA:514,29,1,0
BRDA:533,30,0,0
BRDA:533,30,1,0
BRDA:535,31,0,0
BRDA:535,31,1,0
BRDA:569,32,0,0
BRDA:569,32,1,0
BRDA:572,33,0,0
BRDA:572,33,1,0
BRDA:572,34,0,0
BRDA:572,34,1,0
BRDA:575,35,0,0
BRDA:575,35,1,0
BRDA:580,36,0,0
BRDA:580,36,1,0
BRDA:583,37,0,0
BRDA:583,37,1,0
BRDA:621,38,0,0
BRDA:621,38,1,0
BRDA:624,39,0,0
BRDA:624,39,1,0
BRDA:626,40,0,0
BRDA:626,40,1,0
BRDA:629,41,0,0
BRDA:629,41,1,0
BRDA:632,42,0,0
BRDA:632,42,1,0
BRF:85
BRH:0
end_of_record
TN:
SF:/Users/wangliangjing/WebstormProjects/redux-heaven/src/ORM.js
FN:31,(anonymous_0)
FN:48,(anonymous_1)
FN:48,(anonymous_2)
FN:55,(anonymous_3)
FN:86,(anonymous_4)
FN:89,(anonymous_5)
FN:98,(anonymous_6)
FN:105,(anonymous_7)
FN:109,(anonymous_8)
FN:116,(anonymous_9)
FN:118,(anonymous_10)
FN:121,(anonymous_11)
FN:137,(anonymous_12)
FN:139,(anonymous_13)
FN:151,(anonymous_14)
FN:163,(anonymous_15)
FN:171,(anonymous_16)
FN:179,(anonymous_17)
FNF:18
FNH:14
FNDA:1,(anonymous_0)
FNDA:1,(anonymous_1)
FNDA:9,(anonymous_2)
FNDA:0,(anonymous_3)
FNDA:9,(anonymous_4)
FNDA:46,(anonymous_5)
FNDA:1,(anonymous_6)
FNDA:41,(anonymous_7)
FNDA:39,(anonymous_8)
FNDA:1,(anonymous_9)
FNDA:8,(anonymous_10)
FNDA:41,(anonymous_11)
FNDA:1,(anonymous_12)
FNDA:0,(anonymous_13)
FNDA:1,(anonymous_14)
FNDA:1,(anonymous_15)
FNDA:0,(anonymous_16)
FNDA:0,(anonymous_17)
DA:10,1
DA:27,1
DA:32,1
DA:33,1
DA:34,1
DA:35,1
DA:36,1
DA:48,1
DA:49,9
DA:50,9
DA:52,9
DA:56,0
DA:58,0
DA:59,0
DA:75,0
DA:76,0
DA:87,9
DA:89,46
DA:92,9
DA:93,1
DA:95,8
DA:99,1
DA:100,0
DA:102,0
DA:105,41
DA:110,39
DA:111,8
DA:113,39
DA:118,1
DA:119,8
DA:120,8
DA:121,8
DA:122,41
DA:125,41
DA:126,40
DA:127,39
DA:131,7
DA:132,7
DA:138,1
DA:139,0
DA:140,0
DA:142,0
DA:144,0
DA:148,0
DA:152,1
DA:153,1
DA:156,0
DA:163,1
DA:171,0
DA:179,0
LF:50
LH:35
BRDA:31,0,0,1
BRDA:58,1,0,0
BRDA:58,1,1,0
BRDA:59,2,0,0
BRDA:59,2,1,0
BRDA:92,3,0,1
BRDA:92,3,1,8
BRDA:105,4,0,33
BRDA:105,4,1,8
BRDA:110,5,0,8
BRDA:110,5,1,31
BRDA:119,6,0,8
BRDA:119,6,1,0
BRDA:122,7,0,41
BRDA:122,7,1,0
BRDA:125,8,0,40
BRDA:125,8,1,1
BRDA:152,9,0,1
BRDA:152,9,1,0
BRF:19
BRH:12
end_of_record
TN:
SF:/Users/wangliangjing/WebstormProjects/redux-heaven/src/QuerySet.js
FN:43,(anonymous_0)
FN:52,(anonymous_1)
FN:56,(anonymous_2)
FN:61,(anonymous_3)
FN:63,(anonymous_4)
FN:76,(anonymous_5)
FN:85,(anonymous_6)
FN:88,(anonymous_7)
FN:96,(anonymous_8)
FN:107,(anonymous_9)
FN:121,(anonymous_10)
FN:135,(anonymous_11)
FN:143,(anonymous_12)
FN:152,(anonymous_13)
FN:162,(anonymous_14)
FN:178,(anonymous_15)
FN:186,(anonymous_16)
FN:214,(anonymous_17)
FN:227,(anonymous_18)
FN:243,(anonymous_19)
FN:245,(anonymous_20)
FNF:21
FNH:0
FNDA:0,(anonymous_0)
FNDA:0,(anonymous_1)
FNDA:0,(anonymous_2)
FNDA:0,(anonymous_3)
FNDA:0,(anonymous_4)
FNDA:0,(anonymous_5)
FNDA:0,(anonymous_6)
FNDA:0,(anonymous_7)
FNDA:0,(anonymous_8)
FNDA:0,(anonymous_9)
FNDA:0,(anonymous_10)
FNDA:0,(anonymous_11)
FNDA:0,(anonymous_12)
FNDA:0,(anonymous_13)
FNDA:0,(anonymous_14)
FNDA:0,(anonymous_15)
FNDA:0,(anonymous_16)
FNDA:0,(anonymous_17)
FNDA:0,(anonymous_18)
FNDA:0,(anonymous_19)
FNDA:0,(anonymous_20)
DA:34,1
DA:44,0
DA:49,0
DA:53,0
DA:57,0
DA:58,0
DA:62,0
DA:63,0
DA:64,0
DA:66,0
DA:77,0
DA:78,0
DA:86,0
DA:87,0
DA:88,0
DA:97,0
DA:98,0
DA:108,0
DA:122,0
DA:123,0
DA:124,0
DA:125,0
DA:128,0
DA:136,0
DA:144,0
DA:145,0
DA:153,0
DA:163,0
DA:166,0
DA:168,0
DA:179,0
DA:182,0
DA:183,0
DA:187,0
DA:188,0
DA:189,0
DA:193,0
DA:194,0
DA:195,0
DA:215,0
DA:216,0
DA:228,0
DA:236,0
DA:245,0
DA:247,0
DA:255,0
DA:259,1
LF:47
LH:2
BRDA:46,0,0,0
BRDA:46,0,1,0
BRDA:123,1,0,0
BRDA:123,1,1,0
BRDA:123,2,0,0
BRDA:123,2,1,0
BRDA:163,3,0,0
BRDA:163,3,1,0
BRDA:179,4,0,0
BRDA:179,4,1,0
BRDA:187,5,0,0
BRDA:187,5,1,0
BRF:12
BRH:0
end_of_record
TN:
SF:/Users/wangliangjing/WebstormProjects/redux-heaven/src/Session.js
FN:25,(anonymous_0)
FN:33,(anonymous_1)
FN:35,(anonymous_2)
FN:40,(anonymous_3)
FN:44,(anonymous_4)
FN:58,(anonymous_5)
FN:71,(anonymous_6)
FNF:7
FNH:0
FNDA:0,(anonymous_0)
FNDA:0,(anonymous_1)
FNDA:0,(anonymous_2)
FNDA:0,(anonymous_3)
FNDA:0,(anonymous_4)
FNDA:0,(anonymous_5)
FNDA:0,(anonymous_6)
DA:14,1
DA:26,0
DA:27,0
DA:28,0
DA:29,0
DA:30,0
DA:31,0
DA:33,0
DA:34,0
DA:35,0
DA:41,0
DA:45,0
DA:46,0
DA:48,0
DA:59,0
DA:60,0
DA:62,0
DA:63,0
DA:65,0
DA:67,0
DA:72,0
DA:73,0
DA:75,0
LF:23
LH:1
BRDA:25,0,0,0
BRDA:28,1,0,0
BRDA:28,1,1,0
BRDA:45,2,0,0
BRDA:45,2,1,0
BRDA:62,3,0,0
BRDA:62,3,1,0
BRF:7
BRH:0
end_of_record
TN:
SF:/Users/wangliangjing/WebstormProjects/redux-heaven/src/Table.js
FN:26,(anonymous_0)
FN:43,(anonymous_1)
FN:55,(anonymous_2)
FN:63,(anonymous_3)
FN:67,(anonymous_4)
FN:71,(anonymous_5)
FN:75,(anonymous_6)
FN:81,(anonymous_7)
FN:96,(anonymous_8)
FN:97,(anonymous_9)
FN:108,(anonymous_10)
FN:109,(anonymous_11)
FN:128,(anonymous_12)
FN:134,(anonymous_13)
FN:143,(anonymous_14)
FN:154,(anonymous_15)
FN:170,(anonymous_16)
FN:176,(anonymous_17)
FN:198,(anonymous_18)
FN:199,(anonymous_19)
FNF:20
FNH:0
FNDA:0,(anonymous_0)
FNDA:0,(anonymous_1)
FNDA:0,(anonymous_2)
FNDA:0,(anonymous_3)
FNDA:0,(anonymous_4)
FNDA:0,(anonymous_5)
FNDA:0,(anonymous_6)
FNDA:0,(anonymous_7)
FNDA:0,(anonymous_8)
FNDA:0,(anonymous_9)
FNDA:0,(anonymous_10)
FNDA:0,(anonymous_11)
FNDA:0,(anonymous_12)
FNDA:0,(anonymous_13)
FNDA:0,(anonymous_14)
FNDA:0,(anonymous_15)
FNDA:0,(anonymous_16)
FNDA:0,(anonymous_17)
FNDA:0,(anonymous_18)
FNDA:0,(anonymous_19)
DA:20,1
DA:26,1
DA:27,0
DA:29,0
DA:30,0
DA:33,0
DA:36,1
DA:44,0
DA:45,0
DA:46,0
DA:47,0
DA:52,0
DA:56,0
DA:57,0
DA:59,0
DA:64,0
DA:68,0
DA:72,0
DA:77,0
DA:82,0
DA:84,0
DA:85,0
DA:86,0
DA:88,0
DA:90,0
DA:97,0
DA:98,0
DA:100,0
DA:101,0
DA:103,0
DA:109,0
DA:110,0
DA:111,0
DA:113,0
DA:114,0
DA:115,0
DA:117,0
DA:119,0
DA:121,0
DA:124,0
DA:129,0
DA:130,0
DA:131,0
DA:132,0
DA:133,0
DA:134,0
DA:135,0
DA:140,0
DA:143,0
DA:144,0
DA:145,0
DA:146,0
DA:148,0
DA:152,0
DA:154,0
DA:158,0
DA:164,0
DA:166,0
DA:174,0
DA:176,0
DA:177,0
DA:179,0
DA:183,0
DA:187,0
DA:189,0
DA:193,0
DA:199,0
LF:67
LH:3
BRDA:29,0,0,0
BRDA:29,0,1,0
BRDA:56,1,0,0
BRDA:56,1,1,0
BRDA:84,2,0,0
BRDA:84,2,1,0
BRDA:100,3,0,0
BRDA:100,3,1,0
BRDA:113,4,0,0
BRDA:113,4,1,0
BRDA:129,5,0,0
BRDA:129,5,1,0
BRDA:131,6,0,0
BRDA:131,6,1,0
BRDA:133,7,0,0
BRDA:133,7,1,0
BRDA:135,8,0,0
BRDA:135,8,1,0
BRDA:145,9,0,0
BRDA:145,9,1,0
BRDA:177,10,0,0
BRDA:177,10,1,0
BRDA:177,10,2,0
BRDA:177,10,3,0
BRF:24
BRH:0
end_of_record
TN:
SF:/Users/wangliangjing/WebstormProjects/redux-heaven/src/constants.js
FNF:0
FNH:0
DA:7,1
DA:9,1
DA:10,1
DA:11,1
DA:12,1
DA:14,1
DA:15,1
DA:16,1
DA:18,1
DA:19,1
LF:10
LH:10
BRF:0
BRH:0
end_of_record
TN:
SF:/Users/wangliangjing/WebstormProjects/redux-heaven/src/dataBase.js
FN:14,replaceTableState
FN:30,execute
FN:80,(anonymous_2)
FN:83,(anonymous_3)
FN:86,(anonymous_4)
FN:86,(anonymous_5)
FN:87,(anonymous_6)
FN:87,(anonymous_7)
FN:88,(anonymous_8)
FN:97,(anonymous_9)
FNF:10
FNH:0
FNDA:0,replaceTableState
FNDA:0,execute
FNDA:0,(anonymous_2)
FNDA:0,(anonymous_3)
FNDA:0,(anonymous_4)
FNDA:0,(anonymous_5)
FNDA:0,(anonymous_6)
FNDA:0,(anonymous_7)
FNDA:0,(anonymous_8)
FNDA:0,(anonymous_9)
DA:15,0
DA:17,0
DA:18,0
DA:19,0
DA:22,0
DA:31,0
DA:32,0
DA:36,0
DA:39,0
DA:41,0
DA:47,0
DA:49,0
DA:50,0
DA:52,0
DA:56,0
DA:58,0
DA:62,0
DA:63,0
DA:65,0
DA:68,0
DA:71,0
DA:73,0
DA:80,1
DA:83,0
DA:85,0
DA:86,0
DA:87,0
DA:88,0
DA:89,0
DA:90,0
DA:91,0
DA:93,0
DA:97,0
LF:33
LH:1
BRDA:17,0,0,0
BRDA:17,0,1,0
BRDA:36,1,0,0
BRDA:36,1,1,0
BRDA:36,1,2,0
BRDA:36,1,3,0
BRDA:36,1,4,0
BRDA:90,2,0,0
BRDA:90,2,1,0
BRF:9
BRH:0
end_of_record
TN:
SF:/Users/wangliangjing/WebstormProjects/redux-heaven/src/descriptors.js
FN:11,(anonymous_0)
FN:24,(anonymous_1)
FN:50,(anonymous_2)
FN:68,(anonymous_3)
FN:85,(anonymous_4)
FN:118,(anonymous_5)
FN:121,(anonymous_6)
FN:124,add
FN:131,(anonymous_8)
FN:133,(anonymous_9)
FN:134,(anonymous_10)
FN:148,(anonymous_11)
FN:149,(anonymous_12)
FN:152,(anonymous_13)
FN:161,(anonymous_14)
FN:164,(anonymous_15)
FN:166,(anonymous_16)
FN:171,(anonymous_17)
FN:192,(anonymous_18)
FNF:19
FNH:4
FNDA:32,(anonymous_0)
FNDA:7,(anonymous_1)
FNDA:5,(anonymous_2)
FNDA:2,(anonymous_3)
FNDA:0,(anonymous_4)
FNDA:0,(anonymous_5)
FNDA:0,(anonymous_6)
FNDA:0,add
FNDA:0,(anonymous_8)
FNDA:0,(anonymous_9)
FNDA:0,(anonymous_10)
FNDA:0,(anonymous_11)
FNDA:0,(anonymous_12)
FNDA:0,(anonymous_13)
FNDA:0,(anonymous_14)
FNDA:0,(anonymous_15)
FNDA:0,(anonymous_16)
FNDA:0,(anonymous_17)
FNDA:0,(anonymous_18)
DA:11,32
DA:13,0
DA:17,0
DA:24,7
DA:26,0
DA:27,0
DA:28,0
DA:30,0
DA:31,0
DA:35,0
DA:36,0
DA:39,0
DA:40,0
DA:42,0
DA:45,0
DA:50,5
DA:52,0
DA:53,0
DA:54,0
DA:61,0
DA:64,0
DA:68,2
DA:70,0
DA:71,0
DA:72,0
DA:74,0
DA:78,0
DA:82,1
DA:85,1
DA:92,0
DA:94,0
DA:95,0
DA:96,0
DA:97,0
DA:98,0
DA:100,0
DA:101,0
DA:102,0
DA:103,0
DA:104,0
DA:106,0
DA:107,0
DA:108,0
DA:109,0
DA:110,0
DA:115,0
DA:118,0
DA:121,0
DA:124,0
DA:125,0
DA:126,0
DA:127,0
DA:128,0
DA:131,0
DA:133,0
DA:134,0
DA:138,0
DA:139,0
DA:147,0
DA:148,0
DA:149,0
DA:152,0
DA:153,0
DA:161,0
DA:164,0
DA:165,0
DA:166,0
DA:168,0
DA:170,0
DA:171,0
DA:172,0
DA:174,0
DA:180,0
DA:183,0
DA:187,0
DA:193,0
DA:195,1
LF:77
LH:7
BRDA:30,0,0,0
BRDA:30,0,1,0
BRDA:30,1,0,0
BRDA:30,1,1,0
BRDA:39,2,0,0
BRDA:39,2,1,0
BRDA:100,3,0,0
BRDA:100,3,1,0
BRDA:125,4,0,0
BRDA:125,4,1,0
BRDA:127,5,0,0
BRDA:127,5,1,0
BRDA:138,6,0,0
BRDA:138,6,1,0
BRDA:154,7,0,0
BRDA:154,7,1,0
BRDA:155,8,0,0
BRDA:155,8,1,0
BRDA:168,9,0,0
BRDA:168,9,1,0
BRDA:170,10,0,0
BRDA:170,10,1,0
BRF:22
BRH:0
end_of_record
TN:
SF:/Users/wangliangjing/WebstormProjects/redux-heaven/src/fields.js
FN:29,(anonymous_0)
FN:37,(anonymous_1)
FN:47,(anonymous_2)
FN:95,(anonymous_3)
FN:107,(anonymous_4)
FN:111,(anonymous_5)
FN:123,(anonymous_6)
FN:127,(anonymous_7)
FN:133,(anonymous_8)
FN:141,(anonymous_9)
FN:192,(anonymous_10)
FN:196,(anonymous_11)
FN:221,(anonymous_12)
FN:234,(anonymous_13)
FN:241,(anonymous_14)
FN:266,(anonymous_15)
FN:271,(anonymous_16)
FN:340,(anonymous_17)
FN:346,(anonymous_18)
FN:402,(anonymous_19)
FN:446,(anonymous_20)
FN:448,(anonymous_21)
FN:520,(anonymous_22)
FN:539,(anonymous_23)
FNF:24
FNH:16
FNDA:34,(anonymous_0)
FNDA:32,(anonymous_1)
FNDA:19,(anonymous_2)
FNDA:9,(anonymous_3)
FNDA:19,(anonymous_4)
FNDA:25,(anonymous_5)
FNDA:18,(anonymous_6)
FNDA:0,(anonymous_7)
FNDA:5,(anonymous_8)
FNDA:5,(anonymous_9)
FNDA:0,(anonymous_10)
FNDA:0,(anonymous_11)
FNDA:0,(anonymous_12)
FNDA:0,(anonymous_13)
FNDA:1,(anonymous_14)
FNDA:0,(anonymous_15)
FNDA:0,(anonymous_16)
FNDA:0,(anonymous_17)
FNDA:2,(anonymous_18)
FNDA:34,(anonymous_19)
FNDA:5,(anonymous_20)
FNDA:1,(anonymous_21)
FNDA:2,(anonymous_22)
FNDA:4,(anonymous_23)
DA:30,34
DA:32,34
DA:33,0
DA:38,32
DA:48,19
DA:51,19
DA:52,1
DA:53,1
DA:54,18
DA:55,0
DA:57,0
DA:58,0
DA:59,0
DA:60,0
DA:75,18
DA:77,0
DA:81,18
DA:82,18
DA:85,19
DA:86,0
DA:88,0
DA:96,9
DA:97,0
DA:98,0
DA:101,0
DA:104,9
DA:108,19
DA:112,25
DA:113,0
DA:114,0
DA:117,0
DA:120,25
DA:124,18
DA:128,0
DA:129,0
DA:130,0
DA:134,5
DA:142,5
DA:145,5
DA:146,5
DA:151,5
DA:152,0
DA:158,5
DA:164,5
DA:169,5
DA:170,0
DA:176,0
DA:179,5
DA:185,5
DA:186,5
DA:194,0
DA:195,0
DA:196,0
DA:197,0
DA:199,0
DA:200,0
DA:203,0
DA:206,0
DA:208,0
DA:213,0
DA:216,0
DA:221,0
DA:224,0
DA:235,0
DA:243,1
DA:244,1
DA:245,1
DA:248,0
DA:249,0
DA:250,0
DA:251,0
DA:252,0
DA:257,0
DA:264,0
DA:266,0
DA:269,0
DA:271,0
DA:274,0
DA:281,0
DA:295,0
DA:302,0
DA:303,0
DA:304,0
DA:306,0
DA:313,0
DA:318,0
DA:332,0
DA:341,0
DA:347,2
DA:349,2
DA:355,2
DA:356,2
DA:357,0
DA:364,0
DA:367,2
DA:373,2
DA:402,34
DA:446,5
DA:448,1
DA:520,2
DA:539,4
LF:101
LH:43
BRDA:30,0,0,34
BRDA:30,0,1,34
BRDA:32,1,0,0
BRDA:32,1,1,34
BRDA:51,2,0,1
BRDA:51,2,1,18
BRDA:51,3,0,19
BRDA:51,3,1,1
BRDA:54,4,0,0
BRDA:54,4,1,18
BRDA:54,5,0,18
BRDA:54,5,1,0
BRDA:75,6,0,0
BRDA:75,6,1,18
BRDA:85,7,0,0
BRDA:85,7,1,19
BRDA:85,8,0,19
BRDA:85,8,1,19
BRDA:85,8,2,18
BRDA:85,9,0,19
BRDA:85,9,1,1
BRDA:96,10,0,0
BRDA:96,10,1,9
BRDA:97,11,0,0
BRDA:97,11,1,0
BRDA:112,12,0,0
BRDA:112,12,1,25
BRDA:113,13,0,0
BRDA:113,13,1,0
BRDA:151,14,0,0
BRDA:151,14,1,5
BRDA:169,15,0,0
BRDA:169,15,1,5
BRDA:199,16,0,0
BRDA:199,16,1,0
BRDA:244,17,0,1
BRDA:244,17,1,1
BRDA:248,18,0,0
BRDA:248,18,1,0
BRDA:251,19,0,0
BRDA:251,19,1,0
BRDA:266,20,0,0
BRDA:266,20,1,0
BRDA:271,21,0,0
BRDA:271,21,1,0
BRDA:303,22,0,0
BRDA:303,22,1,0
BRDA:304,23,0,0
BRDA:304,23,1,0
BRDA:356,24,0,0
BRDA:356,24,1,2
BRF:51
BRH:23
end_of_record
TN:
SF:/Users/wangliangjing/WebstormProjects/redux-heaven/src/immutable-ops.js
FN:5,forOwn
FN:13,isArrayLike
FN:23,fastArrayCopy
FN:31,canMutate
FN:37,(anonymous_4)
FN:38,(anonymous_5)
FN:42,addOwnerID
FN:52,prepareNewObject
FN:59,forceArray
FN:68,normalizePath
FN:79,mutableSet
FN:84,mutableSetIn
FN:120,valueInPath
FN:139,immutableSetIn
FN:156,(anonymous_14)
FN:190,mutableMerge
FN:194,(anonymous_16)
FN:195,(anonymous_17)
FN:220,mutableOmit
FN:222,(anonymous_19)
FN:228,_shouldMergeKey
FN:232,immutableMerge
FN:239,(anonymous_22)
FN:247,(anonymous_23)
FN:248,(anonymous_24)
FN:276,immutableArrSet
FN:288,immutableSet
FN:300,immutableOmit
FN:304,(anonymous_28)
FN:310,(anonymous_29)
FN:317,mutableArrPush
FN:323,mutableArrFilter
FN:339,mutableArrSplice
FN:345,mutableArrInsert
FN:349,immutableArrSplice
FN:360,immutableArrInsert
FN:365,immutableArrPush
FN:369,immutableArrFilter
FN:413,getImmutableOps
FN:415,(anonymous_39)
FN:420,(anonymous_40)
FN:425,(anonymous_41)
FN:429,batched
FN:442,(anonymous_43)
FNF:44
FNH:5
FNDA:3,forOwn
FNDA:0,isArrayLike
FNDA:0,fastArrayCopy
FNDA:0,canMutate
FNDA:0,(anonymous_4)
FNDA:0,(anonymous_5)
FNDA:0,addOwnerID
FNDA:0,prepareNewObject
FNDA:0,forceArray
FNDA:0,normalizePath
FNDA:0,mutableSet
FNDA:0,mutableSetIn
FNDA:0,valueInPath
FNDA:0,immutableSetIn
FNDA:0,(anonymous_14)
FNDA:0,mutableMerge
FNDA:0,(anonymous_16)
FNDA:0,(anonymous_17)
FNDA:0,mutableOmit
FNDA:0,(anonymous_19)
FNDA:0,_shouldMergeKey
FNDA:0,immutableMerge
FNDA:0,(anonymous_22)
FNDA:0,(anonymous_23)
FNDA:0,(anonymous_24)
FNDA:0,immutableArrSet
FNDA:0,immutableSet
FNDA:0,immutableOmit
FNDA:0,(anonymous_28)
FNDA:0,(anonymous_29)
FNDA:0,mutableArrPush
FNDA:0,mutableArrFilter
FNDA:0,mutableArrSplice
FNDA:0,mutableArrInsert
FNDA:0,immutableArrSplice
FNDA:0,immutableArrInsert
FNDA:0,immutableArrPush
FNDA:0,immutableArrFilter
FNDA:1,getImmutableOps
FNDA:9,(anonymous_39)
FNDA:9,(anonymous_40)
FNDA:9,(anonymous_41)
FNDA:0,batched
FNDA:0,(anonymous_43)
DA:6,3
DA:7,27
DA:8,27
DA:14,0
DA:21,1
DA:24,0
DA:25,0
DA:26,0
DA:28,0
DA:32,0
DA:33,0
DA:36,1
DA:37,0
DA:38,0
DA:40,1
DA:43,0
DA:49,0
DA:53,0
DA:54,0
DA:56,0
DA:60,0
DA:61,0
DA:63,0
DA:66,1
DA:69,0
DA:70,0
DA:71,0
DA:73,0
DA:76,0
DA:80,0
DA:81,0
DA:85,0
DA:87,0
DA:89,0
DA:90,0
DA:91,0
DA:92,0
DA:94,0
DA:95,0
DA:96,0
DA:97,0
DA:99,0
DA:101,0
DA:102,0
DA:103,0
DA:104,0
DA:105,0
DA:106,0
DA:107,0
DA:111,0
DA:112,0
DA:113,0
DA:117,0
DA:121,0
DA:123,0
DA:124,0
DA:125,0
DA:126,0
DA:127,0
DA:128,0
DA:131,0
DA:132,0
DA:134,0
DA:140,0
DA:142,0
DA:143,0
DA:145,0
DA:148,0
DA:149,0
DA:151,0
DA:154,0
DA:156,0
DA:157,0
DA:158,0
DA:159,0
DA:162,0
DA:163,0
DA:165,0
DA:166,0
DA:167,0
DA:169,0
DA:170,0
DA:171,0
DA:173,0
DA:176,0
DA:177,0
DA:178,0
DA:179,0
DA:180,0
DA:183,0
DA:184,0
DA:187,0
DA:191,0
DA:193,0
DA:194,0
DA:195,0
DA:196,0
DA:198,0
DA:199,0
DA:201,0
DA:204,0
DA:206,0
DA:211,0
DA:214,0
DA:217,1
DA:218,1
DA:221,0
DA:222,0
DA:223,0
DA:225,0
DA:229,0
DA:233,0
DA:234,0
DA:236,0
DA:237,0
DA:239,0
DA:240,0
DA:241,0
DA:242,0
DA:243,0
DA:247,0
DA:248,0
DA:249,0
DA:250,0
DA:251,0
DA:252,0
DA:253,0
DA:255,0
DA:256,0
DA:257,0
DA:260,0
DA:263,0
DA:264,0
DA:265,0
DA:270,0
DA:273,1
DA:274,1
DA:277,0
DA:279,0
DA:281,0
DA:282,0
DA:283,0
DA:285,0
DA:289,0
DA:290,0
DA:292,0
DA:294,0
DA:295,0
DA:296,0
DA:297,0
DA:301,0
DA:303,0
DA:304,0
DA:307,0
DA:309,0
DA:310,0
DA:311,0
DA:313,0
DA:314,0
DA:318,0
DA:319,0
DA:320,0
DA:324,0
DA:325,0
DA:326,0
DA:327,0
DA:328,0
DA:329,0
DA:331,0
DA:333,0
DA:336,0
DA:340,0
DA:341,0
DA:342,0
DA:346,0
DA:350,0
DA:352,0
DA:353,0
DA:354,0
DA:355,0
DA:357,0
DA:361,0
DA:362,0
DA:366,0
DA:370,0
DA:371,0
DA:373,0
DA:375,0
DA:376,0
DA:379,1
DA:396,1
DA:414,1
DA:415,1
DA:416,9
DA:419,1
DA:420,1
DA:421,9
DA:424,1
DA:425,1
DA:426,9
DA:433,0
DA:434,0
DA:435,0
DA:437,0
DA:438,0
DA:441,0
DA:442,0
DA:443,0
DA:445,0
DA:448,1
DA:456,1
LF:211
LH:24
BRDA:7,0,0,27
BRDA:7,0,1,0
BRDA:14,1,0,0
BRDA:14,1,1,0
BRDA:14,1,2,0
BRDA:14,1,3,0
BRDA:14,1,4,0
BRDA:32,2,0,0
BRDA:32,2,1,0
BRDA:36,3,0,1
BRDA:36,3,1,0
BRDA:53,4,0,0
BRDA:53,4,1,0
BRDA:60,5,0,0
BRDA:60,5,1,0
BRDA:69,6,0,0
BRDA:69,6,1,0
BRDA:70,7,0,0
BRDA:70,7,1,0
BRDA:95,8,0,0
BRDA:95,8,1,0
BRDA:101,9,0,0
BRDA:101,9,1,0
BRDA:105,10,0,0
BRDA:105,10,1,0
BRDA:127,11,0,0
BRDA:127,11,1,0
BRDA:131,12,0,0
BRDA:131,12,1,0
BRDA:143,13,0,0
BRDA:143,13,1,0
BRDA:148,14,0,0
BRDA:148,14,1,0
BRDA:157,15,0,0
BRDA:157,15,1,0
BRDA:165,16,0,0
BRDA:165,16,1,0
BRDA:166,17,0,0
BRDA:166,17,1,0
BRDA:176,18,0,0
BRDA:176,18,1,0
BRDA:193,19,0,0
BRDA:193,19,1,0
BRDA:196,20,0,0
BRDA:196,20,1,0
BRDA:196,21,0,0
BRDA:196,21,1,0
BRDA:198,22,0,0
BRDA:198,22,1,0
BRDA:233,23,0,0
BRDA:233,23,1,0
BRDA:240,24,0,0
BRDA:240,24,1,0
BRDA:249,25,0,0
BRDA:249,25,1,0
BRDA:249,26,0,0
BRDA:249,26,1,0
BRDA:251,27,0,0
BRDA:251,27,1,0
BRDA:251,28,0,0
BRDA:251,28,1,0
BRDA:252,29,0,0
BRDA:252,29,1,0
BRDA:255,30,0,0
BRDA:255,30,1,0
BRDA:263,31,0,0
BRDA:263,31,1,0
BRDA:277,32,0,0
BRDA:277,32,1,0
BRDA:279,33,0,0
BRDA:279,33,1,0
BRDA:289,34,0,0
BRDA:289,34,1,0
BRDA:290,35,0,0
BRDA:290,35,1,0
BRDA:292,36,0,0
BRDA:292,36,1,0
BRDA:301,37,0,0
BRDA:301,37,1,0
BRDA:307,38,0,0
BRDA:307,38,1,0
BRDA:328,39,0,0
BRDA:328,39,1,0
BRDA:350,40,0,0
BRDA:350,40,1,0
BRDA:361,41,0,0
BRDA:361,41,1,0
BRDA:370,42,0,0
BRDA:370,42,1,0
BRDA:373,43,0,0
BRDA:373,43,1,0
BRDA:433,44,0,0
BRDA:433,44,1,0
BRF:93
BRH:2
end_of_record
TN:
SF:/Users/wangliangjing/WebstormProjects/redux-heaven/src/index.js
FNF:0
FNH:0
LF:0
LH:0
BRF:0
BRH:0
end_of_record
TN:
SF:/Users/wangliangjing/WebstormProjects/redux-heaven/src/selector.js
FNF:0
FNH:0
LF:0
LH:0
BRF:0
BRH:0
end_of_record
TN:
SF:/Users/wangliangjing/WebstormProjects/redux-heaven/src/utils.js
FN:29,(anonymous_0)
FN:41,(anonymous_1)
FN:56,(anonymous_2)
FN:56,(anonymous_3)
FN:60,(anonymous_4)
FN:60,(anonymous_5)
FN:66,(anonymous_6)
FN:75,(anonymous_7)
FN:81,(anonymous_8)
FN:111,(anonymous_9)
FN:119,(anonymous_10)
FN:124,objectShallowEquals
FN:128,(anonymous_12)
FN:138,arrayDiffActions
FN:152,putCandidateIdKeyIntoObject
FNF:15
FNH:5
FNDA:1,(anonymous_0)
FNDA:0,(anonymous_1)
FNDA:77,(anonymous_2)
FNDA:0,(anonymous_3)
FNDA:0,(anonymous_4)
FNDA:0,(anonymous_5)
FNDA:7,(anonymous_6)
FNDA:7,(anonymous_7)
FNDA:7,(anonymous_8)
FNDA:0,(anonymous_9)
FNDA:0,(anonymous_10)
FNDA:0,objectShallowEquals
FNDA:0,(anonymous_12)
FNDA:0,arrayDiffActions
FNDA:0,putCandidateIdKeyIntoObject
DA:29,1
DA:41,1
DA:54,1
DA:56,77
DA:57,0
DA:60,1
DA:61,0
DA:63,0
DA:66,1
DA:67,7
DA:69,7
DA:70,7
DA:71,7
DA:75,1
DA:76,7
DA:81,7
DA:82,7
DA:83,77
DA:84,77
DA:85,77
DA:86,77
DA:87,77
DA:88,0
DA:89,0
DA:90,0
DA:91,77
DA:92,77
DA:93,77
DA:96,77
DA:97,77
DA:111,1
DA:112,0
DA:113,0
DA:116,0
DA:119,1
DA:125,0
DA:128,0
DA:129,0
DA:130,0
DA:132,0
DA:135,0
DA:139,0
DA:140,0
DA:141,0
DA:143,0
DA:144,0
DA:149,0
DA:153,0
DA:154,0
DA:155,0
DA:156,0
DA:157,0
LF:52
LH:26
BRDA:86,0,0,77
BRDA:86,0,1,0
BRDA:87,1,0,0
BRDA:87,1,1,77
BRDA:91,2,0,77
BRDA:91,2,1,0
BRDA:96,3,0,77
BRDA:96,3,1,0
BRDA:112,4,0,0
BRDA:112,4,1,0
BRDA:116,5,0,0
BRDA:116,5,1,0
BRDA:129,6,0,0
BRDA:129,6,1,0
BRDA:129,7,0,0
BRDA:129,7,1,0
BRDA:143,8,0,0
BRDA:143,8,1,0
BRDA:143,9,0,0
BRDA:143,9,1,0
BRDA:153,10,0,0
BRDA:153,10,1,0
BRDA:155,11,0,0
BRDA:155,11,1,0
BRF:24
BRH:4
end_of_record
